#
# There is insufficient memory for the Java Runtime Environment to continue.
# Native memory allocation (malloc) failed to allocate 1776336 bytes for Chunk::new
# Possible reasons:
#   The system is out of physical RAM or swap space
#   The process is running with CompressedOops enabled, and the Java Heap may be blocking the growth of the native heap
# Possible solutions:
#   Reduce memory load on the system
#   Increase physical memory or swap space
#   Check if swap backing store is full
#   Decrease Java heap size (-Xmx/-Xms)
#   Decrease number of Java threads
#   Decrease Java thread stack sizes (-Xss)
#   Set larger code cache with -XX:ReservedCodeCacheSize=
#   JVM is running with Unscaled Compressed Oops mode in which the Java heap is
#     placed in the first 4GB address space. The Java Heap base address is the
#     maximum limit for the native heap growth. Please use -XX:HeapBaseMinAddress
#     to set the Java Heap base and to place the Java Heap above 4GB virtual address.
# This output file may be truncated or incomplete.
#
#  Out of Memory Error (./src/hotspot/share/memory/arena.cpp:197), pid=16372, tid=7556
#
# JRE version: OpenJDK Runtime Environment (11.0.11+9) (build 11.0.11+9-b60-7590822)
# Java VM: OpenJDK 64-Bit Server VM (11.0.11+9-b60-7590822, mixed mode, tiered, compressed oops, g1 gc, windows-amd64)
# No core dump will be written. Minidumps are not enabled by default on client versions of Windows
#

---------------  S U M M A R Y ------------

Command Line: --add-opens=java.base/java.util=ALL-UNNAMED --add-opens=java.base/java.lang=ALL-UNNAMED --add-opens=java.base/java.lang.invoke=ALL-UNNAMED --add-opens=java.base/java.util=ALL-UNNAMED --add-opens=java.prefs/java.util.prefs=ALL-UNNAMED --add-opens=java.prefs/java.util.prefs=ALL-UNNAMED --add-opens=java.base/java.nio.charset=ALL-UNNAMED --add-opens=java.base/java.net=ALL-UNNAMED --add-opens=java.base/java.util.concurrent.atomic=ALL-UNNAMED -Xmx2048m -Dfile.encoding=UTF-8 -Duser.country=CI -Duser.language=fr -Duser.variant org.gradle.launcher.daemon.bootstrap.GradleDaemon 7.2

Host: Intel(R) Core(TM) i5-5300U CPU @ 2.30GHz, 4 cores, 7G,  Windows 10 , 64 bit Build 19041 (10.0.19041.1566)
Time: Sat Mar 12 09:24:09 2022 Greenwich elapsed time: 51.553394 seconds (0d 0h 0m 51s)

---------------  T H R E A D  ---------------

Current thread (0x000001707cfcb800):  JavaThread "C2 CompilerThread1" daemon [_thread_in_native, id=7556, stack(0x0000000105f00000,0x0000000106000000)]


Current CompileTask:
C2:  51553 5632       4       groovyjarjarantlr4.v4.runtime.atn.PredictionContext::join (569 bytes)

Stack: [0x0000000105f00000,0x0000000106000000]
Native frames: (J=compiled Java code, j=interpreted, Vv=VM code, C=native code)
V  [jvm.dll+0x5f214a]
V  [jvm.dll+0x726fb5]
V  [jvm.dll+0x7285cd]
V  [jvm.dll+0x728c83]
V  [jvm.dll+0x243278]
V  [jvm.dll+0xbc53c]
V  [jvm.dll+0xbca3c]
V  [jvm.dll+0x353e3b]
V  [jvm.dll+0x321893]
V  [jvm.dll+0x320d8a]
V  [jvm.dll+0x1fc1e2]
V  [jvm.dll+0x1fb3d4]
V  [jvm.dll+0x183d6c]
V  [jvm.dll+0x209a57]
V  [jvm.dll+0x2082a1]
V  [jvm.dll+0x6ef58f]
V  [jvm.dll+0x6e80b5]
V  [jvm.dll+0x5f1036]
C  [ucrtbase.dll+0x21bb2]
C  [KERNEL32.DLL+0x17034]
C  [ntdll.dll+0x52651]


---------------  P R O C E S S  ---------------

Threads class SMR info:
_java_thread_list=0x000001707b0146f0, length=78, elements={
0x000001705c8fe000, 0x0000017078459000, 0x0000017078462000, 0x0000017078473800,
0x0000017078474800, 0x0000017078478800, 0x0000017078483800, 0x0000017078488000,
0x0000017078489000, 0x0000017078f5d000, 0x0000017079941800, 0x0000017079ee0800,
0x000001707a145000, 0x000001707a9ae800, 0x000001707a1dc800, 0x0000017079969800,
0x0000017079a5f800, 0x0000017079e8a800, 0x000001707a800800, 0x0000017079aec000,
0x0000017079aec800, 0x0000017079aed800, 0x0000017079aea000, 0x0000017079ae9800,
0x0000017079aeb000, 0x0000017079af0000, 0x0000017079aee800, 0x0000017079aef000,
0x000001707a96a000, 0x000001707a968800, 0x000001707a96b800, 0x000001707a96b000,
0x000001707a96c800, 0x000001707a96e000, 0x000001707a969000, 0x000001707cafa000,
0x000001707caf9000, 0x000001707caf6000, 0x000001707caf6800, 0x000001707caf7800,
0x000001707cafa800, 0x000001707caf5000, 0x000001707cafb800, 0x000001707cafc800,
0x000001707caf8800, 0x000001707caff800, 0x000001707cb02000, 0x000001707cb01800,
0x000001707cb00800, 0x000001707cb03000, 0x000001707cafd000, 0x000001707caff000,
0x000001707cb03800, 0x000001707cafe000, 0x000001707a956000, 0x000001707a959000,
0x000001707a956800, 0x000001707a957800, 0x000001707a95a000, 0x000001707a954800,
0x000001707a955000, 0x000001707a95b800, 0x000001707a958800, 0x000001707a95f000,
0x000001707a95d800, 0x000001707a95f800, 0x000001707a95e000, 0x000001707a960800,
0x000001707a95b000, 0x000001707a961800, 0x000001707a962000, 0x000001707a95c800,
0x000001707a963000, 0x000001707a997800, 0x000001707a992000, 0x000001707a992800,
0x000001707a999000, 0x000001707cfcb800
}

Java Threads: ( => current thread )
  0x000001705c8fe000 JavaThread "main" [_thread_blocked, id=13044, stack(0x0000000100600000,0x0000000100700000)]
  0x0000017078459000 JavaThread "Reference Handler" daemon [_thread_blocked, id=13196, stack(0x0000000100d00000,0x0000000100e00000)]
  0x0000017078462000 JavaThread "Finalizer" daemon [_thread_blocked, id=11708, stack(0x0000000100e00000,0x0000000100f00000)]
  0x0000017078473800 JavaThread "Signal Dispatcher" daemon [_thread_blocked, id=15652, stack(0x0000000100f00000,0x0000000101000000)]
  0x0000017078474800 JavaThread "Attach Listener" daemon [_thread_blocked, id=12444, stack(0x0000000101000000,0x0000000101100000)]
  0x0000017078478800 JavaThread "Service Thread" daemon [_thread_blocked, id=12028, stack(0x0000000101100000,0x0000000101200000)]
  0x0000017078483800 JavaThread "C2 CompilerThread0" daemon [_thread_in_native, id=9892, stack(0x0000000101200000,0x0000000101300000)]
  0x0000017078488000 JavaThread "C1 CompilerThread0" daemon [_thread_blocked, id=7264, stack(0x0000000101300000,0x0000000101400000)]
  0x0000017078489000 JavaThread "Sweeper thread" daemon [_thread_blocked, id=8780, stack(0x0000000101400000,0x0000000101500000)]
  0x0000017078f5d000 JavaThread "Common-Cleaner" daemon [_thread_blocked, id=6772, stack(0x0000000101500000,0x0000000101600000)]
  0x0000017079941800 JavaThread "Daemon health stats" [_thread_blocked, id=8644, stack(0x0000000101800000,0x0000000101900000)]
  0x0000017079ee0800 JavaThread "Incoming local TCP Connector on port 52413" [_thread_in_native, id=14848, stack(0x0000000101900000,0x0000000101a00000)]
  0x000001707a145000 JavaThread "Daemon periodic checks" [_thread_blocked, id=12836, stack(0x0000000101a00000,0x0000000101b00000)]
  0x000001707a9ae800 JavaThread "Daemon" [_thread_blocked, id=17020, stack(0x0000000101b00000,0x0000000101c00000)]
  0x000001707a1dc800 JavaThread "Handler for socket connection from /127.0.0.1:52413 to /127.0.0.1:52414" [_thread_in_native, id=12912, stack(0x0000000101c00000,0x0000000101d00000)]
  0x0000017079969800 JavaThread "Cancel handler" [_thread_blocked, id=3556, stack(0x0000000101d00000,0x0000000101e00000)]
  0x0000017079a5f800 JavaThread "Daemon worker" [_thread_in_vm, id=16600, stack(0x0000000101e00000,0x0000000101f00000)]
  0x0000017079e8a800 JavaThread "Asynchronous log dispatcher for DefaultDaemonConnection: socket connection from /127.0.0.1:52413 to /127.0.0.1:52414" [_thread_blocked, id=6044, stack(0x0000000101f00000,0x0000000102000000)]
  0x000001707a800800 JavaThread "Stdin handler" [_thread_blocked, id=5188, stack(0x0000000102000000,0x0000000102100000)]
  0x0000017079aec000 JavaThread "Daemon client event forwarder" [_thread_blocked, id=13352, stack(0x0000000102100000,0x0000000102200000)]
  0x0000017079aec800 JavaThread "Cache worker for journal cache (C:\Users\DELL\.gradle\caches\journal-1)" [_thread_blocked, id=13948, stack(0x0000000102200000,0x0000000102300000)]
  0x0000017079aed800 JavaThread "File lock request listener" [_thread_in_native, id=792, stack(0x0000000102300000,0x0000000102400000)]
  0x0000017079aea000 JavaThread "Cache worker for file hash cache (C:\Users\DELL\.gradle\caches\7.2\fileHashes)" [_thread_blocked, id=14920, stack(0x0000000102400000,0x0000000102500000)]
  0x0000017079ae9800 JavaThread "Cache worker for file hash cache (C:\INPHB\.gradle\7.2\fileHashes)" [_thread_blocked, id=3912, stack(0x0000000102800000,0x0000000102900000)]
  0x0000017079aeb000 JavaThread "File watcher server" daemon [_thread_in_native, id=6428, stack(0x0000000102700000,0x0000000102800000)]
  0x0000017079af0000 JavaThread "File watcher consumer" daemon [_thread_blocked, id=11784, stack(0x0000000102900000,0x0000000102a00000)]
  0x0000017079aee800 JavaThread "Cache worker for checksums cache (C:\INPHB\.gradle\checksums)" [_thread_blocked, id=9424, stack(0x0000000102a00000,0x0000000102b00000)]
  0x0000017079aef000 JavaThread "Cache worker for cache directory md-supplier (C:\Users\DELL\.gradle\caches\7.2\md-supplier)" [_thread_blocked, id=14776, stack(0x0000000102b00000,0x0000000102c00000)]
  0x000001707a96a000 JavaThread "Cache worker for cache directory md-rule (C:\Users\DELL\.gradle\caches\7.2\md-rule)" [_thread_blocked, id=8048, stack(0x0000000102c00000,0x0000000102d00000)]
  0x000001707a968800 JavaThread "Cache worker for execution history cache (C:\Users\DELL\.gradle\caches\7.2\executionHistory)" [_thread_blocked, id=9880, stack(0x0000000102d00000,0x0000000102e00000)]
  0x000001707a96b800 JavaThread "jar transforms" [_thread_blocked, id=14740, stack(0x0000000102f00000,0x0000000103000000)]
  0x000001707a96b000 JavaThread "Cache worker for file content cache (C:\Users\DELL\.gradle\caches\7.2\fileContent)" [_thread_blocked, id=2944, stack(0x0000000103000000,0x0000000103100000)]
  0x000001707a96c800 JavaThread "jar transforms Thread 2" [_thread_blocked, id=11500, stack(0x0000000103100000,0x0000000103200000)]
  0x000001707a96e000 JavaThread "Cache worker for dependencies-accessors (C:\INPHB\.gradle\7.2\dependencies-accessors)" [_thread_blocked, id=6180, stack(0x0000000103200000,0x0000000103300000)]
  0x000001707a969000 JavaThread "jar transforms Thread 3" [_thread_blocked, id=4384, stack(0x0000000102e00000,0x0000000102f00000)]
  0x000001707cafa000 JavaThread "Cache worker for Build Output Cleanup Cache (C:\INPHB\.gradle\buildOutputCleanup)" [_thread_blocked, id=10876, stack(0x0000000103300000,0x0000000103400000)]
  0x000001707caf9000 JavaThread "Unconstrained build operations" [_thread_blocked, id=14780, stack(0x0000000103400000,0x0000000103500000)]
  0x000001707caf6000 JavaThread "Unconstrained build operations Thread 2" [_thread_blocked, id=5880, stack(0x0000000103500000,0x0000000103600000)]
  0x000001707caf6800 JavaThread "Unconstrained build operations Thread 3" [_thread_blocked, id=6272, stack(0x0000000103600000,0x0000000103700000)]
  0x000001707caf7800 JavaThread "Unconstrained build operations Thread 4" [_thread_blocked, id=6140, stack(0x0000000103700000,0x0000000103800000)]
  0x000001707cafa800 JavaThread "Unconstrained build operations Thread 5" [_thread_blocked, id=12520, stack(0x0000000103800000,0x0000000103900000)]
  0x000001707caf5000 JavaThread "Unconstrained build operations Thread 6" [_thread_blocked, id=14460, stack(0x0000000103900000,0x0000000103a00000)]
  0x000001707cafb800 JavaThread "Unconstrained build operations Thread 7" [_thread_blocked, id=4620, stack(0x0000000103a00000,0x0000000103b00000)]
  0x000001707cafc800 JavaThread "Unconstrained build operations Thread 8" [_thread_blocked, id=16064, stack(0x0000000103b00000,0x0000000103c00000)]
  0x000001707caf8800 JavaThread "Unconstrained build operations Thread 9" [_thread_blocked, id=13492, stack(0x0000000103c00000,0x0000000103d00000)]
  0x000001707caff800 JavaThread "Unconstrained build operations Thread 10" [_thread_blocked, id=8392, stack(0x0000000103d00000,0x0000000103e00000)]
  0x000001707cb02000 JavaThread "Unconstrained build operations Thread 11" [_thread_blocked, id=9464, stack(0x0000000103e00000,0x0000000103f00000)]
  0x000001707cb01800 JavaThread "Unconstrained build operations Thread 12" [_thread_blocked, id=8380, stack(0x0000000103f00000,0x0000000104000000)]
  0x000001707cb00800 JavaThread "Unconstrained build operations Thread 13" [_thread_blocked, id=6996, stack(0x0000000104000000,0x0000000104100000)]
  0x000001707cb03000 JavaThread "Unconstrained build operations Thread 14" [_thread_blocked, id=10208, stack(0x0000000104100000,0x0000000104200000)]
  0x000001707cafd000 JavaThread "Unconstrained build operations Thread 15" [_thread_blocked, id=17304, stack(0x0000000104200000,0x0000000104300000)]
  0x000001707caff000 JavaThread "Unconstrained build operations Thread 16" [_thread_blocked, id=15844, stack(0x0000000104300000,0x0000000104400000)]
  0x000001707cb03800 JavaThread "Unconstrained build operations Thread 17" [_thread_blocked, id=13404, stack(0x0000000104400000,0x0000000104500000)]
  0x000001707cafe000 JavaThread "Unconstrained build operations Thread 18" [_thread_blocked, id=16592, stack(0x0000000104500000,0x0000000104600000)]
  0x000001707a956000 JavaThread "Unconstrained build operations Thread 19" [_thread_blocked, id=11296, stack(0x0000000104600000,0x0000000104700000)]
  0x000001707a959000 JavaThread "Unconstrained build operations Thread 20" [_thread_blocked, id=6104, stack(0x0000000104700000,0x0000000104800000)]
  0x000001707a956800 JavaThread "Unconstrained build operations Thread 21" [_thread_blocked, id=13972, stack(0x0000000104800000,0x0000000104900000)]
  0x000001707a957800 JavaThread "Unconstrained build operations Thread 22" [_thread_blocked, id=7780, stack(0x0000000104900000,0x0000000104a00000)]
  0x000001707a95a000 JavaThread "Unconstrained build operations Thread 23" [_thread_blocked, id=16920, stack(0x0000000104a00000,0x0000000104b00000)]
  0x000001707a954800 JavaThread "Unconstrained build operations Thread 24" [_thread_blocked, id=8520, stack(0x0000000104b00000,0x0000000104c00000)]
  0x000001707a955000 JavaThread "Unconstrained build operations Thread 25" [_thread_blocked, id=4884, stack(0x0000000104c00000,0x0000000104d00000)]
  0x000001707a95b800 JavaThread "Unconstrained build operations Thread 26" [_thread_blocked, id=13576, stack(0x0000000104d00000,0x0000000104e00000)]
  0x000001707a958800 JavaThread "Unconstrained build operations Thread 27" [_thread_blocked, id=13396, stack(0x0000000104e00000,0x0000000104f00000)]
  0x000001707a95f000 JavaThread "Unconstrained build operations Thread 28" [_thread_blocked, id=17072, stack(0x0000000104f00000,0x0000000105000000)]
  0x000001707a95d800 JavaThread "Unconstrained build operations Thread 29" [_thread_blocked, id=4556, stack(0x0000000105000000,0x0000000105100000)]
  0x000001707a95f800 JavaThread "Unconstrained build operations Thread 30" [_thread_blocked, id=268, stack(0x0000000105100000,0x0000000105200000)]
  0x000001707a95e000 JavaThread "Unconstrained build operations Thread 31" [_thread_blocked, id=8808, stack(0x0000000105200000,0x0000000105300000)]
  0x000001707a960800 JavaThread "Unconstrained build operations Thread 32" [_thread_blocked, id=6760, stack(0x0000000105300000,0x0000000105400000)]
  0x000001707a95b000 JavaThread "Unconstrained build operations Thread 33" [_thread_blocked, id=6024, stack(0x0000000105400000,0x0000000105500000)]
  0x000001707a961800 JavaThread "Unconstrained build operations Thread 34" [_thread_blocked, id=10940, stack(0x0000000105500000,0x0000000105600000)]
  0x000001707a962000 JavaThread "Unconstrained build operations Thread 35" [_thread_blocked, id=6352, stack(0x0000000105600000,0x0000000105700000)]
  0x000001707a95c800 JavaThread "Unconstrained build operations Thread 36" [_thread_blocked, id=5520, stack(0x0000000105700000,0x0000000105800000)]
  0x000001707a963000 JavaThread "Unconstrained build operations Thread 37" [_thread_blocked, id=16556, stack(0x0000000105800000,0x0000000105900000)]
  0x000001707a997800 JavaThread "Unconstrained build operations Thread 38" [_thread_blocked, id=11368, stack(0x0000000105900000,0x0000000105a00000)]
  0x000001707a992000 JavaThread "Unconstrained build operations Thread 39" [_thread_blocked, id=14000, stack(0x0000000105a00000,0x0000000105b00000)]
  0x000001707a992800 JavaThread "Unconstrained build operations Thread 40" [_thread_blocked, id=8184, stack(0x0000000105b00000,0x0000000105c00000)]
  0x000001707a999000 JavaThread "jar transforms Thread 4" [_thread_blocked, id=15660, stack(0x0000000105c00000,0x0000000105d00000)]
=>0x000001707cfcb800 JavaThread "C2 CompilerThread1" daemon [_thread_in_native, id=7556, stack(0x0000000105f00000,0x0000000106000000)]

Other Threads:
  0x0000017078452800 VMThread "VM Thread" [stack: 0x0000000100c00000,0x0000000100d00000] [id=15684]
  0x0000017078f82000 WatcherThread [stack: 0x0000000101600000,0x0000000101700000] [id=9560]
  0x000001705c917000 GCTaskThread "GC Thread#0" [stack: 0x0000000100700000,0x0000000100800000] [id=16680]
  0x0000017079509800 GCTaskThread "GC Thread#1" [stack: 0x0000000101700000,0x0000000101800000] [id=12008]
  0x0000017079b68800 GCTaskThread "GC Thread#2" [stack: 0x0000000102500000,0x0000000102600000] [id=12744]
  0x000001707a861000 GCTaskThread "GC Thread#3" [stack: 0x0000000102600000,0x0000000102700000] [id=10400]
  0x000001705c946800 ConcurrentGCThread "G1 Main Marker" [stack: 0x0000000100800000,0x0000000100900000] [id=14056]
  0x000001705c948000 ConcurrentGCThread "G1 Conc#0" [stack: 0x0000000100900000,0x0000000100a00000] [id=8376]
  0x00000170782a7000 ConcurrentGCThread "G1 Refine#0" [stack: 0x0000000100a00000,0x0000000100b00000] [id=5868]
  0x00000170782a8800 ConcurrentGCThread "G1 Young RemSet Sampling" [stack: 0x0000000100b00000,0x0000000100c00000] [id=7696]

Threads with active compile tasks:
C2 CompilerThread0  51703 5577       4       groovyjarjarantlr4.v4.runtime.atn.ParserATNSimulator::closure (784 bytes)
C2 CompilerThread1  51703 5632       4       groovyjarjarantlr4.v4.runtime.atn.PredictionContext::join (569 bytes)

VM state:not at safepoint (normal execution)

VM Mutex/Monitor currently owned by a thread: None

Heap address: 0x0000000080000000, size: 2048 MB, Compressed Oops mode: 32-bit
Narrow klass base: 0x0000017000000000, Narrow klass shift: 0
Compressed class space size: 1073741824 Address: 0x0000017000000000

Heap:
 garbage-first heap   total 126976K, used 65425K [0x0000000080000000, 0x0000000100000000)
  region size 1024K, 32 young (32768K), 9 survivors (9216K)
 Metaspace       used 51605K, capacity 52827K, committed 53116K, reserved 1095680K
  class space    used 6665K, capacity 7115K, committed 7168K, reserved 1048576K
Heap Regions: E=young(eden), S=young(survivor), O=old, HS=humongous(starts), HC=humongous(continues), CS=collection set, F=free, A=archive, TAMS=top-at-mark-start (previous, next)
|   0|0x0000000080000000, 0x0000000080100000, 0x0000000080100000|100%| O|  |TAMS 0x0000000080100000, 0x0000000080000000| Untracked 
|   1|0x0000000080100000, 0x0000000080200000, 0x0000000080200000|100%| O|  |TAMS 0x0000000080200000, 0x0000000080100000| Untracked 
|   2|0x0000000080200000, 0x0000000080300000, 0x0000000080300000|100%| O|  |TAMS 0x0000000080300000, 0x0000000080200000| Untracked 
|   3|0x0000000080300000, 0x0000000080400000, 0x0000000080400000|100%|HS|  |TAMS 0x0000000080400000, 0x0000000080300000| Complete 
|   4|0x0000000080400000, 0x0000000080500000, 0x0000000080500000|100%|HC|  |TAMS 0x0000000080500000, 0x0000000080400000| Complete 
|   5|0x0000000080500000, 0x0000000080600000, 0x0000000080600000|100%|HC|  |TAMS 0x0000000080600000, 0x0000000080500000| Complete 
|   6|0x0000000080600000, 0x0000000080700000, 0x0000000080700000|100%| O|  |TAMS 0x0000000080700000, 0x0000000080600000| Untracked 
|   7|0x0000000080700000, 0x0000000080800000, 0x0000000080800000|100%| O|  |TAMS 0x0000000080800000, 0x0000000080700000| Untracked 
|   8|0x0000000080800000, 0x0000000080900000, 0x0000000080900000|100%| O|  |TAMS 0x0000000080900000, 0x0000000080800000| Untracked 
|   9|0x0000000080900000, 0x0000000080a00000, 0x0000000080a00000|100%| O|  |TAMS 0x0000000080a00000, 0x0000000080900000| Untracked 
|  10|0x0000000080a00000, 0x0000000080b00000, 0x0000000080b00000|100%| O|  |TAMS 0x0000000080b00000, 0x0000000080a00000| Untracked 
|  11|0x0000000080b00000, 0x0000000080c00000, 0x0000000080c00000|100%| O|  |TAMS 0x0000000080c00000, 0x0000000080b00000| Untracked 
|  12|0x0000000080c00000, 0x0000000080d00000, 0x0000000080d00000|100%| O|  |TAMS 0x0000000080d00000, 0x0000000080c00000| Untracked 
|  13|0x0000000080d00000, 0x0000000080e00000, 0x0000000080e00000|100%| O|  |TAMS 0x0000000080e00000, 0x0000000080d00000| Untracked 
|  14|0x0000000080e00000, 0x0000000080f00000, 0x0000000080f00000|100%| O|  |TAMS 0x0000000080f00000, 0x0000000080e00000| Untracked 
|  15|0x0000000080f00000, 0x0000000081000000, 0x0000000081000000|100%| O|  |TAMS 0x0000000081000000, 0x0000000080f00000| Untracked 
|  16|0x0000000081000000, 0x0000000081100000, 0x0000000081100000|100%| O|  |TAMS 0x00000000810f5a00, 0x0000000081000000| Untracked 
|  17|0x0000000081100000, 0x0000000081200000, 0x0000000081200000|100%|HS|  |TAMS 0x0000000081100000, 0x0000000081100000| Complete 
|  18|0x0000000081200000, 0x0000000081300000, 0x0000000081300000|100%| O|  |TAMS 0x0000000081200000, 0x0000000081200000| Untracked 
|  19|0x0000000081300000, 0x0000000081400000, 0x0000000081400000|100%| O|  |TAMS 0x0000000081300000, 0x0000000081300000| Untracked 
|  20|0x0000000081400000, 0x0000000081500000, 0x0000000081500000|100%| O|  |TAMS 0x0000000081400000, 0x0000000081400000| Untracked 
|  21|0x0000000081500000, 0x0000000081600000, 0x0000000081600000|100%| O|  |TAMS 0x0000000081500000, 0x0000000081500000| Untracked 
|  22|0x0000000081600000, 0x0000000081700000, 0x0000000081700000|100%| O|  |TAMS 0x0000000081600000, 0x0000000081600000| Untracked 
|  23|0x0000000081700000, 0x0000000081800000, 0x0000000081800000|100%| O|  |TAMS 0x0000000081700000, 0x0000000081700000| Untracked 
|  24|0x0000000081800000, 0x0000000081900000, 0x0000000081900000|100%| O|  |TAMS 0x0000000081800000, 0x0000000081800000| Untracked 
|  25|0x0000000081900000, 0x0000000081a00000, 0x0000000081a00000|100%| O|  |TAMS 0x0000000081900000, 0x0000000081900000| Untracked 
|  26|0x0000000081a00000, 0x0000000081b00000, 0x0000000081b00000|100%| O|  |TAMS 0x0000000081a00000, 0x0000000081a00000| Untracked 
|  27|0x0000000081b00000, 0x0000000081c00000, 0x0000000081c00000|100%| O|  |TAMS 0x0000000081b00000, 0x0000000081b00000| Untracked 
|  28|0x0000000081c00000, 0x0000000081d00000, 0x0000000081d00000|100%|HS|  |TAMS 0x0000000081c00000, 0x0000000081c00000| Complete 
|  29|0x0000000081d00000, 0x0000000081e00000, 0x0000000081e00000|100%|HS|  |TAMS 0x0000000081d00000, 0x0000000081d00000| Complete 
|  30|0x0000000081e00000, 0x0000000081f00000, 0x0000000081f00000|100%|HS|  |TAMS 0x0000000081e00000, 0x0000000081e00000| Complete 
|  31|0x0000000081f00000, 0x0000000082000000, 0x0000000082000000|100%|HC|  |TAMS 0x0000000081f00000, 0x0000000081f00000| Complete 
|  32|0x0000000082000000, 0x00000000820e4400, 0x0000000082100000| 89%| O|  |TAMS 0x0000000082000000, 0x0000000082000000| Untracked 
|  33|0x0000000082100000, 0x0000000082100000, 0x0000000082200000|  0%| F|  |TAMS 0x0000000082100000, 0x0000000082100000| Untracked 
|  34|0x0000000082200000, 0x0000000082200000, 0x0000000082300000|  0%| F|  |TAMS 0x0000000082200000, 0x0000000082200000| Untracked 
|  35|0x0000000082300000, 0x0000000082300000, 0x0000000082400000|  0%| F|  |TAMS 0x0000000082300000, 0x0000000082300000| Untracked 
|  36|0x0000000082400000, 0x0000000082400000, 0x0000000082500000|  0%| F|  |TAMS 0x0000000082400000, 0x0000000082400000| Untracked 
|  37|0x0000000082500000, 0x0000000082500000, 0x0000000082600000|  0%| F|  |TAMS 0x0000000082500000, 0x0000000082500000| Untracked 
|  38|0x0000000082600000, 0x0000000082600000, 0x0000000082700000|  0%| F|  |TAMS 0x0000000082600000, 0x0000000082600000| Untracked 
|  39|0x0000000082700000, 0x0000000082700000, 0x0000000082800000|  0%| F|  |TAMS 0x0000000082700000, 0x0000000082700000| Untracked 
|  40|0x0000000082800000, 0x0000000082800000, 0x0000000082900000|  0%| F|  |TAMS 0x0000000082800000, 0x0000000082800000| Untracked 
|  41|0x0000000082900000, 0x0000000082900000, 0x0000000082a00000|  0%| F|  |TAMS 0x0000000082900000, 0x0000000082900000| Untracked 
|  42|0x0000000082a00000, 0x0000000082a00000, 0x0000000082b00000|  0%| F|  |TAMS 0x0000000082a00000, 0x0000000082a00000| Untracked 
|  43|0x0000000082b00000, 0x0000000082b00000, 0x0000000082c00000|  0%| F|  |TAMS 0x0000000082b00000, 0x0000000082b00000| Untracked 
|  44|0x0000000082c00000, 0x0000000082c00000, 0x0000000082d00000|  0%| F|  |TAMS 0x0000000082c00000, 0x0000000082c00000| Untracked 
|  45|0x0000000082d00000, 0x0000000082d00000, 0x0000000082e00000|  0%| F|  |TAMS 0x0000000082d00000, 0x0000000082d00000| Untracked 
|  46|0x0000000082e00000, 0x0000000082e00000, 0x0000000082f00000|  0%| F|  |TAMS 0x0000000082e00000, 0x0000000082e00000| Untracked 
|  47|0x0000000082f00000, 0x0000000082f00000, 0x0000000083000000|  0%| F|  |TAMS 0x0000000082f00000, 0x0000000082f00000| Untracked 
|  48|0x0000000083000000, 0x0000000083000000, 0x0000000083100000|  0%| F|  |TAMS 0x0000000083000000, 0x0000000083000000| Untracked 
|  49|0x0000000083100000, 0x0000000083200000, 0x0000000083200000|100%| S|CS|TAMS 0x0000000083100000, 0x0000000083100000| Complete 
|  50|0x0000000083200000, 0x0000000083300000, 0x0000000083300000|100%| S|CS|TAMS 0x0000000083200000, 0x0000000083200000| Complete 
|  51|0x0000000083300000, 0x0000000083400000, 0x0000000083400000|100%| S|CS|TAMS 0x0000000083300000, 0x0000000083300000| Complete 
|  52|0x0000000083400000, 0x0000000083500000, 0x0000000083500000|100%| S|CS|TAMS 0x0000000083400000, 0x0000000083400000| Complete 
|  53|0x0000000083500000, 0x0000000083600000, 0x0000000083600000|100%| S|CS|TAMS 0x0000000083500000, 0x0000000083500000| Complete 
|  54|0x0000000083600000, 0x0000000083700000, 0x0000000083700000|100%| S|CS|TAMS 0x0000000083600000, 0x0000000083600000| Complete 
|  55|0x0000000083700000, 0x0000000083800000, 0x0000000083800000|100%| S|CS|TAMS 0x0000000083700000, 0x0000000083700000| Complete 
|  56|0x0000000083800000, 0x0000000083900000, 0x0000000083900000|100%| S|CS|TAMS 0x0000000083800000, 0x0000000083800000| Complete 
|  57|0x0000000083900000, 0x0000000083a00000, 0x0000000083a00000|100%| S|CS|TAMS 0x0000000083900000, 0x0000000083900000| Complete 
|  58|0x0000000083a00000, 0x0000000083a00000, 0x0000000083b00000|  0%| F|  |TAMS 0x0000000083a00000, 0x0000000083a00000| Untracked 
|  59|0x0000000083b00000, 0x0000000083b00000, 0x0000000083c00000|  0%| F|  |TAMS 0x0000000083b00000, 0x0000000083b00000| Untracked 
|  60|0x0000000083c00000, 0x0000000083c00000, 0x0000000083d00000|  0%| F|  |TAMS 0x0000000083c00000, 0x0000000083c00000| Untracked 
|  61|0x0000000083d00000, 0x0000000083d00000, 0x0000000083e00000|  0%| F|  |TAMS 0x0000000083d00000, 0x0000000083d00000| Untracked 
|  62|0x0000000083e00000, 0x0000000083e00000, 0x0000000083f00000|  0%| F|  |TAMS 0x0000000083e00000, 0x0000000083e00000| Untracked 
|  63|0x0000000083f00000, 0x0000000083f00000, 0x0000000084000000|  0%| F|  |TAMS 0x0000000083f00000, 0x0000000083f00000| Untracked 
|  64|0x0000000084000000, 0x0000000084000000, 0x0000000084100000|  0%| F|  |TAMS 0x0000000084000000, 0x0000000084000000| Untracked 
|  65|0x0000000084100000, 0x0000000084100000, 0x0000000084200000|  0%| F|  |TAMS 0x0000000084100000, 0x0000000084100000| Untracked 
|  66|0x0000000084200000, 0x0000000084200000, 0x0000000084300000|  0%| F|  |TAMS 0x0000000084200000, 0x0000000084200000| Untracked 
|  67|0x0000000084300000, 0x0000000084300000, 0x0000000084400000|  0%| F|  |TAMS 0x0000000084300000, 0x0000000084300000| Untracked 
|  68|0x0000000084400000, 0x0000000084400000, 0x0000000084500000|  0%| F|  |TAMS 0x0000000084400000, 0x0000000084400000| Untracked 
|  69|0x0000000084500000, 0x0000000084500000, 0x0000000084600000|  0%| F|  |TAMS 0x0000000084500000, 0x0000000084500000| Untracked 
|  70|0x0000000084600000, 0x0000000084600000, 0x0000000084700000|  0%| F|  |TAMS 0x0000000084600000, 0x0000000084600000| Untracked 
|  71|0x0000000084700000, 0x0000000084700000, 0x0000000084800000|  0%| F|  |TAMS 0x0000000084700000, 0x0000000084700000| Untracked 
|  72|0x0000000084800000, 0x0000000084800000, 0x0000000084900000|  0%| F|  |TAMS 0x0000000084800000, 0x0000000084800000| Untracked 
|  73|0x0000000084900000, 0x0000000084900000, 0x0000000084a00000|  0%| F|  |TAMS 0x0000000084900000, 0x0000000084900000| Untracked 
|  74|0x0000000084a00000, 0x0000000084a00000, 0x0000000084b00000|  0%| F|  |TAMS 0x0000000084a00000, 0x0000000084a00000| Untracked 
|  75|0x0000000084b00000, 0x0000000084b00000, 0x0000000084c00000|  0%| F|  |TAMS 0x0000000084b00000, 0x0000000084b00000| Untracked 
|  76|0x0000000084c00000, 0x0000000084c00000, 0x0000000084d00000|  0%| F|  |TAMS 0x0000000084c00000, 0x0000000084c00000| Untracked 
|  77|0x0000000084d00000, 0x0000000084d00000, 0x0000000084e00000|  0%| F|  |TAMS 0x0000000084d00000, 0x0000000084d00000| Untracked 
|  78|0x0000000084e00000, 0x0000000084e00000, 0x0000000084f00000|  0%| F|  |TAMS 0x0000000084e00000, 0x0000000084e00000| Untracked 
|  79|0x0000000084f00000, 0x0000000084f00000, 0x0000000085000000|  0%| F|  |TAMS 0x0000000084f00000, 0x0000000084f00000| Untracked 
|  80|0x0000000085000000, 0x0000000085000000, 0x0000000085100000|  0%| F|  |TAMS 0x0000000085000000, 0x0000000085000000| Untracked 
|  81|0x0000000085100000, 0x0000000085100000, 0x0000000085200000|  0%| F|  |TAMS 0x0000000085100000, 0x0000000085100000| Untracked 
|  82|0x0000000085200000, 0x0000000085200000, 0x0000000085300000|  0%| F|  |TAMS 0x0000000085200000, 0x0000000085200000| Untracked 
|  83|0x0000000085300000, 0x0000000085300000, 0x0000000085400000|  0%| F|  |TAMS 0x0000000085300000, 0x0000000085300000| Untracked 
|  84|0x0000000085400000, 0x0000000085400000, 0x0000000085500000|  0%| F|  |TAMS 0x0000000085400000, 0x0000000085400000| Untracked 
|  85|0x0000000085500000, 0x0000000085500000, 0x0000000085600000|  0%| F|  |TAMS 0x0000000085500000, 0x0000000085500000| Untracked 
|  86|0x0000000085600000, 0x0000000085600000, 0x0000000085700000|  0%| F|  |TAMS 0x0000000085600000, 0x0000000085600000| Untracked 
|  87|0x0000000085700000, 0x0000000085700000, 0x0000000085800000|  0%| F|  |TAMS 0x0000000085700000, 0x0000000085700000| Untracked 
|  88|0x0000000085800000, 0x0000000085800000, 0x0000000085900000|  0%| F|  |TAMS 0x0000000085800000, 0x0000000085800000| Untracked 
|  89|0x0000000085900000, 0x0000000085900000, 0x0000000085a00000|  0%| F|  |TAMS 0x0000000085900000, 0x0000000085900000| Untracked 
|  90|0x0000000085a00000, 0x0000000085a00000, 0x0000000085b00000|  0%| F|  |TAMS 0x0000000085a00000, 0x0000000085a00000| Untracked 
|  91|0x0000000085b00000, 0x0000000085b00000, 0x0000000085c00000|  0%| F|  |TAMS 0x0000000085b00000, 0x0000000085b00000| Untracked 
|  92|0x0000000085c00000, 0x0000000085c00000, 0x0000000085d00000|  0%| F|  |TAMS 0x0000000085c00000, 0x0000000085c00000| Untracked 
|  93|0x0000000085d00000, 0x0000000085d00000, 0x0000000085e00000|  0%| F|  |TAMS 0x0000000085d00000, 0x0000000085d00000| Untracked 
|  94|0x0000000085e00000, 0x0000000085e00000, 0x0000000085f00000|  0%| F|  |TAMS 0x0000000085e00000, 0x0000000085e00000| Untracked 
|  95|0x0000000085f00000, 0x0000000085f00000, 0x0000000086000000|  0%| F|  |TAMS 0x0000000085f00000, 0x0000000085f00000| Untracked 
|  96|0x0000000086000000, 0x0000000086000000, 0x0000000086100000|  0%| F|  |TAMS 0x0000000086000000, 0x0000000086000000| Untracked 
|  97|0x0000000086100000, 0x0000000086100000, 0x0000000086200000|  0%| F|  |TAMS 0x0000000086100000, 0x0000000086100000| Untracked 
|  98|0x0000000086200000, 0x0000000086200000, 0x0000000086300000|  0%| F|  |TAMS 0x0000000086200000, 0x0000000086200000| Untracked 
|  99|0x0000000086300000, 0x0000000086300000, 0x0000000086400000|  0%| F|  |TAMS 0x0000000086300000, 0x0000000086300000| Untracked 
| 100|0x0000000086400000, 0x0000000086400000, 0x0000000086500000|  0%| F|  |TAMS 0x0000000086400000, 0x0000000086400000| Untracked 
| 101|0x0000000086500000, 0x0000000086580800, 0x0000000086600000| 50%| E|  |TAMS 0x0000000086500000, 0x0000000086500000| Complete 
| 102|0x0000000086600000, 0x0000000086700000, 0x0000000086700000|100%| E|CS|TAMS 0x0000000086600000, 0x0000000086600000| Complete 
| 103|0x0000000086700000, 0x0000000086800000, 0x0000000086800000|100%| E|CS|TAMS 0x0000000086700000, 0x0000000086700000| Complete 
| 104|0x0000000086800000, 0x0000000086900000, 0x0000000086900000|100%| E|CS|TAMS 0x0000000086800000, 0x0000000086800000| Complete 
| 105|0x0000000086900000, 0x0000000086a00000, 0x0000000086a00000|100%| E|CS|TAMS 0x0000000086900000, 0x0000000086900000| Complete 
| 106|0x0000000086a00000, 0x0000000086b00000, 0x0000000086b00000|100%| E|CS|TAMS 0x0000000086a00000, 0x0000000086a00000| Complete 
| 107|0x0000000086b00000, 0x0000000086c00000, 0x0000000086c00000|100%| E|CS|TAMS 0x0000000086b00000, 0x0000000086b00000| Complete 
| 108|0x0000000086c00000, 0x0000000086d00000, 0x0000000086d00000|100%| E|CS|TAMS 0x0000000086c00000, 0x0000000086c00000| Complete 
| 109|0x0000000086d00000, 0x0000000086e00000, 0x0000000086e00000|100%| E|CS|TAMS 0x0000000086d00000, 0x0000000086d00000| Complete 
| 110|0x0000000086e00000, 0x0000000086f00000, 0x0000000086f00000|100%| E|CS|TAMS 0x0000000086e00000, 0x0000000086e00000| Complete 
| 111|0x0000000086f00000, 0x0000000087000000, 0x0000000087000000|100%| E|CS|TAMS 0x0000000086f00000, 0x0000000086f00000| Complete 
| 112|0x0000000087000000, 0x0000000087100000, 0x0000000087100000|100%| E|CS|TAMS 0x0000000087000000, 0x0000000087000000| Complete 
| 113|0x0000000087100000, 0x0000000087200000, 0x0000000087200000|100%| E|CS|TAMS 0x0000000087100000, 0x0000000087100000| Complete 
| 114|0x0000000087200000, 0x0000000087300000, 0x0000000087300000|100%| E|CS|TAMS 0x0000000087200000, 0x0000000087200000| Complete 
| 115|0x0000000087300000, 0x0000000087400000, 0x0000000087400000|100%| E|CS|TAMS 0x0000000087300000, 0x0000000087300000| Complete 
| 116|0x0000000087400000, 0x0000000087500000, 0x0000000087500000|100%| E|CS|TAMS 0x0000000087400000, 0x0000000087400000| Complete 
| 117|0x0000000087500000, 0x0000000087600000, 0x0000000087600000|100%| E|CS|TAMS 0x0000000087500000, 0x0000000087500000| Complete 
| 118|0x0000000087600000, 0x0000000087700000, 0x0000000087700000|100%| E|CS|TAMS 0x0000000087600000, 0x0000000087600000| Complete 
| 119|0x0000000087700000, 0x0000000087800000, 0x0000000087800000|100%| E|CS|TAMS 0x0000000087700000, 0x0000000087700000| Complete 
| 120|0x0000000087800000, 0x0000000087900000, 0x0000000087900000|100%| E|CS|TAMS 0x0000000087800000, 0x0000000087800000| Complete 
| 121|0x0000000087900000, 0x0000000087a00000, 0x0000000087a00000|100%| E|CS|TAMS 0x0000000087900000, 0x0000000087900000| Complete 
| 122|0x0000000087a00000, 0x0000000087b00000, 0x0000000087b00000|100%| E|CS|TAMS 0x0000000087a00000, 0x0000000087a00000| Complete 
| 123|0x0000000087b00000, 0x0000000087c00000, 0x0000000087c00000|100%| E|CS|TAMS 0x0000000087b00000, 0x0000000087b00000| Complete 

Card table byte_map: [0x0000017071600000,0x0000017071a00000] _byte_map_base: 0x0000017071200000

Marking Bits (Prev, Next): (CMBitMap*) 0x000001705c93d4c8, (CMBitMap*) 0x000001705c93d500
 Prev Bits: [0x0000017071e00000, 0x0000017073e00000)
 Next Bits: [0x0000017073e00000, 0x0000017075e00000)

Polling page: 0x000001705c9e0000

Metaspace:

Usage:
  Non-class:     44.64 MB capacity,    43.89 MB ( 98%) used,   636.57 KB (  1%) free+waste,   134.69 KB ( <1%) overhead. 
      Class:      6.95 MB capacity,     6.51 MB ( 94%) used,   385.87 KB (  5%) free+waste,    63.94 KB ( <1%) overhead. 
       Both:     51.59 MB capacity,    50.40 MB ( 98%) used,  1022.44 KB (  2%) free+waste,   198.63 KB ( <1%) overhead. 

Virtual space:
  Non-class space:       46.00 MB reserved,      44.87 MB ( 98%) committed 
      Class space:        1.00 GB reserved,       7.00 MB ( <1%) committed 
             Both:        1.04 GB reserved,      51.87 MB (  5%) committed 

Chunk freelists:
   Non-Class:  44.00 KB
       Class:  0 bytes
        Both:  44.00 KB

MaxMetaspaceSize: 17179869184.00 GB
CompressedClassSpaceSize: 1.00 GB

CodeHeap 'non-profiled nmethods': size=120064Kb used=2906Kb max_used=2906Kb free=117157Kb
 bounds [0x0000017069690000, 0x0000017069970000, 0x0000017070bd0000]
CodeHeap 'profiled nmethods': size=120000Kb used=11742Kb max_used=11742Kb free=108257Kb
 bounds [0x0000017062160000, 0x0000017062ce0000, 0x0000017069690000]
CodeHeap 'non-nmethods': size=5696Kb used=2237Kb max_used=2271Kb free=3458Kb
 bounds [0x0000017061bd0000, 0x0000017061e40000, 0x0000017062160000]
 total_blobs=6557 nmethods=5759 adapters=709
 compilation: enabled
              stopped_count=0, restarted_count=0
 full_count=0

Compilation events (20 events):
Event: 51.393 Thread 0x0000017078488000 5733       2       groovyjarjarasm.asm.ClassReader::createDebugLabel (23 bytes)
Event: 51.393 Thread 0x0000017078488000 nmethod 5733 0x0000017062cb3c90 code [0x0000017062cb3e60, 0x0000017062cb4138]
Event: 51.393 Thread 0x0000017078488000 5734       2       groovyjarjarasm.asm.ClassReader::readInt (52 bytes)
Event: 51.393 Thread 0x0000017078488000 nmethod 5734 0x0000017062cb4310 code [0x0000017062cb44c0, 0x0000017062cb4678]
Event: 51.424 Thread 0x0000017078488000 5735       2       jdk.internal.loader.ClassLoaders::bootLoader (4 bytes)
Event: 51.424 Thread 0x0000017078488000 nmethod 5735 0x0000017062cb4790 code [0x0000017062cb4940, 0x0000017062cb4a18]
Event: 51.427 Thread 0x0000017078488000 5736       2       java.lang.Class::getDeclaredFields (27 bytes)
Event: 51.427 Thread 0x0000017078488000 nmethod 5736 0x0000017062cb4a90 code [0x0000017062cb4c60, 0x0000017062cb4df8]
Event: 51.428 Thread 0x0000017078488000 5737       2       org.codehaus.groovy.ast.ASTNode::<init> (25 bytes)
Event: 51.428 Thread 0x0000017078488000 nmethod 5737 0x0000017062cb4f10 code [0x0000017062cb50c0, 0x0000017062cb51d8]
Event: 51.428 Thread 0x0000017078488000 5739       2       java.util.Collections::emptyMap (4 bytes)
Event: 51.428 Thread 0x0000017078488000 nmethod 5739 0x0000017062cb5290 code [0x0000017062cb5440, 0x0000017062cb5518]
Event: 51.428 Thread 0x0000017078488000 5738       2       org.codehaus.groovy.ast.ClassNode::redirect (19 bytes)
Event: 51.428 Thread 0x0000017078488000 nmethod 5738 0x0000017062cb5590 code [0x0000017062cb5740, 0x0000017062cb5888]
Event: 51.428 Thread 0x0000017078488000 5740       2       org.codehaus.groovy.ast.AnnotatedNode::<init> (12 bytes)
Event: 51.428 Thread 0x0000017078488000 nmethod 5740 0x0000017062cb5990 code [0x0000017062cb5b40, 0x0000017062cb5cb8]
Event: 51.431 Thread 0x0000017078488000 5741       2       org.codehaus.groovy.ast.ClassHelper::make (58 bytes)
Event: 51.431 Thread 0x0000017078488000 nmethod 5741 0x0000017062cb5d90 code [0x0000017062cb5fa0, 0x0000017062cb6248]
Event: 51.475 Thread 0x0000017078488000 5742       2       org.codehaus.groovy.ast.ClassNode::getName (8 bytes)
Event: 51.475 Thread 0x0000017078488000 nmethod 5742 0x0000017062cb6490 code [0x0000017062cb6640, 0x0000017062cb6788]

GC Heap History (18 events):
Event: 5.000 GC heap before
{Heap before GC invocations=0 (full 0):
 garbage-first heap   total 126976K, used 19456K [0x0000000080000000, 0x0000000100000000)
  region size 1024K, 14 young (14336K), 0 survivors (0K)
 Metaspace       used 6734K, capacity 6925K, committed 7168K, reserved 1056768K
  class space    used 582K, capacity 650K, committed 768K, reserved 1048576K
}
Event: 5.005 GC heap after
{Heap after GC invocations=1 (full 0):
 garbage-first heap   total 126976K, used 8633K [0x0000000080000000, 0x0000000100000000)
  region size 1024K, 2 young (2048K), 2 survivors (2048K)
 Metaspace       used 6734K, capacity 6925K, committed 7168K, reserved 1056768K
  class space    used 582K, capacity 650K, committed 768K, reserved 1048576K
}
Event: 9.477 GC heap before
{Heap before GC invocations=1 (full 0):
 garbage-first heap   total 126976K, used 17849K [0x0000000080000000, 0x0000000100000000)
  region size 1024K, 11 young (11264K), 2 survivors (2048K)
 Metaspace       used 10119K, capacity 10327K, committed 10624K, reserved 1058816K
  class space    used 1051K, capacity 1106K, committed 1152K, reserved 1048576K
}
Event: 9.482 GC heap after
{Heap after GC invocations=2 (full 0):
 garbage-first heap   total 126976K, used 9497K [0x0000000080000000, 0x0000000100000000)
  region size 1024K, 2 young (2048K), 2 survivors (2048K)
 Metaspace       used 10119K, capacity 10327K, committed 10624K, reserved 1058816K
  class space    used 1051K, capacity 1106K, committed 1152K, reserved 1048576K
}
Event: 12.528 GC heap before
{Heap before GC invocations=2 (full 0):
 garbage-first heap   total 126976K, used 48409K [0x0000000080000000, 0x0000000100000000)
  region size 1024K, 40 young (40960K), 2 survivors (2048K)
 Metaspace       used 11299K, capacity 11572K, committed 11776K, reserved 1060864K
  class space    used 1175K, capacity 1244K, committed 1280K, reserved 1048576K
}
Event: 12.535 GC heap after
{Heap after GC invocations=3 (full 0):
 garbage-first heap   total 126976K, used 13843K [0x0000000080000000, 0x0000000100000000)
  region size 1024K, 5 young (5120K), 5 survivors (5120K)
 Metaspace       used 11299K, capacity 11572K, committed 11776K, reserved 1060864K
  class space    used 1175K, capacity 1244K, committed 1280K, reserved 1048576K
}
Event: 20.866 GC heap before
{Heap before GC invocations=3 (full 0):
 garbage-first heap   total 126976K, used 73235K [0x0000000080000000, 0x0000000100000000)
  region size 1024K, 64 young (65536K), 5 survivors (5120K)
 Metaspace       used 20680K, capacity 21168K, committed 21296K, reserved 1069056K
  class space    used 2531K, capacity 2660K, committed 2688K, reserved 1048576K
}
Event: 20.882 GC heap after
{Heap after GC invocations=4 (full 0):
 garbage-first heap   total 126976K, used 17662K [0x0000000080000000, 0x0000000100000000)
  region size 1024K, 8 young (8192K), 8 survivors (8192K)
 Metaspace       used 20680K, capacity 21168K, committed 21296K, reserved 1069056K
  class space    used 2531K, capacity 2660K, committed 2688K, reserved 1048576K
}
Event: 24.173 GC heap before
{Heap before GC invocations=5 (full 0):
 garbage-first heap   total 126976K, used 82174K [0x0000000080000000, 0x0000000100000000)
  region size 1024K, 71 young (72704K), 8 survivors (8192K)
 Metaspace       used 26897K, capacity 27569K, committed 27824K, reserved 1073152K
  class space    used 3536K, capacity 3739K, committed 3840K, reserved 1048576K
}
Event: 24.185 GC heap after
{Heap after GC invocations=6 (full 0):
 garbage-first heap   total 126976K, used 20190K [0x0000000080000000, 0x0000000100000000)
  region size 1024K, 6 young (6144K), 6 survivors (6144K)
 Metaspace       used 26897K, capacity 27569K, committed 27824K, reserved 1073152K
  class space    used 3536K, capacity 3739K, committed 3840K, reserved 1048576K
}
Event: 30.141 GC heap before
{Heap before GC invocations=6 (full 0):
 garbage-first heap   total 126976K, used 65246K [0x0000000080000000, 0x0000000100000000)
  region size 1024K, 51 young (52224K), 6 survivors (6144K)
 Metaspace       used 34883K, capacity 35635K, committed 35708K, reserved 1081344K
  class space    used 4535K, capacity 4857K, committed 4864K, reserved 1048576K
}
Event: 30.168 GC heap after
{Heap after GC invocations=7 (full 0):
 garbage-first heap   total 126976K, used 23243K [0x0000000080000000, 0x0000000100000000)
  region size 1024K, 6 young (6144K), 6 survivors (6144K)
 Metaspace       used 34883K, capacity 35635K, committed 35708K, reserved 1081344K
  class space    used 4535K, capacity 4857K, committed 4864K, reserved 1048576K
}
Event: 32.925 GC heap before
{Heap before GC invocations=8 (full 0):
 garbage-first heap   total 126976K, used 89803K [0x0000000080000000, 0x0000000100000000)
  region size 1024K, 69 young (70656K), 6 survivors (6144K)
 Metaspace       used 39813K, capacity 40778K, committed 40956K, reserved 1085440K
  class space    used 5084K, capacity 5435K, committed 5504K, reserved 1048576K
}
Event: 32.945 GC heap after
{Heap after GC invocations=9 (full 0):
 garbage-first heap   total 126976K, used 28513K [0x0000000080000000, 0x0000000100000000)
  region size 1024K, 9 young (9216K), 9 survivors (9216K)
 Metaspace       used 39813K, capacity 40778K, committed 40956K, reserved 1085440K
  class space    used 5084K, capacity 5435K, committed 5504K, reserved 1048576K
}
Event: 34.700 GC heap before
{Heap before GC invocations=9 (full 0):
 garbage-first heap   total 126976K, used 92001K [0x0000000080000000, 0x0000000100000000)
  region size 1024K, 71 young (72704K), 9 survivors (9216K)
 Metaspace       used 45622K, capacity 46685K, committed 46844K, reserved 1089536K
  class space    used 5851K, capacity 6243K, committed 6272K, reserved 1048576K
}
Event: 34.719 GC heap after
{Heap after GC invocations=10 (full 0):
 garbage-first heap   total 126976K, used 30078K [0x0000000080000000, 0x0000000100000000)
  region size 1024K, 3 young (3072K), 3 survivors (3072K)
 Metaspace       used 45622K, capacity 46685K, committed 46844K, reserved 1089536K
  class space    used 5851K, capacity 6243K, committed 6272K, reserved 1048576K
}
Event: 50.633 GC heap before
{Heap before GC invocations=10 (full 0):
 garbage-first heap   total 126976K, used 99710K [0x0000000080000000, 0x0000000100000000)
  region size 1024K, 66 young (67584K), 3 survivors (3072K)
 Metaspace       used 50040K, capacity 51296K, committed 51452K, reserved 1093632K
  class space    used 6475K, capacity 6946K, committed 7040K, reserved 1048576K
}
Event: 50.653 GC heap after
{Heap after GC invocations=11 (full 0):
 garbage-first heap   total 126976K, used 42897K [0x0000000080000000, 0x0000000100000000)
  region size 1024K, 9 young (9216K), 9 survivors (9216K)
 Metaspace       used 50040K, capacity 51296K, committed 51452K, reserved 1093632K
  class space    used 6475K, capacity 6946K, committed 7040K, reserved 1048576K
}

Deoptimization events (20 events):
Event: 51.050 Thread 0x0000017079a5f800 Uncommon trap: trap_request=0xffffff4d fr.pc=0x0000017069933a0c relative=0x000000000000070c
Event: 51.050 Thread 0x0000017079a5f800 Uncommon trap: reason=unstable_if action=reinterpret pc=0x0000017069933a0c method=java.util.HashMap.putVal(ILjava/lang/Object;Ljava/lang/Object;ZZ)Ljava/lang/Object; @ 109 c2
Event: 51.051 Thread 0x0000017079a5f800 DEOPT PACKING pc=0x0000017069933a0c sp=0x0000000101ef7980
Event: 51.051 Thread 0x0000017079a5f800 DEOPT UNPACKING pc=0x0000017061bf682f sp=0x0000000101ef7898 mode 2
Event: 51.051 Thread 0x0000017079a5f800 Uncommon trap: trap_request=0xffffff4d fr.pc=0x00000170698033ec relative=0x000000000000066c
Event: 51.051 Thread 0x0000017079a5f800 Uncommon trap: reason=unstable_if action=reinterpret pc=0x00000170698033ec method=java.util.HashMap.putVal(ILjava/lang/Object;Ljava/lang/Object;ZZ)Ljava/lang/Object; @ 109 c2
Event: 51.051 Thread 0x0000017079a5f800 DEOPT PACKING pc=0x00000170698033ec sp=0x0000000101ef78d0
Event: 51.051 Thread 0x0000017079a5f800 DEOPT UNPACKING pc=0x0000017061bf682f sp=0x0000000101ef7888 mode 2
Event: 51.110 Thread 0x0000017079a5f800 Uncommon trap: trap_request=0xffffff4d fr.pc=0x000001706980a81c relative=0x000000000000007c
Event: 51.110 Thread 0x0000017079a5f800 Uncommon trap: reason=unstable_if action=reinterpret pc=0x000001706980a81c method=java.lang.String.codePointAt(I)I @ 4 c2
Event: 51.110 Thread 0x0000017079a5f800 DEOPT PACKING pc=0x000001706980a81c sp=0x0000000101ef7050
Event: 51.110 Thread 0x0000017079a5f800 DEOPT UNPACKING pc=0x0000017061bf682f sp=0x0000000101ef6fe8 mode 2
Event: 51.242 Thread 0x0000017079a5f800 Uncommon trap: trap_request=0xffffff4d fr.pc=0x00000170698012c8 relative=0x0000000000000188
Event: 51.242 Thread 0x0000017079a5f800 Uncommon trap: reason=unstable_if action=reinterpret pc=0x00000170698012c8 method=java.util.concurrent.ConcurrentHashMap.get(Ljava/lang/Object;)Ljava/lang/Object; @ 152 c2
Event: 51.242 Thread 0x0000017079a5f800 DEOPT PACKING pc=0x00000170698012c8 sp=0x0000000101ef7610
Event: 51.242 Thread 0x0000017079a5f800 DEOPT UNPACKING pc=0x0000017061bf682f sp=0x0000000101ef7588 mode 2
Event: 51.379 Thread 0x0000017079a5f800 Uncommon trap: trap_request=0xffffff4d fr.pc=0x000001706993512c relative=0x000000000000092c
Event: 51.379 Thread 0x0000017079a5f800 Uncommon trap: reason=unstable_if action=reinterpret pc=0x000001706993512c method=java.io.BufferedInputStream.read([BII)I @ 56 c2
Event: 51.379 Thread 0x0000017079a5f800 DEOPT PACKING pc=0x000001706993512c sp=0x0000000101ef85a0
Event: 51.379 Thread 0x0000017079a5f800 DEOPT UNPACKING pc=0x0000017061bf682f sp=0x0000000101ef8578 mode 2

Classes redefined (0 events):
No events

Internal exceptions (20 events):
Event: 44.817 Thread 0x0000017079a5f800 Exception <a 'java/security/PrivilegedActionException'{0x0000000084da5e00}> (0x0000000084da5e00) thrown at [./src/hotspot/share/prims/jvm.cpp, line 1306]
Event: 44.817 Thread 0x0000017079a5f800 Exception <a 'java/security/PrivilegedActionException'{0x0000000084da8a80}> (0x0000000084da8a80) thrown at [./src/hotspot/share/prims/jvm.cpp, line 1306]
Event: 44.817 Thread 0x0000017079a5f800 Exception <a 'java/security/PrivilegedActionException'{0x0000000084da9d40}> (0x0000000084da9d40) thrown at [./src/hotspot/share/prims/jvm.cpp, line 1306]
Event: 44.818 Thread 0x0000017079a5f800 Exception <a 'java/security/PrivilegedActionException'{0x0000000084dac9c8}> (0x0000000084dac9c8) thrown at [./src/hotspot/share/prims/jvm.cpp, line 1306]
Event: 44.818 Thread 0x0000017079a5f800 Exception <a 'java/security/PrivilegedActionException'{0x0000000084dadc88}> (0x0000000084dadc88) thrown at [./src/hotspot/share/prims/jvm.cpp, line 1306]
Event: 44.818 Thread 0x0000017079a5f800 Exception <a 'java/security/PrivilegedActionException'{0x0000000084db08b0}> (0x0000000084db08b0) thrown at [./src/hotspot/share/prims/jvm.cpp, line 1306]
Event: 44.818 Thread 0x0000017079a5f800 Exception <a 'java/security/PrivilegedActionException'{0x0000000084db1b70}> (0x0000000084db1b70) thrown at [./src/hotspot/share/prims/jvm.cpp, line 1306]
Event: 46.099 Thread 0x0000017079a5f800 Exception <a 'java/security/PrivilegedActionException'{0x0000000084c8c278}> (0x0000000084c8c278) thrown at [./src/hotspot/share/prims/jvm.cpp, line 1306]
Event: 46.099 Thread 0x0000017079a5f800 Exception <a 'java/security/PrivilegedActionException'{0x0000000084c8d538}> (0x0000000084c8d538) thrown at [./src/hotspot/share/prims/jvm.cpp, line 1306]
Event: 46.099 Thread 0x0000017079a5f800 Exception <a 'java/security/PrivilegedActionException'{0x0000000084c90160}> (0x0000000084c90160) thrown at [./src/hotspot/share/prims/jvm.cpp, line 1306]
Event: 46.100 Thread 0x0000017079a5f800 Exception <a 'java/security/PrivilegedActionException'{0x0000000084c91420}> (0x0000000084c91420) thrown at [./src/hotspot/share/prims/jvm.cpp, line 1306]
Event: 46.100 Thread 0x0000017079a5f800 Exception <a 'java/security/PrivilegedActionException'{0x0000000084c940f8}> (0x0000000084c940f8) thrown at [./src/hotspot/share/prims/jvm.cpp, line 1306]
Event: 46.100 Thread 0x0000017079a5f800 Exception <a 'java/security/PrivilegedActionException'{0x0000000084c953b8}> (0x0000000084c953b8) thrown at [./src/hotspot/share/prims/jvm.cpp, line 1306]
Event: 46.100 Thread 0x0000017079a5f800 Exception <a 'java/security/PrivilegedActionException'{0x0000000084c97fe8}> (0x0000000084c97fe8) thrown at [./src/hotspot/share/prims/jvm.cpp, line 1306]
Event: 46.101 Thread 0x0000017079a5f800 Exception <a 'java/security/PrivilegedActionException'{0x0000000084c992a8}> (0x0000000084c992a8) thrown at [./src/hotspot/share/prims/jvm.cpp, line 1306]
Event: 46.101 Thread 0x0000017079a5f800 Exception <a 'java/security/PrivilegedActionException'{0x0000000084c9bf28}> (0x0000000084c9bf28) thrown at [./src/hotspot/share/prims/jvm.cpp, line 1306]
Event: 46.101 Thread 0x0000017079a5f800 Exception <a 'java/security/PrivilegedActionException'{0x0000000084c9d1e8}> (0x0000000084c9d1e8) thrown at [./src/hotspot/share/prims/jvm.cpp, line 1306]
Event: 46.102 Thread 0x0000017079a5f800 Exception <a 'java/security/PrivilegedActionException'{0x0000000084c9fec0}> (0x0000000084c9fec0) thrown at [./src/hotspot/share/prims/jvm.cpp, line 1306]
Event: 46.102 Thread 0x0000017079a5f800 Exception <a 'java/security/PrivilegedActionException'{0x0000000084ca1180}> (0x0000000084ca1180) thrown at [./src/hotspot/share/prims/jvm.cpp, line 1306]
Event: 51.329 Thread 0x0000017079a5f800 Exception <a 'java/lang/NoSuchMethodError'{0x0000000086a54ab0}: 'void java.lang.invoke.DirectMethodHandle$Holder.invokeSpecialIFC(java.lang.Object, java.lang.Object, java.lang.Object)'> (0x0000000086a54ab0) thrown at [./src/hotspot/share/interpreter/linkResolver.cpp, line 773]

Events (20 events):
Event: 51.385 loading class org/codehaus/groovy/ast/decompiled/ClassSignatureParser
Event: 51.385 loading class org/codehaus/groovy/ast/decompiled/ClassSignatureParser done
Event: 51.385 loading class groovyjarjarasm/asm/signature/SignatureVisitor
Event: 51.385 loading class groovyjarjarasm/asm/signature/SignatureVisitor done
Event: 51.386 loading class org/codehaus/groovy/ast/decompiled/ClassSignatureParser$1
Event: 51.386 loading class org/codehaus/groovy/ast/decompiled/ClassSignatureParser$1 done
Event: 51.387 loading class org/codehaus/groovy/ast/decompiled/FormalParameterParser
Event: 51.387 loading class org/codehaus/groovy/ast/decompiled/FormalParameterParser done
Event: 51.419 Executing VM operation: BulkRevokeBias
Event: 51.422 Executing VM operation: BulkRevokeBias done
Event: 51.424 Executing VM operation: RevokeBias
Event: 51.424 Executing VM operation: RevokeBias done
Event: 51.432 loading class org/codehaus/groovy/transform/GroovyASTTransformationClass
Event: 51.432 loading class org/codehaus/groovy/transform/GroovyASTTransformationClass done
Event: 51.446 loading class org/codehaus/groovy/ast/decompiled/AnnotationStub
Event: 51.446 loading class org/codehaus/groovy/ast/decompiled/AnnotationStub done
Event: 51.473 loading class org/codehaus/groovy/ast/decompiled/AsmDecompiler$AnnotationReader$1
Event: 51.473 loading class org/codehaus/groovy/ast/decompiled/AsmDecompiler$AnnotationReader$1 done
Event: 51.475 loading class org/codehaus/groovy/control/StaticImportVisitor
Event: 51.475 loading class org/codehaus/groovy/control/StaticImportVisitor done


Dynamic libraries:
0x00007ff7260f0000 - 0x00007ff7260fa000 	C:\Program Files\Android\Android Studio\jre\bin\java.exe
0x00007ffee4750000 - 0x00007ffee4945000 	C:\WINDOWS\SYSTEM32\ntdll.dll
0x00007ffee4650000 - 0x00007ffee470e000 	C:\WINDOWS\System32\KERNEL32.DLL
0x00007ffee1fd0000 - 0x00007ffee2298000 	C:\WINDOWS\System32\KERNELBASE.dll
0x00007ffee22d0000 - 0x00007ffee23d0000 	C:\WINDOWS\System32\ucrtbase.dll
0x00007ffed7240000 - 0x00007ffed7259000 	C:\Program Files\Android\Android Studio\jre\bin\jli.dll
0x00007ffee36a0000 - 0x00007ffee3840000 	C:\WINDOWS\System32\USER32.dll
0x00007ffee22a0000 - 0x00007ffee22c2000 	C:\WINDOWS\System32\win32u.dll
0x00007ffee2a90000 - 0x00007ffee2abb000 	C:\WINDOWS\System32\GDI32.dll
0x00007ffee2590000 - 0x00007ffee269b000 	C:\WINDOWS\System32\gdi32full.dll
0x00007ffecedd0000 - 0x00007ffecf06a000 	C:\WINDOWS\WinSxS\amd64_microsoft.windows.common-controls_6595b64144ccf1df_6.0.19041.1110_none_60b5254171f9507e\COMCTL32.dll
0x00007ffee26a0000 - 0x00007ffee273d000 	C:\WINDOWS\System32\msvcp_win.dll
0x00007ffee27c0000 - 0x00007ffee285e000 	C:\WINDOWS\System32\msvcrt.dll
0x00007ffed5e20000 - 0x00007ffed5e37000 	C:\Program Files\Android\Android Studio\jre\bin\VCRUNTIME140.dll
0x00007ffee2d10000 - 0x00007ffee2d40000 	C:\WINDOWS\System32\IMM32.DLL
0x00007ffec6010000 - 0x00007ffec60ad000 	C:\Program Files\Android\Android Studio\jre\bin\msvcp140.dll
0x00007ffe7e130000 - 0x00007ffe7ec05000 	C:\Program Files\Android\Android Studio\jre\bin\server\jvm.dll
0x00007ffee44f0000 - 0x00007ffee459e000 	C:\WINDOWS\System32\ADVAPI32.dll
0x00007ffee41c0000 - 0x00007ffee425c000 	C:\WINDOWS\System32\sechost.dll
0x00007ffee2960000 - 0x00007ffee2a85000 	C:\WINDOWS\System32\RPCRT4.dll
0x00007ffee4190000 - 0x00007ffee4198000 	C:\WINDOWS\System32\PSAPI.DLL
0x00007ffebe880000 - 0x00007ffebe889000 	C:\WINDOWS\SYSTEM32\WSOCK32.dll
0x00007ffec05a0000 - 0x00007ffec05c7000 	C:\WINDOWS\SYSTEM32\WINMM.dll
0x00007ffed61b0000 - 0x00007ffed61ba000 	C:\WINDOWS\SYSTEM32\VERSION.dll
0x00007ffee3840000 - 0x00007ffee38ab000 	C:\WINDOWS\System32\WS2_32.dll
0x00007ffedfd60000 - 0x00007ffedfd72000 	C:\WINDOWS\SYSTEM32\kernel.appcore.dll
0x00007ffedd280000 - 0x00007ffedd291000 	C:\Program Files\Android\Android Studio\jre\bin\verify.dll
0x00007ffec0760000 - 0x00007ffec0944000 	C:\WINDOWS\SYSTEM32\DBGHELP.DLL
0x00007ffec0730000 - 0x00007ffec075c000 	C:\WINDOWS\SYSTEM32\dbgcore.DLL
0x00007ffee2450000 - 0x00007ffee24d2000 	C:\WINDOWS\System32\bcryptPrimitives.dll
0x00007ffed2e40000 - 0x00007ffed2e69000 	C:\Program Files\Android\Android Studio\jre\bin\java.dll
0x00007ffed5dc0000 - 0x00007ffed5dcb000 	C:\Program Files\Android\Android Studio\jre\bin\jimage.dll
0x00007ffed2eb0000 - 0x00007ffed2ec8000 	C:\Program Files\Android\Android Studio\jre\bin\zip.dll
0x00007ffee3910000 - 0x00007ffee4054000 	C:\WINDOWS\System32\SHELL32.dll
0x00007ffedff60000 - 0x00007ffee06f4000 	C:\WINDOWS\SYSTEM32\windows.storage.dll
0x00007ffee2d40000 - 0x00007ffee3094000 	C:\WINDOWS\System32\combase.dll
0x00007ffee18d0000 - 0x00007ffee18fc000 	C:\WINDOWS\SYSTEM32\Wldp.dll
0x00007ffee45a0000 - 0x00007ffee464d000 	C:\WINDOWS\System32\SHCORE.dll
0x00007ffee2860000 - 0x00007ffee28b5000 	C:\WINDOWS\System32\shlwapi.dll
0x00007ffee1db0000 - 0x00007ffee1dcf000 	C:\WINDOWS\SYSTEM32\profapi.dll
0x00007ffed2df0000 - 0x00007ffed2e0a000 	C:\Program Files\Android\Android Studio\jre\bin\net.dll
0x00007ffed5f70000 - 0x00007ffed6079000 	C:\WINDOWS\SYSTEM32\WINHTTP.dll
0x00007ffee1630000 - 0x00007ffee169a000 	C:\WINDOWS\system32\mswsock.dll
0x00007ffed2580000 - 0x00007ffed2594000 	C:\Program Files\Android\Android Studio\jre\bin\nio.dll
0x00007ffed2e80000 - 0x00007ffed2ea7000 	C:\Users\DELL\.gradle\native\e1d6ef7f7dcc3fd88c89a11ec53ec762bb8ba0a96d01ffa2cd45eb1d1d8dd5c5\windows-amd64\native-platform.dll
0x00007ffebb140000 - 0x00007ffebb284000 	C:\Users\DELL\.gradle\native\5664cfc778a61ccfe75a443a1ab52a65af34e5dc3c78e0209fed803814484fcb\windows-amd64\native-platform-file-events.dll
0x00007ffedd270000 - 0x00007ffedd27a000 	C:\Program Files\Android\Android Studio\jre\bin\management.dll
0x00007ffedc240000 - 0x00007ffedc24d000 	C:\Program Files\Android\Android Studio\jre\bin\management_ext.dll
0x00007ffee1820000 - 0x00007ffee1838000 	C:\WINDOWS\SYSTEM32\CRYPTSP.dll
0x00007ffee0f40000 - 0x00007ffee0f74000 	C:\WINDOWS\system32\rsaenh.dll
0x00007ffee23d0000 - 0x00007ffee23f7000 	C:\WINDOWS\System32\bcrypt.dll
0x00007ffee1d70000 - 0x00007ffee1d9e000 	C:\WINDOWS\SYSTEM32\USERENV.dll
0x00007ffee1840000 - 0x00007ffee184c000 	C:\WINDOWS\SYSTEM32\CRYPTBASE.dll
0x00007ffee12d0000 - 0x00007ffee130b000 	C:\WINDOWS\SYSTEM32\IPHLPAPI.DLL
0x00007ffee28c0000 - 0x00007ffee28c8000 	C:\WINDOWS\System32\NSI.dll
0x00007ffedad30000 - 0x00007ffedad47000 	C:\WINDOWS\SYSTEM32\dhcpcsvc6.DLL
0x00007ffedaf90000 - 0x00007ffedafad000 	C:\WINDOWS\SYSTEM32\dhcpcsvc.DLL
0x00007ffee1320000 - 0x00007ffee13ea000 	C:\WINDOWS\SYSTEM32\DNSAPI.dll

dbghelp: loaded successfully - version: 4.0.5 - missing functions: none
symbol engine: initialized successfully - sym options: 0x614 - pdb path: .;C:\Program Files\Android\Android Studio\jre\bin;C:\WINDOWS\SYSTEM32;C:\WINDOWS\WinSxS\amd64_microsoft.windows.common-controls_6595b64144ccf1df_6.0.19041.1110_none_60b5254171f9507e;C:\Program Files\Android\Android Studio\jre\bin\server;C:\Users\DELL\.gradle\native\e1d6ef7f7dcc3fd88c89a11ec53ec762bb8ba0a96d01ffa2cd45eb1d1d8dd5c5\windows-amd64;C:\Users\DELL\.gradle\native\5664cfc778a61ccfe75a443a1ab52a65af34e5dc3c78e0209fed803814484fcb\windows-amd64

VM Arguments:
jvm_args: --add-opens=java.base/java.util=ALL-UNNAMED --add-opens=java.base/java.lang=ALL-UNNAMED --add-opens=java.base/java.lang.invoke=ALL-UNNAMED --add-opens=java.base/java.util=ALL-UNNAMED --add-opens=java.prefs/java.util.prefs=ALL-UNNAMED --add-opens=java.prefs/java.util.prefs=ALL-UNNAMED --add-opens=java.base/java.nio.charset=ALL-UNNAMED --add-opens=java.base/java.net=ALL-UNNAMED --add-opens=java.base/java.util.concurrent.atomic=ALL-UNNAMED -Xmx2048m -Dfile.encoding=UTF-8 -Duser.country=CI -Duser.language=fr -Duser.variant 
java_command: org.gradle.launcher.daemon.bootstrap.GradleDaemon 7.2
java_class_path (initial): C:\Users\DELL\.gradle\wrapper\dists\gradle-7.2-bin\2dnblmf4td7x66yl1d74lt32g\gradle-7.2\lib\gradle-launcher-7.2.jar
Launcher Type: SUN_STANDARD

[Global flags]
     intx CICompilerCount                          = 3                                         {product} {ergonomic}
     uint ConcGCThreads                            = 1                                         {product} {ergonomic}
     uint G1ConcRefinementThreads                  = 4                                         {product} {ergonomic}
   size_t G1HeapRegionSize                         = 1048576                                   {product} {ergonomic}
    uintx GCDrainStackTargetSize                   = 64                                        {product} {ergonomic}
   size_t InitialHeapSize                          = 130023424                                 {product} {ergonomic}
   size_t MarkStackSize                            = 4194304                                   {product} {ergonomic}
   size_t MaxHeapSize                              = 2147483648                                {product} {command line}
   size_t MaxNewSize                               = 1287651328                                {product} {ergonomic}
   size_t MinHeapDeltaBytes                        = 1048576                                   {product} {ergonomic}
    uintx NonNMethodCodeHeapSize                   = 5830732                                {pd product} {ergonomic}
    uintx NonProfiledCodeHeapSize                  = 122913754                              {pd product} {ergonomic}
    uintx ProfiledCodeHeapSize                     = 122913754                              {pd product} {ergonomic}
    uintx ReservedCodeCacheSize                    = 251658240                              {pd product} {ergonomic}
     bool SegmentedCodeCache                       = true                                      {product} {ergonomic}
     bool UseCompressedClassPointers               = true                                 {lp64_product} {ergonomic}
     bool UseCompressedOops                        = true                                 {lp64_product} {ergonomic}
     bool UseG1GC                                  = true                                      {product} {ergonomic}
     bool UseLargePagesIndividualAllocation        = false                                  {pd product} {ergonomic}

Logging:
Log output configuration:
 #0: stdout all=warning uptime,level,tags
 #1: stderr all=off uptime,level,tags

Environment Variables:
CLASSPATH=C:\LINGO64_18\Lingo18.jar
PATH=C:\WINDOWS\system32;C:\WINDOWS;C:\WINDOWS\System32\Wbem;C:\WINDOWS\System32\WindowsPowerShell\v1.0\;C:\WINDOWS\System32\OpenSSH\;C:\Program Files (x86)\Intel\Intel(R) Management Engine Components\DAL;C:\Program Files\Intel\Intel(R) Management Engine Components\DAL;C:\LINGO64_18\;C:\Users\DELL\AppData\Local\Microsoft\WindowsApps;;C:\Users\DELL\AppData\Local\Programs\Microsoft VS Code\bin;C:\Program Files\PyCharm Community Edition 2020.2.3\bin;
USERNAME=DELL
OS=Windows_NT
PROCESSOR_IDENTIFIER=Intel64 Family 6 Model 61 Stepping 4, GenuineIntel



---------------  S Y S T E M  ---------------

OS: Windows 10 , 64 bit Build 19041 (10.0.19041.1566)
OS uptime: 2 days 18:41 hours

CPU:total 4 (initial active 4) (2 cores per cpu, 2 threads per core) family 6 model 61 stepping 4 microcode 0x2d, cmov, cx8, fxsr, mmx, sse, sse2, sse3, ssse3, sse4.1, sse4.2, popcnt, avx, avx2, aes, clmul, erms, rtm, 3dnowpref, lzcnt, ht, tsc, tscinvbit, bmi1, bmi2, adx, fma

Memory: 4k page, system-wide physical 7887M (1167M free)
TotalPageFile size 9256M (AvailPageFile size 8M)
current process WorkingSet (physical memory assigned to process): 283M, peak: 285M
current process commit charge ("private bytes"): 332M, peak: 333M

vm_info: OpenJDK 64-Bit Server VM (11.0.11+9-b60-7590822) for windows-amd64 JRE (11.0.11+9-b60-7590822), built on Jul 29 2021 21:43:44 by "builder" with MS VC++ 14.0 (VS2015)

END.
