#
# There is insufficient memory for the Java Runtime Environment to continue.
# Native memory allocation (malloc) failed to allocate 32744 bytes for ChunkPool::allocate
# Possible reasons:
#   The system is out of physical RAM or swap space
#   The process is running with CompressedOops enabled, and the Java Heap may be blocking the growth of the native heap
# Possible solutions:
#   Reduce memory load on the system
#   Increase physical memory or swap space
#   Check if swap backing store is full
#   Decrease Java heap size (-Xmx/-Xms)
#   Decrease number of Java threads
#   Decrease Java thread stack sizes (-Xss)
#   Set larger code cache with -XX:ReservedCodeCacheSize=
#   JVM is running with Unscaled Compressed Oops mode in which the Java heap is
#     placed in the first 4GB address space. The Java Heap base address is the
#     maximum limit for the native heap growth. Please use -XX:HeapBaseMinAddress
#     to set the Java Heap base and to place the Java Heap above 4GB virtual address.
# This output file may be truncated or incomplete.
#
#  Out of Memory Error (./src/hotspot/share/memory/arena.cpp:81), pid=15600, tid=16828
#
# JRE version: OpenJDK Runtime Environment (11.0.11+9) (build 11.0.11+9-b60-7590822)
# Java VM: OpenJDK 64-Bit Server VM (11.0.11+9-b60-7590822, mixed mode, tiered, compressed oops, g1 gc, windows-amd64)
# No core dump will be written. Minidumps are not enabled by default on client versions of Windows
#

---------------  S U M M A R Y ------------

Command Line: --add-opens=java.base/java.util=ALL-UNNAMED --add-opens=java.base/java.lang=ALL-UNNAMED --add-opens=java.base/java.lang.invoke=ALL-UNNAMED --add-opens=java.base/java.util=ALL-UNNAMED --add-opens=java.prefs/java.util.prefs=ALL-UNNAMED --add-opens=java.prefs/java.util.prefs=ALL-UNNAMED --add-opens=java.base/java.nio.charset=ALL-UNNAMED --add-opens=java.base/java.net=ALL-UNNAMED --add-opens=java.base/java.util.concurrent.atomic=ALL-UNNAMED -Xmx2048m -Dfile.encoding=UTF-8 -Duser.country=CI -Duser.language=fr -Duser.variant org.gradle.launcher.daemon.bootstrap.GradleDaemon 7.2

Host: Intel(R) Core(TM) i5-5300U CPU @ 2.30GHz, 4 cores, 7G,  Windows 10 , 64 bit Build 19041 (10.0.19041.1566)
Time: Sat Mar 12 10:51:35 2022 Greenwich elapsed time: 20.961417 seconds (0d 0h 0m 20s)

---------------  T H R E A D  ---------------

Current thread (0x00000219fe974800):  JavaThread "C2 CompilerThread0" daemon [_thread_in_native, id=16828, stack(0x00000022d0600000,0x00000022d0700000)]


Current CompileTask:
C2:  20961 7433       4       sun.reflect.generics.parser.SignatureParser::parsePackageNameAndSimpleClassTypeSignature (119 bytes)

Stack: [0x00000022d0600000,0x00000022d0700000]
Native frames: (J=compiled Java code, j=interpreted, Vv=VM code, C=native code)
V  [jvm.dll+0x5f214a]
V  [jvm.dll+0x726fb5]
V  [jvm.dll+0x7285cd]
V  [jvm.dll+0x728c83]
V  [jvm.dll+0x243278]
V  [jvm.dll+0xbc78b]
V  [jvm.dll+0xbca3c]
V  [jvm.dll+0x35919e]
V  [jvm.dll+0x4ec3d4]
V  [jvm.dll+0x3218c2]
V  [jvm.dll+0x320d8a]
V  [jvm.dll+0x1fc1e2]
V  [jvm.dll+0x1fb3d4]
V  [jvm.dll+0x183d6c]
V  [jvm.dll+0x209a57]
V  [jvm.dll+0x2082a1]
V  [jvm.dll+0x6ef58f]
V  [jvm.dll+0x6e80b5]
V  [jvm.dll+0x5f1036]
C  [ucrtbase.dll+0x21bb2]
C  [KERNEL32.DLL+0x17034]
C  [ntdll.dll+0x52651]


---------------  P R O C E S S  ---------------

Threads class SMR info:
_java_thread_list=0x000002198ca29f30, length=79, elements={
0x00000219e8e0c800, 0x00000219fe94f800, 0x00000219fe953000, 0x00000219ff312800,
0x00000219fe96c800, 0x00000219fe96f000, 0x00000219fe974800, 0x00000219fe97a000,
0x00000219fe97b800, 0x00000219ff44a800, 0x000002198693b000, 0x00000219ff793800,
0x0000021986b87000, 0x000002198620a000, 0x00000219886ed800, 0x000002198751d800,
0x00000219882fb000, 0x00000219882e5800, 0x0000021986d81000, 0x0000021987d67800,
0x0000021987d63800, 0x0000021987d63000, 0x0000021987d68800, 0x0000021987d66000,
0x0000021987d65000, 0x0000021987d69800, 0x0000021987d64800, 0x0000021987d67000,
0x0000021988da5800, 0x0000021988da6800, 0x0000021988da7000, 0x0000021988da8000,
0x0000021988da9800, 0x0000021988da4800, 0x0000021988dad800, 0x0000021988dae800,
0x0000021988dac000, 0x0000021988dad000, 0x0000021988daf800, 0x0000021988dab000,
0x0000021988db0000, 0x0000021988daa800, 0x000002198a706800, 0x000002198a709000,
0x000002198a709800, 0x000002198a70a800, 0x000002198a707800, 0x000002198a70b800,
0x000002198a708000, 0x000002198a705800, 0x000002198a70c000, 0x000002198a70d000,
0x000002198a712800, 0x000002198a712000, 0x000002198a711000, 0x000002198a713800,
0x000002198a710000, 0x000002198a70f800, 0x000002198a70e000, 0x000002198a714800,
0x000002198a70e800, 0x0000021989231800, 0x000002198922c800, 0x000002198922d800,
0x0000021989232000, 0x000002198922e000, 0x000002198922f800, 0x0000021989233000,
0x0000021989234000, 0x0000021989234800, 0x000002198922f000, 0x0000021989236800,
0x0000021989235800, 0x0000021989230800, 0x0000021989238000, 0x000002198923b000,
0x0000021989238800, 0x0000021989239800, 0x00000219861ab800
}

Java Threads: ( => current thread )
  0x00000219e8e0c800 JavaThread "main" [_thread_blocked, id=12360, stack(0x00000022cfa00000,0x00000022cfb00000)]
  0x00000219fe94f800 JavaThread "Reference Handler" daemon [_thread_blocked, id=13028, stack(0x00000022d0100000,0x00000022d0200000)]
  0x00000219fe953000 JavaThread "Finalizer" daemon [_thread_blocked, id=10912, stack(0x00000022d0200000,0x00000022d0300000)]
  0x00000219ff312800 JavaThread "Signal Dispatcher" daemon [_thread_blocked, id=5672, stack(0x00000022d0300000,0x00000022d0400000)]
  0x00000219fe96c800 JavaThread "Attach Listener" daemon [_thread_blocked, id=2292, stack(0x00000022d0400000,0x00000022d0500000)]
  0x00000219fe96f000 JavaThread "Service Thread" daemon [_thread_blocked, id=7580, stack(0x00000022d0500000,0x00000022d0600000)]
=>0x00000219fe974800 JavaThread "C2 CompilerThread0" daemon [_thread_in_native, id=16828, stack(0x00000022d0600000,0x00000022d0700000)]
  0x00000219fe97a000 JavaThread "C1 CompilerThread0" daemon [_thread_blocked, id=1684, stack(0x00000022d0700000,0x00000022d0800000)]
  0x00000219fe97b800 JavaThread "Sweeper thread" daemon [_thread_blocked, id=14916, stack(0x00000022d0800000,0x00000022d0900000)]
  0x00000219ff44a800 JavaThread "Common-Cleaner" daemon [_thread_blocked, id=9052, stack(0x00000022d0900000,0x00000022d0a00000)]
  0x000002198693b000 JavaThread "Daemon health stats" [_thread_blocked, id=17024, stack(0x00000022d0d00000,0x00000022d0e00000)]
  0x00000219ff793800 JavaThread "Incoming local TCP Connector on port 63829" [_thread_in_native, id=3720, stack(0x00000022d0b00000,0x00000022d0c00000)]
  0x0000021986b87000 JavaThread "Daemon periodic checks" [_thread_blocked, id=1264, stack(0x00000022d0f00000,0x00000022d1000000)]
  0x000002198620a000 JavaThread "Daemon" [_thread_blocked, id=11704, stack(0x00000022d1000000,0x00000022d1100000)]
  0x00000219886ed800 JavaThread "Handler for socket connection from /127.0.0.1:63829 to /127.0.0.1:63830" [_thread_in_native, id=13948, stack(0x00000022d1100000,0x00000022d1200000)]
  0x000002198751d800 JavaThread "Cancel handler" [_thread_blocked, id=14444, stack(0x00000022d1200000,0x00000022d1300000)]
  0x00000219882fb000 JavaThread "Daemon worker" [_thread_in_native, id=4200, stack(0x00000022d1300000,0x00000022d1400000)]
  0x00000219882e5800 JavaThread "Asynchronous log dispatcher for DefaultDaemonConnection: socket connection from /127.0.0.1:63829 to /127.0.0.1:63830" [_thread_blocked, id=14400, stack(0x00000022d1400000,0x00000022d1500000)]
  0x0000021986d81000 JavaThread "Stdin handler" [_thread_blocked, id=16548, stack(0x00000022d1500000,0x00000022d1600000)]
  0x0000021987d67800 JavaThread "Daemon client event forwarder" [_thread_blocked, id=15492, stack(0x00000022d1600000,0x00000022d1700000)]
  0x0000021987d63800 JavaThread "Cache worker for journal cache (C:\Users\DELL\.gradle\caches\journal-1)" [_thread_blocked, id=3452, stack(0x00000022d1700000,0x00000022d1800000)]
  0x0000021987d63000 JavaThread "File lock request listener" [_thread_in_native, id=4276, stack(0x00000022d1800000,0x00000022d1900000)]
  0x0000021987d68800 JavaThread "Cache worker for file hash cache (C:\Users\DELL\.gradle\caches\7.2\fileHashes)" [_thread_blocked, id=676, stack(0x00000022d1900000,0x00000022d1a00000)]
  0x0000021987d66000 JavaThread "Cache worker for file hash cache (C:\INPHB\.gradle\7.2\fileHashes)" [_thread_blocked, id=14956, stack(0x00000022d1c00000,0x00000022d1d00000)]
  0x0000021987d65000 JavaThread "File watcher server" daemon [_thread_in_native, id=10600, stack(0x00000022d1d00000,0x00000022d1e00000)]
  0x0000021987d69800 JavaThread "File watcher consumer" daemon [_thread_blocked, id=17324, stack(0x00000022d1e00000,0x00000022d1f00000)]
  0x0000021987d64800 JavaThread "Cache worker for checksums cache (C:\INPHB\.gradle\checksums)" [_thread_blocked, id=15320, stack(0x00000022d1f00000,0x00000022d2000000)]
  0x0000021987d67000 JavaThread "Cache worker for cache directory md-supplier (C:\Users\DELL\.gradle\caches\7.2\md-supplier)" [_thread_blocked, id=120, stack(0x00000022d2000000,0x00000022d2100000)]
  0x0000021988da5800 JavaThread "Cache worker for cache directory md-rule (C:\Users\DELL\.gradle\caches\7.2\md-rule)" [_thread_blocked, id=10932, stack(0x00000022d2100000,0x00000022d2200000)]
  0x0000021988da6800 JavaThread "Cache worker for execution history cache (C:\Users\DELL\.gradle\caches\7.2\executionHistory)" [_thread_blocked, id=17004, stack(0x00000022d2200000,0x00000022d2300000)]
  0x0000021988da7000 JavaThread "jar transforms" [_thread_blocked, id=7308, stack(0x00000022d2300000,0x00000022d2400000)]
  0x0000021988da8000 JavaThread "Cache worker for file content cache (C:\Users\DELL\.gradle\caches\7.2\fileContent)" [_thread_blocked, id=13408, stack(0x00000022d2400000,0x00000022d2500000)]
  0x0000021988da9800 JavaThread "jar transforms Thread 2" [_thread_blocked, id=15560, stack(0x00000022d2500000,0x00000022d2600000)]
  0x0000021988da4800 JavaThread "Cache worker for dependencies-accessors (C:\INPHB\.gradle\7.2\dependencies-accessors)" [_thread_blocked, id=12268, stack(0x00000022d2600000,0x00000022d2700000)]
  0x0000021988dad800 JavaThread "jar transforms Thread 3" [_thread_blocked, id=9776, stack(0x00000022d2700000,0x00000022d2800000)]
  0x0000021988dae800 JavaThread "Cache worker for Build Output Cleanup Cache (C:\INPHB\.gradle\buildOutputCleanup)" [_thread_blocked, id=13728, stack(0x00000022d2800000,0x00000022d2900000)]
  0x0000021988dac000 JavaThread "Unconstrained build operations" [_thread_blocked, id=2208, stack(0x00000022d2900000,0x00000022d2a00000)]
  0x0000021988dad000 JavaThread "Unconstrained build operations Thread 2" [_thread_blocked, id=11660, stack(0x00000022d2a00000,0x00000022d2b00000)]
  0x0000021988daf800 JavaThread "Unconstrained build operations Thread 3" [_thread_blocked, id=8048, stack(0x00000022d2b00000,0x00000022d2c00000)]
  0x0000021988dab000 JavaThread "Unconstrained build operations Thread 4" [_thread_blocked, id=13740, stack(0x00000022d2c00000,0x00000022d2d00000)]
  0x0000021988db0000 JavaThread "Unconstrained build operations Thread 5" [_thread_blocked, id=4296, stack(0x00000022d2d00000,0x00000022d2e00000)]
  0x0000021988daa800 JavaThread "Unconstrained build operations Thread 6" [_thread_blocked, id=14768, stack(0x00000022d2e00000,0x00000022d2f00000)]
  0x000002198a706800 JavaThread "Unconstrained build operations Thread 7" [_thread_blocked, id=17104, stack(0x00000022d2f00000,0x00000022d3000000)]
  0x000002198a709000 JavaThread "Unconstrained build operations Thread 8" [_thread_blocked, id=3288, stack(0x00000022d3000000,0x00000022d3100000)]
  0x000002198a709800 JavaThread "Unconstrained build operations Thread 9" [_thread_blocked, id=14800, stack(0x00000022d3100000,0x00000022d3200000)]
  0x000002198a70a800 JavaThread "Unconstrained build operations Thread 10" [_thread_blocked, id=11832, stack(0x00000022d3200000,0x00000022d3300000)]
  0x000002198a707800 JavaThread "Unconstrained build operations Thread 11" [_thread_blocked, id=13460, stack(0x00000022d3300000,0x00000022d3400000)]
  0x000002198a70b800 JavaThread "Unconstrained build operations Thread 12" [_thread_blocked, id=8732, stack(0x00000022d3400000,0x00000022d3500000)]
  0x000002198a708000 JavaThread "Unconstrained build operations Thread 13" [_thread_blocked, id=8292, stack(0x00000022d3500000,0x00000022d3600000)]
  0x000002198a705800 JavaThread "Unconstrained build operations Thread 14" [_thread_blocked, id=10784, stack(0x00000022d3600000,0x00000022d3700000)]
  0x000002198a70c000 JavaThread "Unconstrained build operations Thread 15" [_thread_blocked, id=4556, stack(0x00000022d3700000,0x00000022d3800000)]
  0x000002198a70d000 JavaThread "Unconstrained build operations Thread 16" [_thread_blocked, id=16388, stack(0x00000022d3800000,0x00000022d3900000)]
  0x000002198a712800 JavaThread "Unconstrained build operations Thread 17" [_thread_blocked, id=12584, stack(0x00000022d3900000,0x00000022d3a00000)]
  0x000002198a712000 JavaThread "Unconstrained build operations Thread 18" [_thread_blocked, id=11728, stack(0x00000022d3a00000,0x00000022d3b00000)]
  0x000002198a711000 JavaThread "Unconstrained build operations Thread 19" [_thread_blocked, id=15856, stack(0x00000022d3b00000,0x00000022d3c00000)]
  0x000002198a713800 JavaThread "Unconstrained build operations Thread 20" [_thread_blocked, id=15096, stack(0x00000022d3c00000,0x00000022d3d00000)]
  0x000002198a710000 JavaThread "Unconstrained build operations Thread 21" [_thread_blocked, id=16708, stack(0x00000022d3d00000,0x00000022d3e00000)]
  0x000002198a70f800 JavaThread "Unconstrained build operations Thread 22" [_thread_blocked, id=9432, stack(0x00000022d3e00000,0x00000022d3f00000)]
  0x000002198a70e000 JavaThread "Unconstrained build operations Thread 23" [_thread_blocked, id=13284, stack(0x00000022d3f00000,0x00000022d4000000)]
  0x000002198a714800 JavaThread "Unconstrained build operations Thread 24" [_thread_blocked, id=12364, stack(0x00000022d4000000,0x00000022d4100000)]
  0x000002198a70e800 JavaThread "Unconstrained build operations Thread 25" [_thread_blocked, id=14408, stack(0x00000022d4100000,0x00000022d4200000)]
  0x0000021989231800 JavaThread "Unconstrained build operations Thread 26" [_thread_blocked, id=16784, stack(0x00000022d4200000,0x00000022d4300000)]
  0x000002198922c800 JavaThread "Unconstrained build operations Thread 27" [_thread_blocked, id=7236, stack(0x00000022d4300000,0x00000022d4400000)]
  0x000002198922d800 JavaThread "Unconstrained build operations Thread 28" [_thread_blocked, id=16156, stack(0x00000022d4400000,0x00000022d4500000)]
  0x0000021989232000 JavaThread "Unconstrained build operations Thread 29" [_thread_blocked, id=10972, stack(0x00000022d4500000,0x00000022d4600000)]
  0x000002198922e000 JavaThread "Unconstrained build operations Thread 30" [_thread_blocked, id=15980, stack(0x00000022d4600000,0x00000022d4700000)]
  0x000002198922f800 JavaThread "Unconstrained build operations Thread 31" [_thread_blocked, id=11468, stack(0x00000022d4700000,0x00000022d4800000)]
  0x0000021989233000 JavaThread "Unconstrained build operations Thread 32" [_thread_blocked, id=4940, stack(0x00000022d4800000,0x00000022d4900000)]
  0x0000021989234000 JavaThread "Unconstrained build operations Thread 33" [_thread_blocked, id=13828, stack(0x00000022d4900000,0x00000022d4a00000)]
  0x0000021989234800 JavaThread "Unconstrained build operations Thread 34" [_thread_blocked, id=13564, stack(0x00000022d4a00000,0x00000022d4b00000)]
  0x000002198922f000 JavaThread "Unconstrained build operations Thread 35" [_thread_blocked, id=3136, stack(0x00000022d4b00000,0x00000022d4c00000)]
  0x0000021989236800 JavaThread "Unconstrained build operations Thread 36" [_thread_blocked, id=10328, stack(0x00000022d4c00000,0x00000022d4d00000)]
  0x0000021989235800 JavaThread "Unconstrained build operations Thread 37" [_thread_blocked, id=12328, stack(0x00000022d4d00000,0x00000022d4e00000)]
  0x0000021989230800 JavaThread "Unconstrained build operations Thread 38" [_thread_blocked, id=2280, stack(0x00000022d4e00000,0x00000022d4f00000)]
  0x0000021989238000 JavaThread "Unconstrained build operations Thread 39" [_thread_blocked, id=9284, stack(0x00000022d4f00000,0x00000022d5000000)]
  0x000002198923b000 JavaThread "Unconstrained build operations Thread 40" [_thread_blocked, id=3328, stack(0x00000022d5000000,0x00000022d5100000)]
  0x0000021989238800 JavaThread "jar transforms Thread 4" [_thread_blocked, id=8548, stack(0x00000022d5100000,0x00000022d5200000)]
  0x0000021989239800 JavaThread "Memory manager" [_thread_blocked, id=6216, stack(0x00000022d5200000,0x00000022d5300000)]
  0x00000219861ab800 JavaThread "C2 CompilerThread1" daemon [_thread_in_native, id=16340, stack(0x00000022d0e00000,0x00000022d0f00000)]

Other Threads:
  0x00000219fe94d000 VMThread "VM Thread" [stack: 0x00000022d0000000,0x00000022d0100000] [id=10272]
  0x00000219ff464000 WatcherThread [stack: 0x00000022d0a00000,0x00000022d0b00000] [id=9076]
  0x00000219e8e26000 GCTaskThread "GC Thread#0" [stack: 0x00000022cfb00000,0x00000022cfc00000] [id=11912]
  0x00000219ffe43800 GCTaskThread "GC Thread#1" [stack: 0x00000022d0c00000,0x00000022d0d00000] [id=15100]
  0x0000021987afd800 GCTaskThread "GC Thread#2" [stack: 0x00000022d1a00000,0x00000022d1b00000] [id=15388]
  0x0000021987b05000 GCTaskThread "GC Thread#3" [stack: 0x00000022d1b00000,0x00000022d1c00000] [id=16820]
  0x00000219e8e58000 ConcurrentGCThread "G1 Main Marker" [stack: 0x00000022cfc00000,0x00000022cfd00000] [id=7552]
  0x00000219e8e59800 ConcurrentGCThread "G1 Conc#0" [stack: 0x00000022cfd00000,0x00000022cfe00000] [id=9572]
  0x00000219e8ee8000 ConcurrentGCThread "G1 Refine#0" [stack: 0x00000022cfe00000,0x00000022cff00000] [id=7544]
  0x00000219e8ee9000 ConcurrentGCThread "G1 Young RemSet Sampling" [stack: 0x00000022cff00000,0x00000022d0000000] [id=11560]

Threads with active compile tasks:
C2 CompilerThread0  21006 7433       4       sun.reflect.generics.parser.SignatureParser::parsePackageNameAndSimpleClassTypeSignature (119 bytes)
C2 CompilerThread1  21006 7434 %     4       org.gradle.internal.instantiation.generator.AbstractClassGenerator::inspectType @ 250 (560 bytes)

VM state:not at safepoint (normal execution)

VM Mutex/Monitor currently owned by a thread: None

Heap address: 0x0000000080000000, size: 2048 MB, Compressed Oops mode: 32-bit
Narrow klass base: 0x0000000000000000, Narrow klass shift: 3
Compressed class space size: 1073741824 Address: 0x0000000100000000

Heap:
 garbage-first heap   total 183296K, used 119503K [0x0000000080000000, 0x0000000100000000)
  region size 1024K, 73 young (74752K), 7 survivors (7168K)
 Metaspace       used 71422K, capacity 73160K, committed 73224K, reserved 1112064K
  class space    used 9151K, capacity 9809K, committed 9856K, reserved 1048576K
Heap Regions: E=young(eden), S=young(survivor), O=old, HS=humongous(starts), HC=humongous(continues), CS=collection set, F=free, A=archive, TAMS=top-at-mark-start (previous, next)
|   0|0x0000000080000000, 0x0000000080100000, 0x0000000080100000|100%| O|  |TAMS 0x0000000080100000, 0x0000000080000000| Untracked 
|   1|0x0000000080100000, 0x0000000080200000, 0x0000000080200000|100%| O|  |TAMS 0x0000000080200000, 0x0000000080100000| Untracked 
|   2|0x0000000080200000, 0x0000000080300000, 0x0000000080300000|100%| O|  |TAMS 0x0000000080300000, 0x0000000080200000| Untracked 
|   3|0x0000000080300000, 0x0000000080400000, 0x0000000080400000|100%|HS|  |TAMS 0x0000000080400000, 0x0000000080300000| Complete 
|   4|0x0000000080400000, 0x0000000080500000, 0x0000000080500000|100%|HC|  |TAMS 0x0000000080500000, 0x0000000080400000| Complete 
|   5|0x0000000080500000, 0x0000000080600000, 0x0000000080600000|100%|HC|  |TAMS 0x0000000080600000, 0x0000000080500000| Complete 
|   6|0x0000000080600000, 0x0000000080700000, 0x0000000080700000|100%| O|  |TAMS 0x0000000080700000, 0x0000000080600000| Untracked 
|   7|0x0000000080700000, 0x0000000080800000, 0x0000000080800000|100%| O|  |TAMS 0x0000000080800000, 0x0000000080700000| Untracked 
|   8|0x0000000080800000, 0x0000000080900000, 0x0000000080900000|100%| O|  |TAMS 0x0000000080900000, 0x0000000080800000| Untracked 
|   9|0x0000000080900000, 0x0000000080a00000, 0x0000000080a00000|100%| O|  |TAMS 0x0000000080a00000, 0x0000000080900000| Untracked 
|  10|0x0000000080a00000, 0x0000000080b00000, 0x0000000080b00000|100%| O|  |TAMS 0x0000000080b00000, 0x0000000080a00000| Untracked 
|  11|0x0000000080b00000, 0x0000000080c00000, 0x0000000080c00000|100%| O|  |TAMS 0x0000000080c00000, 0x0000000080b00000| Untracked 
|  12|0x0000000080c00000, 0x0000000080d00000, 0x0000000080d00000|100%| O|  |TAMS 0x0000000080d00000, 0x0000000080c00000| Untracked 
|  13|0x0000000080d00000, 0x0000000080e00000, 0x0000000080e00000|100%| O|  |TAMS 0x0000000080e00000, 0x0000000080d00000| Untracked 
|  14|0x0000000080e00000, 0x0000000080f00000, 0x0000000080f00000|100%|HS|  |TAMS 0x0000000080f00000, 0x0000000080e00000| Complete 
|  15|0x0000000080f00000, 0x0000000081000000, 0x0000000081000000|100%| O|  |TAMS 0x0000000081000000, 0x0000000080f00000| Untracked 
|  16|0x0000000081000000, 0x0000000081100000, 0x0000000081100000|100%| O|  |TAMS 0x0000000081100000, 0x0000000081000000| Untracked 
|  17|0x0000000081100000, 0x0000000081200000, 0x0000000081200000|100%| O|  |TAMS 0x0000000081200000, 0x0000000081100000| Untracked 
|  18|0x0000000081200000, 0x0000000081300000, 0x0000000081300000|100%| O|  |TAMS 0x0000000081300000, 0x0000000081200000| Untracked 
|  19|0x0000000081300000, 0x0000000081400000, 0x0000000081400000|100%| O|  |TAMS 0x0000000081400000, 0x0000000081300000| Untracked 
|  20|0x0000000081400000, 0x0000000081500000, 0x0000000081500000|100%| O|  |TAMS 0x0000000081500000, 0x0000000081400000| Untracked 
|  21|0x0000000081500000, 0x0000000081600000, 0x0000000081600000|100%| O|  |TAMS 0x0000000081600000, 0x0000000081500000| Untracked 
|  22|0x0000000081600000, 0x0000000081700000, 0x0000000081700000|100%| O|  |TAMS 0x0000000081700000, 0x0000000081600000| Untracked 
|  23|0x0000000081700000, 0x0000000081800000, 0x0000000081800000|100%| O|  |TAMS 0x0000000081800000, 0x0000000081700000| Untracked 
|  24|0x0000000081800000, 0x0000000081900000, 0x0000000081900000|100%|HS|  |TAMS 0x0000000081900000, 0x0000000081800000| Complete 
|  25|0x0000000081900000, 0x0000000081a00000, 0x0000000081a00000|100%|HS|  |TAMS 0x0000000081a00000, 0x0000000081900000| Complete 
|  26|0x0000000081a00000, 0x0000000081b00000, 0x0000000081b00000|100%|HS|  |TAMS 0x0000000081b00000, 0x0000000081a00000| Complete 
|  27|0x0000000081b00000, 0x0000000081c00000, 0x0000000081c00000|100%|HC|  |TAMS 0x0000000081c00000, 0x0000000081b00000| Complete 
|  28|0x0000000081c00000, 0x0000000081d00000, 0x0000000081d00000|100%| O|  |TAMS 0x0000000081d00000, 0x0000000081c00000| Untracked 
|  29|0x0000000081d00000, 0x0000000081e00000, 0x0000000081e00000|100%| O|  |TAMS 0x0000000081e00000, 0x0000000081d00000| Untracked 
|  30|0x0000000081e00000, 0x0000000081f00000, 0x0000000081f00000|100%| O|  |TAMS 0x0000000081f00000, 0x0000000081e00000| Untracked 
|  31|0x0000000081f00000, 0x0000000082000000, 0x0000000082000000|100%| O|  |TAMS 0x0000000082000000, 0x0000000081f00000| Untracked 
|  32|0x0000000082000000, 0x0000000082100000, 0x0000000082100000|100%| O|  |TAMS 0x0000000082100000, 0x0000000082000000| Untracked 
|  33|0x0000000082100000, 0x0000000082200000, 0x0000000082200000|100%| O|  |TAMS 0x0000000082200000, 0x0000000082100000| Untracked 
|  34|0x0000000082200000, 0x0000000082300000, 0x0000000082300000|100%| O|  |TAMS 0x0000000082300000, 0x0000000082200000| Untracked 
|  35|0x0000000082300000, 0x0000000082400000, 0x0000000082400000|100%| O|  |TAMS 0x0000000082400000, 0x0000000082300000| Untracked 
|  36|0x0000000082400000, 0x0000000082500000, 0x0000000082500000|100%| O|  |TAMS 0x0000000082500000, 0x0000000082400000| Untracked 
|  37|0x0000000082500000, 0x0000000082600000, 0x0000000082600000|100%| O|  |TAMS 0x0000000082600000, 0x0000000082500000| Untracked 
|  38|0x0000000082600000, 0x0000000082700000, 0x0000000082700000|100%| O|  |TAMS 0x0000000082700000, 0x0000000082600000| Untracked 
|  39|0x0000000082700000, 0x0000000082800000, 0x0000000082800000|100%| O|  |TAMS 0x0000000082800000, 0x0000000082700000| Untracked 
|  40|0x0000000082800000, 0x0000000082900000, 0x0000000082900000|100%| O|  |TAMS 0x0000000082900000, 0x0000000082800000| Untracked 
|  41|0x0000000082900000, 0x0000000082a00000, 0x0000000082a00000|100%| O|  |TAMS 0x0000000082a00000, 0x0000000082900000| Untracked 
|  42|0x0000000082a00000, 0x0000000082b00000, 0x0000000082b00000|100%| O|  |TAMS 0x0000000082b00000, 0x0000000082a00000| Untracked 
|  43|0x0000000082b00000, 0x0000000082c00000, 0x0000000082c00000|100%| O|  |TAMS 0x0000000082c00000, 0x0000000082b00000| Untracked 
|  44|0x0000000082c00000, 0x0000000082cfc800, 0x0000000082d00000| 98%| O|  |TAMS 0x0000000082cfc800, 0x0000000082c00000| Untracked 
|  45|0x0000000082d00000, 0x0000000082e00000, 0x0000000082e00000|100%|HS|  |TAMS 0x0000000082d00000, 0x0000000082d00000| Complete 
|  46|0x0000000082e00000, 0x0000000082e00000, 0x0000000082f00000|  0%| F|  |TAMS 0x0000000082e00000, 0x0000000082e00000| Untracked 
|  47|0x0000000082f00000, 0x0000000082f00000, 0x0000000083000000|  0%| F|  |TAMS 0x0000000082f00000, 0x0000000082f00000| Untracked 
|  48|0x0000000083000000, 0x0000000083000000, 0x0000000083100000|  0%| F|  |TAMS 0x0000000083000000, 0x0000000083000000| Untracked 
|  49|0x0000000083100000, 0x0000000083100000, 0x0000000083200000|  0%| F|  |TAMS 0x0000000083100000, 0x0000000083100000| Untracked 
|  50|0x0000000083200000, 0x0000000083200000, 0x0000000083300000|  0%| F|  |TAMS 0x0000000083200000, 0x0000000083200000| Untracked 
|  51|0x0000000083300000, 0x0000000083300000, 0x0000000083400000|  0%| F|  |TAMS 0x0000000083300000, 0x0000000083300000| Untracked 
|  52|0x0000000083400000, 0x0000000083400000, 0x0000000083500000|  0%| F|  |TAMS 0x0000000083400000, 0x0000000083400000| Untracked 
|  53|0x0000000083500000, 0x0000000083500000, 0x0000000083600000|  0%| F|  |TAMS 0x0000000083500000, 0x0000000083500000| Untracked 
|  54|0x0000000083600000, 0x0000000083600000, 0x0000000083700000|  0%| F|  |TAMS 0x0000000083600000, 0x0000000083600000| Untracked 
|  55|0x0000000083700000, 0x0000000083700000, 0x0000000083800000|  0%| F|  |TAMS 0x0000000083700000, 0x0000000083700000| Untracked 
|  56|0x0000000083800000, 0x0000000083800000, 0x0000000083900000|  0%| F|  |TAMS 0x0000000083800000, 0x0000000083800000| Untracked 
|  57|0x0000000083900000, 0x0000000083900000, 0x0000000083a00000|  0%| F|  |TAMS 0x0000000083900000, 0x0000000083900000| Untracked 
|  58|0x0000000083a00000, 0x0000000083a00000, 0x0000000083b00000|  0%| F|  |TAMS 0x0000000083a00000, 0x0000000083a00000| Untracked 
|  59|0x0000000083b00000, 0x0000000083b00000, 0x0000000083c00000|  0%| F|  |TAMS 0x0000000083b00000, 0x0000000083b00000| Untracked 
|  60|0x0000000083c00000, 0x0000000083c00000, 0x0000000083d00000|  0%| F|  |TAMS 0x0000000083c00000, 0x0000000083c00000| Untracked 
|  61|0x0000000083d00000, 0x0000000083d00000, 0x0000000083e00000|  0%| F|  |TAMS 0x0000000083d00000, 0x0000000083d00000| Untracked 
|  62|0x0000000083e00000, 0x0000000083e00000, 0x0000000083f00000|  0%| F|  |TAMS 0x0000000083e00000, 0x0000000083e00000| Untracked 
|  63|0x0000000083f00000, 0x0000000083f00000, 0x0000000084000000|  0%| F|  |TAMS 0x0000000083f00000, 0x0000000083f00000| Untracked 
|  64|0x0000000084000000, 0x0000000084000000, 0x0000000084100000|  0%| F|  |TAMS 0x0000000084000000, 0x0000000084000000| Untracked 
|  65|0x0000000084100000, 0x0000000084100000, 0x0000000084200000|  0%| F|  |TAMS 0x0000000084100000, 0x0000000084100000| Untracked 
|  66|0x0000000084200000, 0x0000000084200000, 0x0000000084300000|  0%| F|  |TAMS 0x0000000084200000, 0x0000000084200000| Untracked 
|  67|0x0000000084300000, 0x0000000084300000, 0x0000000084400000|  0%| F|  |TAMS 0x0000000084300000, 0x0000000084300000| Untracked 
|  68|0x0000000084400000, 0x0000000084400000, 0x0000000084500000|  0%| F|  |TAMS 0x0000000084400000, 0x0000000084400000| Untracked 
|  69|0x0000000084500000, 0x0000000084500000, 0x0000000084600000|  0%| F|  |TAMS 0x0000000084500000, 0x0000000084500000| Untracked 
|  70|0x0000000084600000, 0x0000000084600000, 0x0000000084700000|  0%| F|  |TAMS 0x0000000084600000, 0x0000000084600000| Untracked 
|  71|0x0000000084700000, 0x0000000084700000, 0x0000000084800000|  0%| F|  |TAMS 0x0000000084700000, 0x0000000084700000| Untracked 
|  72|0x0000000084800000, 0x0000000084800000, 0x0000000084900000|  0%| F|  |TAMS 0x0000000084800000, 0x0000000084800000| Untracked 
|  73|0x0000000084900000, 0x0000000084900000, 0x0000000084a00000|  0%| F|  |TAMS 0x0000000084900000, 0x0000000084900000| Untracked 
|  74|0x0000000084a00000, 0x0000000084a00000, 0x0000000084b00000|  0%| F|  |TAMS 0x0000000084a00000, 0x0000000084a00000| Untracked 
|  75|0x0000000084b00000, 0x0000000084b00000, 0x0000000084c00000|  0%| F|  |TAMS 0x0000000084b00000, 0x0000000084b00000| Untracked 
|  76|0x0000000084c00000, 0x0000000084c00000, 0x0000000084d00000|  0%| F|  |TAMS 0x0000000084c00000, 0x0000000084c00000| Untracked 
|  77|0x0000000084d00000, 0x0000000084d00000, 0x0000000084e00000|  0%| F|  |TAMS 0x0000000084d00000, 0x0000000084d00000| Untracked 
|  78|0x0000000084e00000, 0x0000000084e00000, 0x0000000084f00000|  0%| F|  |TAMS 0x0000000084e00000, 0x0000000084e00000| Untracked 
|  79|0x0000000084f00000, 0x0000000084f00000, 0x0000000085000000|  0%| F|  |TAMS 0x0000000084f00000, 0x0000000084f00000| Untracked 
|  80|0x0000000085000000, 0x0000000085000000, 0x0000000085100000|  0%| F|  |TAMS 0x0000000085000000, 0x0000000085000000| Untracked 
|  81|0x0000000085100000, 0x0000000085100000, 0x0000000085200000|  0%| F|  |TAMS 0x0000000085100000, 0x0000000085100000| Untracked 
|  82|0x0000000085200000, 0x0000000085200000, 0x0000000085300000|  0%| F|  |TAMS 0x0000000085200000, 0x0000000085200000| Untracked 
|  83|0x0000000085300000, 0x0000000085300000, 0x0000000085400000|  0%| F|  |TAMS 0x0000000085300000, 0x0000000085300000| Untracked 
|  84|0x0000000085400000, 0x0000000085400000, 0x0000000085500000|  0%| F|  |TAMS 0x0000000085400000, 0x0000000085400000| Untracked 
|  85|0x0000000085500000, 0x0000000085500000, 0x0000000085600000|  0%| F|  |TAMS 0x0000000085500000, 0x0000000085500000| Untracked 
|  86|0x0000000085600000, 0x0000000085600000, 0x0000000085700000|  0%| F|  |TAMS 0x0000000085600000, 0x0000000085600000| Untracked 
|  87|0x0000000085700000, 0x0000000085700000, 0x0000000085800000|  0%| F|  |TAMS 0x0000000085700000, 0x0000000085700000| Untracked 
|  88|0x0000000085800000, 0x0000000085800000, 0x0000000085900000|  0%| F|  |TAMS 0x0000000085800000, 0x0000000085800000| Untracked 
|  89|0x0000000085900000, 0x0000000085900000, 0x0000000085a00000|  0%| F|  |TAMS 0x0000000085900000, 0x0000000085900000| Untracked 
|  90|0x0000000085a00000, 0x0000000085a00000, 0x0000000085b00000|  0%| F|  |TAMS 0x0000000085a00000, 0x0000000085a00000| Untracked 
|  91|0x0000000085b00000, 0x0000000085b00000, 0x0000000085c00000|  0%| F|  |TAMS 0x0000000085b00000, 0x0000000085b00000| Untracked 
|  92|0x0000000085c00000, 0x0000000085c00000, 0x0000000085d00000|  0%| F|  |TAMS 0x0000000085c00000, 0x0000000085c00000| Untracked 
|  93|0x0000000085d00000, 0x0000000085d00000, 0x0000000085e00000|  0%| F|  |TAMS 0x0000000085d00000, 0x0000000085d00000| Untracked 
|  94|0x0000000085e00000, 0x0000000085eb7500, 0x0000000085f00000| 71%| S|CS|TAMS 0x0000000085e00000, 0x0000000085e00000| Complete 
|  95|0x0000000085f00000, 0x0000000086000000, 0x0000000086000000|100%| S|CS|TAMS 0x0000000085f00000, 0x0000000085f00000| Complete 
|  96|0x0000000086000000, 0x0000000086100000, 0x0000000086100000|100%| S|CS|TAMS 0x0000000086000000, 0x0000000086000000| Complete 
|  97|0x0000000086100000, 0x0000000086200000, 0x0000000086200000|100%| S|CS|TAMS 0x0000000086100000, 0x0000000086100000| Complete 
|  98|0x0000000086200000, 0x0000000086300000, 0x0000000086300000|100%| S|CS|TAMS 0x0000000086200000, 0x0000000086200000| Complete 
|  99|0x0000000086300000, 0x0000000086400000, 0x0000000086400000|100%| S|CS|TAMS 0x0000000086300000, 0x0000000086300000| Complete 
| 100|0x0000000086400000, 0x0000000086500000, 0x0000000086500000|100%| S|CS|TAMS 0x0000000086400000, 0x0000000086400000| Complete 
| 101|0x0000000086500000, 0x0000000086500000, 0x0000000086600000|  0%| F|  |TAMS 0x0000000086500000, 0x0000000086500000| Untracked 
| 102|0x0000000086600000, 0x0000000086600000, 0x0000000086700000|  0%| F|  |TAMS 0x0000000086600000, 0x0000000086600000| Untracked 
| 103|0x0000000086700000, 0x0000000086700000, 0x0000000086800000|  0%| F|  |TAMS 0x0000000086700000, 0x0000000086700000| Untracked 
| 104|0x0000000086800000, 0x0000000086800000, 0x0000000086900000|  0%| F|  |TAMS 0x0000000086800000, 0x0000000086800000| Untracked 
| 105|0x0000000086900000, 0x0000000086900000, 0x0000000086a00000|  0%| F|  |TAMS 0x0000000086900000, 0x0000000086900000| Untracked 
| 106|0x0000000086a00000, 0x0000000086a00000, 0x0000000086b00000|  0%| F|  |TAMS 0x0000000086a00000, 0x0000000086a00000| Untracked 
| 107|0x0000000086b00000, 0x0000000086b00000, 0x0000000086c00000|  0%| F|  |TAMS 0x0000000086b00000, 0x0000000086b00000| Untracked 
| 108|0x0000000086c00000, 0x0000000086c00000, 0x0000000086d00000|  0%| F|  |TAMS 0x0000000086c00000, 0x0000000086c00000| Untracked 
| 109|0x0000000086d00000, 0x0000000086d00000, 0x0000000086e00000|  0%| F|  |TAMS 0x0000000086d00000, 0x0000000086d00000| Untracked 
| 110|0x0000000086e00000, 0x0000000086e00000, 0x0000000086f00000|  0%| F|  |TAMS 0x0000000086e00000, 0x0000000086e00000| Untracked 
| 111|0x0000000086f00000, 0x0000000086f00000, 0x0000000087000000|  0%| F|  |TAMS 0x0000000086f00000, 0x0000000086f00000| Untracked 
| 112|0x0000000087000000, 0x0000000087000000, 0x0000000087100000|  0%| F|  |TAMS 0x0000000087000000, 0x0000000087000000| Untracked 
| 113|0x0000000087100000, 0x0000000087200000, 0x0000000087200000|100%| E|  |TAMS 0x0000000087100000, 0x0000000087100000| Complete 
| 114|0x0000000087200000, 0x0000000087300000, 0x0000000087300000|100%| E|CS|TAMS 0x0000000087200000, 0x0000000087200000| Complete 
| 115|0x0000000087300000, 0x0000000087400000, 0x0000000087400000|100%| E|CS|TAMS 0x0000000087300000, 0x0000000087300000| Complete 
| 116|0x0000000087400000, 0x0000000087500000, 0x0000000087500000|100%| E|CS|TAMS 0x0000000087400000, 0x0000000087400000| Complete 
| 117|0x0000000087500000, 0x0000000087600000, 0x0000000087600000|100%| E|CS|TAMS 0x0000000087500000, 0x0000000087500000| Complete 
| 118|0x0000000087600000, 0x0000000087700000, 0x0000000087700000|100%| E|CS|TAMS 0x0000000087600000, 0x0000000087600000| Complete 
| 119|0x0000000087700000, 0x0000000087800000, 0x0000000087800000|100%| E|CS|TAMS 0x0000000087700000, 0x0000000087700000| Complete 
| 120|0x0000000087800000, 0x0000000087900000, 0x0000000087900000|100%| E|CS|TAMS 0x0000000087800000, 0x0000000087800000| Complete 
| 121|0x0000000087900000, 0x0000000087a00000, 0x0000000087a00000|100%| E|CS|TAMS 0x0000000087900000, 0x0000000087900000| Complete 
| 122|0x0000000087a00000, 0x0000000087b00000, 0x0000000087b00000|100%| E|CS|TAMS 0x0000000087a00000, 0x0000000087a00000| Complete 
| 123|0x0000000087b00000, 0x0000000087c00000, 0x0000000087c00000|100%| E|CS|TAMS 0x0000000087b00000, 0x0000000087b00000| Complete 
| 124|0x0000000087c00000, 0x0000000087d00000, 0x0000000087d00000|100%| E|CS|TAMS 0x0000000087c00000, 0x0000000087c00000| Complete 
| 125|0x0000000087d00000, 0x0000000087e00000, 0x0000000087e00000|100%| E|CS|TAMS 0x0000000087d00000, 0x0000000087d00000| Complete 
| 126|0x0000000087e00000, 0x0000000087f00000, 0x0000000087f00000|100%| E|CS|TAMS 0x0000000087e00000, 0x0000000087e00000| Complete 
| 127|0x0000000087f00000, 0x0000000088000000, 0x0000000088000000|100%| E|CS|TAMS 0x0000000087f00000, 0x0000000087f00000| Complete 
| 128|0x0000000088000000, 0x0000000088100000, 0x0000000088100000|100%| E|CS|TAMS 0x0000000088000000, 0x0000000088000000| Complete 
| 129|0x0000000088100000, 0x0000000088200000, 0x0000000088200000|100%| E|CS|TAMS 0x0000000088100000, 0x0000000088100000| Complete 
| 130|0x0000000088200000, 0x0000000088300000, 0x0000000088300000|100%| E|CS|TAMS 0x0000000088200000, 0x0000000088200000| Complete 
| 131|0x0000000088300000, 0x0000000088400000, 0x0000000088400000|100%| E|CS|TAMS 0x0000000088300000, 0x0000000088300000| Complete 
| 132|0x0000000088400000, 0x0000000088500000, 0x0000000088500000|100%| E|CS|TAMS 0x0000000088400000, 0x0000000088400000| Complete 
| 133|0x0000000088500000, 0x0000000088600000, 0x0000000088600000|100%| E|CS|TAMS 0x0000000088500000, 0x0000000088500000| Complete 
| 134|0x0000000088600000, 0x0000000088700000, 0x0000000088700000|100%| E|CS|TAMS 0x0000000088600000, 0x0000000088600000| Complete 
| 135|0x0000000088700000, 0x0000000088800000, 0x0000000088800000|100%| E|CS|TAMS 0x0000000088700000, 0x0000000088700000| Complete 
| 136|0x0000000088800000, 0x0000000088900000, 0x0000000088900000|100%| E|CS|TAMS 0x0000000088800000, 0x0000000088800000| Complete 
| 137|0x0000000088900000, 0x0000000088a00000, 0x0000000088a00000|100%| E|CS|TAMS 0x0000000088900000, 0x0000000088900000| Complete 
| 138|0x0000000088a00000, 0x0000000088b00000, 0x0000000088b00000|100%| E|CS|TAMS 0x0000000088a00000, 0x0000000088a00000| Complete 
| 139|0x0000000088b00000, 0x0000000088c00000, 0x0000000088c00000|100%| E|CS|TAMS 0x0000000088b00000, 0x0000000088b00000| Complete 
| 140|0x0000000088c00000, 0x0000000088d00000, 0x0000000088d00000|100%| E|CS|TAMS 0x0000000088c00000, 0x0000000088c00000| Complete 
| 141|0x0000000088d00000, 0x0000000088e00000, 0x0000000088e00000|100%| E|CS|TAMS 0x0000000088d00000, 0x0000000088d00000| Complete 
| 142|0x0000000088e00000, 0x0000000088f00000, 0x0000000088f00000|100%| E|CS|TAMS 0x0000000088e00000, 0x0000000088e00000| Complete 
| 143|0x0000000088f00000, 0x0000000089000000, 0x0000000089000000|100%| E|CS|TAMS 0x0000000088f00000, 0x0000000088f00000| Complete 
| 144|0x0000000089000000, 0x0000000089100000, 0x0000000089100000|100%| E|CS|TAMS 0x0000000089000000, 0x0000000089000000| Complete 
| 145|0x0000000089100000, 0x0000000089200000, 0x0000000089200000|100%| E|CS|TAMS 0x0000000089100000, 0x0000000089100000| Complete 
| 146|0x0000000089200000, 0x0000000089300000, 0x0000000089300000|100%| E|CS|TAMS 0x0000000089200000, 0x0000000089200000| Complete 
| 147|0x0000000089300000, 0x0000000089400000, 0x0000000089400000|100%| E|CS|TAMS 0x0000000089300000, 0x0000000089300000| Complete 
| 148|0x0000000089400000, 0x0000000089500000, 0x0000000089500000|100%| E|CS|TAMS 0x0000000089400000, 0x0000000089400000| Complete 
| 149|0x0000000089500000, 0x0000000089600000, 0x0000000089600000|100%| E|CS|TAMS 0x0000000089500000, 0x0000000089500000| Complete 
| 150|0x0000000089600000, 0x0000000089700000, 0x0000000089700000|100%| E|CS|TAMS 0x0000000089600000, 0x0000000089600000| Complete 
| 151|0x0000000089700000, 0x0000000089800000, 0x0000000089800000|100%| E|CS|TAMS 0x0000000089700000, 0x0000000089700000| Complete 
| 152|0x0000000089800000, 0x0000000089900000, 0x0000000089900000|100%| E|CS|TAMS 0x0000000089800000, 0x0000000089800000| Complete 
| 153|0x0000000089900000, 0x0000000089a00000, 0x0000000089a00000|100%| E|CS|TAMS 0x0000000089900000, 0x0000000089900000| Complete 
| 154|0x0000000089a00000, 0x0000000089b00000, 0x0000000089b00000|100%| E|CS|TAMS 0x0000000089a00000, 0x0000000089a00000| Complete 
| 155|0x0000000089b00000, 0x0000000089c00000, 0x0000000089c00000|100%| E|CS|TAMS 0x0000000089b00000, 0x0000000089b00000| Complete 
| 156|0x0000000089c00000, 0x0000000089d00000, 0x0000000089d00000|100%| E|CS|TAMS 0x0000000089c00000, 0x0000000089c00000| Complete 
| 157|0x0000000089d00000, 0x0000000089e00000, 0x0000000089e00000|100%| E|CS|TAMS 0x0000000089d00000, 0x0000000089d00000| Complete 
| 158|0x0000000089e00000, 0x0000000089f00000, 0x0000000089f00000|100%| E|CS|TAMS 0x0000000089e00000, 0x0000000089e00000| Complete 
| 159|0x0000000089f00000, 0x000000008a000000, 0x000000008a000000|100%| E|CS|TAMS 0x0000000089f00000, 0x0000000089f00000| Complete 
| 160|0x000000008a000000, 0x000000008a100000, 0x000000008a100000|100%| E|CS|TAMS 0x000000008a000000, 0x000000008a000000| Complete 
| 161|0x000000008a100000, 0x000000008a200000, 0x000000008a200000|100%| E|CS|TAMS 0x000000008a100000, 0x000000008a100000| Complete 
| 162|0x000000008a200000, 0x000000008a300000, 0x000000008a300000|100%| E|CS|TAMS 0x000000008a200000, 0x000000008a200000| Complete 
| 163|0x000000008a300000, 0x000000008a400000, 0x000000008a400000|100%| E|CS|TAMS 0x000000008a300000, 0x000000008a300000| Complete 
| 164|0x000000008a400000, 0x000000008a500000, 0x000000008a500000|100%| E|CS|TAMS 0x000000008a400000, 0x000000008a400000| Complete 
| 165|0x000000008a500000, 0x000000008a600000, 0x000000008a600000|100%| E|CS|TAMS 0x000000008a500000, 0x000000008a500000| Complete 
| 166|0x000000008a600000, 0x000000008a700000, 0x000000008a700000|100%| E|CS|TAMS 0x000000008a600000, 0x000000008a600000| Complete 
| 167|0x000000008a700000, 0x000000008a800000, 0x000000008a800000|100%| E|CS|TAMS 0x000000008a700000, 0x000000008a700000| Complete 
| 168|0x000000008a800000, 0x000000008a900000, 0x000000008a900000|100%| E|CS|TAMS 0x000000008a800000, 0x000000008a800000| Complete 
| 169|0x000000008a900000, 0x000000008aa00000, 0x000000008aa00000|100%| E|CS|TAMS 0x000000008a900000, 0x000000008a900000| Complete 
| 170|0x000000008aa00000, 0x000000008ab00000, 0x000000008ab00000|100%| E|  |TAMS 0x000000008aa00000, 0x000000008aa00000| Complete 
| 171|0x000000008ab00000, 0x000000008ac00000, 0x000000008ac00000|100%| E|CS|TAMS 0x000000008ab00000, 0x000000008ab00000| Complete 
| 172|0x000000008ac00000, 0x000000008ad00000, 0x000000008ad00000|100%| E|CS|TAMS 0x000000008ac00000, 0x000000008ac00000| Complete 
| 173|0x000000008ad00000, 0x000000008ae00000, 0x000000008ae00000|100%| E|CS|TAMS 0x000000008ad00000, 0x000000008ad00000| Complete 
| 174|0x000000008ae00000, 0x000000008af00000, 0x000000008af00000|100%| E|CS|TAMS 0x000000008ae00000, 0x000000008ae00000| Complete 
| 175|0x000000008af00000, 0x000000008b000000, 0x000000008b000000|100%| E|CS|TAMS 0x000000008af00000, 0x000000008af00000| Complete 
| 176|0x000000008b000000, 0x000000008b100000, 0x000000008b100000|100%| E|CS|TAMS 0x000000008b000000, 0x000000008b000000| Complete 
| 177|0x000000008b100000, 0x000000008b200000, 0x000000008b200000|100%| E|CS|TAMS 0x000000008b100000, 0x000000008b100000| Complete 
| 178|0x000000008b200000, 0x000000008b300000, 0x000000008b300000|100%| E|CS|TAMS 0x000000008b200000, 0x000000008b200000| Complete 

Card table byte_map: [0x00000219fdb10000,0x00000219fdf10000] _byte_map_base: 0x00000219fd710000

Marking Bits (Prev, Next): (CMBitMap*) 0x00000219e8e4f4e8, (CMBitMap*) 0x00000219e8e4f520
 Prev Bits: [0x0000021980000000, 0x0000021982000000)
 Next Bits: [0x0000021982000000, 0x0000021984000000)

Polling page: 0x00000219e8cd0000

Metaspace:

Usage:
  Non-class:     61.87 MB capacity,    60.81 MB ( 98%) used,   900.61 KB (  1%) free+waste,   180.00 KB ( <1%) overhead. 
      Class:      9.58 MB capacity,     8.94 MB ( 93%) used,   573.43 KB (  6%) free+waste,    83.88 KB ( <1%) overhead. 
       Both:     71.45 MB capacity,    69.75 MB ( 98%) used,     1.44 MB (  2%) free+waste,   263.88 KB ( <1%) overhead. 

Virtual space:
  Non-class space:       62.00 MB reserved,      61.88 MB (>99%) committed 
      Class space:        1.00 GB reserved,       9.63 MB ( <1%) committed 
             Both:        1.06 GB reserved,      71.51 MB (  7%) committed 

Chunk freelists:
   Non-Class:  17.00 KB
       Class:  15.00 KB
        Both:  32.00 KB

MaxMetaspaceSize: 17179869184.00 GB
CompressedClassSpaceSize: 1.00 GB

CodeHeap 'non-profiled nmethods': size=120064Kb used=4528Kb max_used=4528Kb free=115535Kb
 bounds [0x00000219f5bb0000, 0x00000219f6020000, 0x00000219fd0f0000]
CodeHeap 'profiled nmethods': size=120000Kb used=15224Kb max_used=15224Kb free=104776Kb
 bounds [0x00000219ee680000, 0x00000219ef560000, 0x00000219f5bb0000]
CodeHeap 'non-nmethods': size=5696Kb used=2271Kb max_used=2312Kb free=3425Kb
 bounds [0x00000219ee0f0000, 0x00000219ee360000, 0x00000219ee680000]
 total_blobs=8234 nmethods=7367 adapters=778
 compilation: enabled
              stopped_count=0, restarted_count=0
 full_count=0

Compilation events (20 events):
Event: 20.866 Thread 0x00000219fe97a000 7456       3       com.google.common.primitives.Ints::saturatedCast (25 bytes)
Event: 20.867 Thread 0x00000219fe97a000 nmethod 7456 0x00000219ef555d90 code [0x00000219ef555f40, 0x00000219ef5560d8]
Event: 20.868 Thread 0x00000219fe97a000 7457       3       java.util.LinkedHashMap$LinkedEntrySet::size (8 bytes)
Event: 20.868 Thread 0x00000219fe97a000 nmethod 7457 0x00000219ef556190 code [0x00000219ef556340, 0x00000219ef556458]
Event: 20.868 Thread 0x00000219fe97a000 7458       3       org.apache.commons.lang.StringUtils::containsAny (128 bytes)
Event: 20.871 Thread 0x00000219fe97a000 nmethod 7458 0x00000219ef556510 code [0x00000219ef556820, 0x00000219ef557b68]
Event: 20.871 Thread 0x00000219fe97a000 7459       3       org.gradle.api.internal.attributes.DefaultImmutableAttributesFactory::mutable (9 bytes)
Event: 20.871 Thread 0x00000219fe97a000 nmethod 7459 0x00000219ef558390 code [0x00000219ef558560, 0x00000219ef558898]
Event: 20.871 Thread 0x00000219fe97a000 7460       3       org.gradle.api.internal.attributes.DefaultMutableAttributeContainer::<init> (7 bytes)
Event: 20.871 Thread 0x00000219fe97a000 nmethod 7460 0x00000219ef558a10 code [0x00000219ef558be0, 0x00000219ef558e98]
Event: 20.871 Thread 0x00000219fe97a000 7461       1       org.gradle.api.internal.project.DefaultProjectStateRegistry::access$100 (5 bytes)
Event: 20.871 Thread 0x00000219fe97a000 nmethod 7461 0x00000219f601bb10 code [0x00000219f601bcc0, 0x00000219f601bd58]
Event: 20.873 Thread 0x00000219fe97a000 7462       1       org.gradle.api.internal.collections.AbstractIterationOrderRetainingElementSource::getInserted (5 bytes)
Event: 20.873 Thread 0x00000219fe97a000 nmethod 7462 0x00000219f601be10 code [0x00000219f601bfc0, 0x00000219f601c078]
Event: 20.873 Thread 0x00000219fe97a000 7463       3       com.google.common.collect.AbstractIndexedListIterator::next (31 bytes)
Event: 20.874 Thread 0x00000219fe97a000 nmethod 7463 0x00000219ef558f90 code [0x00000219ef559180, 0x00000219ef5594f8]
Event: 20.874 Thread 0x00000219fe97a000 7465       3       org.gradle.api.internal.model.DefaultObjectFactory::property (172 bytes)
Event: 20.877 Thread 0x00000219fe97a000 nmethod 7465 0x00000219ef559610 code [0x00000219ef559ce0, 0x00000219ef55cad8]
Event: 20.877 Thread 0x00000219fe97a000 7464       3       com.google.common.collect.Iterators$ArrayItr::get (12 bytes)
Event: 20.878 Thread 0x00000219fe97a000 nmethod 7464 0x00000219ef55dc10 code [0x00000219ef55ddc0, 0x00000219ef55def8]

GC Heap History (20 events):
Event: 0.880 GC heap before
{Heap before GC invocations=1 (full 0):
 garbage-first heap   total 126976K, used 18874K [0x0000000080000000, 0x0000000100000000)
  region size 1024K, 12 young (12288K), 2 survivors (2048K)
 Metaspace       used 10185K, capacity 10485K, committed 10624K, reserved 1058816K
  class space    used 1069K, capacity 1139K, committed 1152K, reserved 1048576K
}
Event: 0.884 GC heap after
{Heap after GC invocations=2 (full 0):
 garbage-first heap   total 126976K, used 9705K [0x0000000080000000, 0x0000000100000000)
  region size 1024K, 2 young (2048K), 2 survivors (2048K)
 Metaspace       used 10185K, capacity 10485K, committed 10624K, reserved 1058816K
  class space    used 1069K, capacity 1139K, committed 1152K, reserved 1048576K
}
Event: 1.405 GC heap before
{Heap before GC invocations=2 (full 0):
 garbage-first heap   total 126976K, used 48617K [0x0000000080000000, 0x0000000100000000)
  region size 1024K, 40 young (40960K), 2 survivors (2048K)
 Metaspace       used 11282K, capacity 11504K, committed 11776K, reserved 1060864K
  class space    used 1175K, capacity 1244K, committed 1280K, reserved 1048576K
}
Event: 1.412 GC heap after
{Heap after GC invocations=3 (full 0):
 garbage-first heap   total 126976K, used 14059K [0x0000000080000000, 0x0000000100000000)
  region size 1024K, 5 young (5120K), 5 survivors (5120K)
 Metaspace       used 11282K, capacity 11504K, committed 11776K, reserved 1060864K
  class space    used 1175K, capacity 1244K, committed 1280K, reserved 1048576K
}
Event: 3.334 GC heap before
{Heap before GC invocations=3 (full 0):
 garbage-first heap   total 126976K, used 72427K [0x0000000080000000, 0x0000000100000000)
  region size 1024K, 63 young (64512K), 5 survivors (5120K)
 Metaspace       used 20620K, capacity 21100K, committed 21296K, reserved 1069056K
  class space    used 2531K, capacity 2660K, committed 2688K, reserved 1048576K
}
Event: 3.346 GC heap after
{Heap after GC invocations=4 (full 0):
 garbage-first heap   total 126976K, used 17602K [0x0000000080000000, 0x0000000100000000)
  region size 1024K, 8 young (8192K), 8 survivors (8192K)
 Metaspace       used 20620K, capacity 21100K, committed 21296K, reserved 1069056K
  class space    used 2531K, capacity 2660K, committed 2688K, reserved 1048576K
}
Event: 4.400 GC heap before
{Heap before GC invocations=5 (full 0):
 garbage-first heap   total 126976K, used 81090K [0x0000000080000000, 0x0000000100000000)
  region size 1024K, 70 young (71680K), 8 survivors (8192K)
 Metaspace       used 26686K, capacity 27304K, committed 27648K, reserved 1073152K
  class space    used 3516K, capacity 3737K, committed 3840K, reserved 1048576K
}
Event: 4.416 GC heap after
{Heap after GC invocations=6 (full 0):
 garbage-first heap   total 152576K, used 19920K [0x0000000080000000, 0x0000000100000000)
  region size 1024K, 6 young (6144K), 6 survivors (6144K)
 Metaspace       used 26686K, capacity 27304K, committed 27648K, reserved 1073152K
  class space    used 3516K, capacity 3737K, committed 3840K, reserved 1048576K
}
Event: 6.203 GC heap before
{Heap before GC invocations=6 (full 0):
 garbage-first heap   total 152576K, used 68048K [0x0000000080000000, 0x0000000100000000)
  region size 1024K, 54 young (55296K), 6 survivors (6144K)
 Metaspace       used 35044K, capacity 35842K, committed 36048K, reserved 1081344K
  class space    used 4554K, capacity 4863K, committed 4864K, reserved 1048576K
}
Event: 6.221 GC heap after
{Heap after GC invocations=7 (full 0):
 garbage-first heap   total 152576K, used 23163K [0x0000000080000000, 0x0000000100000000)
  region size 1024K, 9 young (9216K), 9 survivors (9216K)
 Metaspace       used 35044K, capacity 35842K, committed 36048K, reserved 1081344K
  class space    used 4554K, capacity 4863K, committed 4864K, reserved 1048576K
}
Event: 7.889 GC heap before
{Heap before GC invocations=8 (full 0):
 garbage-first heap   total 152576K, used 107131K [0x0000000080000000, 0x0000000100000000)
  region size 1024K, 89 young (91136K), 9 survivors (9216K)
 Metaspace       used 41391K, capacity 42371K, committed 42576K, reserved 1085440K
  class space    used 5332K, capacity 5682K, committed 5760K, reserved 1048576K
}
Event: 7.910 GC heap after
{Heap after GC invocations=9 (full 0):
 garbage-first heap   total 152576K, used 28931K [0x0000000080000000, 0x0000000100000000)
  region size 1024K, 12 young (12288K), 12 survivors (12288K)
 Metaspace       used 41391K, capacity 42371K, committed 42576K, reserved 1085440K
  class space    used 5332K, capacity 5682K, committed 5760K, reserved 1048576K
}
Event: 9.928 GC heap before
{Heap before GC invocations=9 (full 0):
 garbage-first heap   total 152576K, used 107779K [0x0000000080000000, 0x0000000100000000)
  region size 1024K, 89 young (91136K), 12 survivors (12288K)
 Metaspace       used 47344K, capacity 48491K, committed 48720K, reserved 1091584K
  class space    used 6062K, capacity 6528K, committed 6528K, reserved 1048576K
}
Event: 9.961 GC heap after
{Heap after GC invocations=10 (full 0):
 garbage-first heap   total 152576K, used 30943K [0x0000000080000000, 0x0000000100000000)
  region size 1024K, 8 young (8192K), 8 survivors (8192K)
 Metaspace       used 47344K, capacity 48491K, committed 48720K, reserved 1091584K
  class space    used 6062K, capacity 6528K, committed 6528K, reserved 1048576K
}
Event: 13.838 GC heap before
{Heap before GC invocations=10 (full 0):
 garbage-first heap   total 152576K, used 117983K [0x0000000080000000, 0x0000000100000000)
  region size 1024K, 89 young (91136K), 8 survivors (8192K)
 Metaspace       used 53562K, capacity 54771K, committed 54992K, reserved 1097728K
  class space    used 6898K, capacity 7388K, committed 7424K, reserved 1048576K
}
Event: 13.861 GC heap after
{Heap after GC invocations=11 (full 0):
 garbage-first heap   total 183296K, used 45740K [0x0000000080000000, 0x0000000100000000)
  region size 1024K, 12 young (12288K), 12 survivors (12288K)
 Metaspace       used 53562K, capacity 54771K, committed 54992K, reserved 1097728K
  class space    used 6898K, capacity 7388K, committed 7424K, reserved 1048576K
}
Event: 16.216 GC heap before
{Heap before GC invocations=11 (full 0):
 garbage-first heap   total 183296K, used 90796K [0x0000000080000000, 0x0000000100000000)
  region size 1024K, 57 young (58368K), 12 survivors (12288K)
 Metaspace       used 58747K, capacity 60103K, committed 60296K, reserved 1101824K
  class space    used 7547K, capacity 8100K, committed 8192K, reserved 1048576K
}
Event: 16.238 GC heap after
{Heap after GC invocations=12 (full 0):
 garbage-first heap   total 183296K, used 48615K [0x0000000080000000, 0x0000000100000000)
  region size 1024K, 3 young (3072K), 3 survivors (3072K)
 Metaspace       used 58747K, capacity 60103K, committed 60296K, reserved 1101824K
  class space    used 7547K, capacity 8100K, committed 8192K, reserved 1048576K
}
Event: 18.735 GC heap before
{Heap before GC invocations=13 (full 0):
 garbage-first heap   total 183296K, used 124391K [0x0000000080000000, 0x0000000100000000)
  region size 1024K, 78 young (79872K), 3 survivors (3072K)
 Metaspace       used 68008K, capacity 69578K, committed 69640K, reserved 1110016K
  class space    used 8677K, capacity 9307K, committed 9344K, reserved 1048576K
}
Event: 18.750 GC heap after
{Heap after GC invocations=14 (full 0):
 garbage-first heap   total 183296K, used 52943K [0x0000000080000000, 0x0000000100000000)
  region size 1024K, 7 young (7168K), 7 survivors (7168K)
 Metaspace       used 68008K, capacity 69578K, committed 69640K, reserved 1110016K
  class space    used 8677K, capacity 9307K, committed 9344K, reserved 1048576K
}

Deoptimization events (20 events):
Event: 19.495 Thread 0x00000219882fb000 DEOPT PACKING pc=0x00000219ef0d7a87 sp=0x00000022d13f7d60
Event: 19.495 Thread 0x00000219882fb000 DEOPT UNPACKING pc=0x00000219ee116dde sp=0x00000022d13f7270 mode 0
Event: 19.527 Thread 0x00000219882fb000 DEOPT PACKING pc=0x00000219eee2f804 sp=0x00000022d13f82a0
Event: 19.527 Thread 0x00000219882fb000 DEOPT UNPACKING pc=0x00000219ee116dde sp=0x00000022d13f7798 mode 0
Event: 19.642 Thread 0x00000219882fb000 Uncommon trap: trap_request=0xffffffde fr.pc=0x00000219f5bd0064 relative=0x00000000000001c4
Event: 19.642 Thread 0x00000219882fb000 Uncommon trap: reason=class_check action=maybe_recompile pc=0x00000219f5bd0064 method=java.lang.String.equals(Ljava/lang/Object;)Z @ 8 c2
Event: 19.642 Thread 0x00000219882fb000 DEOPT PACKING pc=0x00000219f5bd0064 sp=0x00000022d13f8140
Event: 19.642 Thread 0x00000219882fb000 DEOPT UNPACKING pc=0x00000219ee11662f sp=0x00000022d13f80e8 mode 2
Event: 19.642 Thread 0x00000219882fb000 Uncommon trap: trap_request=0xffffffde fr.pc=0x00000219f5bd0064 relative=0x00000000000001c4
Event: 19.642 Thread 0x00000219882fb000 Uncommon trap: reason=class_check action=maybe_recompile pc=0x00000219f5bd0064 method=java.lang.String.equals(Ljava/lang/Object;)Z @ 8 c2
Event: 19.642 Thread 0x00000219882fb000 DEOPT PACKING pc=0x00000219f5bd0064 sp=0x00000022d13f8140
Event: 19.642 Thread 0x00000219882fb000 DEOPT UNPACKING pc=0x00000219ee11662f sp=0x00000022d13f80e8 mode 2
Event: 19.648 Thread 0x00000219882fb000 Uncommon trap: trap_request=0xffffffde fr.pc=0x00000219f5bd0064 relative=0x00000000000001c4
Event: 19.648 Thread 0x00000219882fb000 Uncommon trap: reason=class_check action=maybe_recompile pc=0x00000219f5bd0064 method=java.lang.String.equals(Ljava/lang/Object;)Z @ 8 c2
Event: 19.648 Thread 0x00000219882fb000 DEOPT PACKING pc=0x00000219f5bd0064 sp=0x00000022d13f8060
Event: 19.648 Thread 0x00000219882fb000 DEOPT UNPACKING pc=0x00000219ee11662f sp=0x00000022d13f8008 mode 2
Event: 19.947 Thread 0x00000219882fb000 Uncommon trap: trap_request=0xffffff4d fr.pc=0x00000219f5d44980 relative=0x0000000000000340
Event: 19.947 Thread 0x00000219882fb000 Uncommon trap: reason=unstable_if action=reinterpret pc=0x00000219f5d44980 method=java.util.StringJoiner.add(Ljava/lang/CharSequence;)Ljava/util/StringJoiner; @ 33 c2
Event: 19.947 Thread 0x00000219882fb000 DEOPT PACKING pc=0x00000219f5d44980 sp=0x00000022d13f5b00
Event: 19.947 Thread 0x00000219882fb000 DEOPT UNPACKING pc=0x00000219ee11662f sp=0x00000022d13f5ab0 mode 2

Classes redefined (0 events):
No events

Internal exceptions (20 events):
Event: 20.170 Thread 0x00000219882fb000 Exception <a 'java/lang/ClassNotFoundException'{0x00000000885572f0}: com/android/builder/core/AbstractBuildTypeCustomizer> (0x00000000885572f0) thrown at [./src/hotspot/share/classfile/systemDictionary.cpp, line 231]
Event: 20.172 Thread 0x00000219882fb000 Exception <a 'java/lang/ClassNotFoundException'{0x000000008858d8d8}: com/android/build/gradle/internal/dsl/BuildTypeCustomizer> (0x000000008858d8d8) thrown at [./src/hotspot/share/classfile/systemDictionary.cpp, line 231]
Event: 20.177 Thread 0x00000219882fb000 Exception <a 'java/lang/ClassNotFoundException'{0x0000000088422dd0}: com/android/build/gradle/internal/dsl/BuildType$AgpDecoratedCustomizer> (0x0000000088422dd0) thrown at [./src/hotspot/share/classfile/systemDictionary.cpp, line 231]
Event: 20.179 Thread 0x00000219882fb000 Exception <a 'java/lang/ClassNotFoundException'{0x0000000088470688}: com/android/build/gradle/internal/dsl/BuildType$AgpDecorated_DecoratedCustomizer> (0x0000000088470688) thrown at [./src/hotspot/share/classfile/systemDictionary.cpp, line 231]
Event: 20.184 Thread 0x00000219882fb000 Exception <a 'java/lang/ClassNotFoundException'{0x0000000088338380}: build_r53wl5eyvk8shmbbreqflz14$_run_closure1$_closure4BeanInfo> (0x0000000088338380) thrown at [./src/hotspot/share/classfile/systemDictionary.cpp, line 231]
Event: 20.185 Thread 0x00000219882fb000 Exception <a 'java/lang/ClassNotFoundException'{0x0000000088349780}: build_r53wl5eyvk8shmbbreqflz14$_run_closure1$_closure4Customizer> (0x0000000088349780) thrown at [./src/hotspot/share/classfile/systemDictionary.cpp, line 231]
Event: 20.187 Thread 0x00000219882fb000 Exception <a 'java/lang/ClassNotFoundException'{0x0000000088373098}: build_r53wl5eyvk8shmbbreqflz14$_run_closure1BeanInfo> (0x0000000088373098) thrown at [./src/hotspot/share/classfile/systemDictionary.cpp, line 231]
Event: 20.187 Thread 0x00000219882fb000 Exception <a 'java/lang/ClassNotFoundException'{0x0000000088383c70}: build_r53wl5eyvk8shmbbreqflz14$_run_closure1Customizer> (0x0000000088383c70) thrown at [./src/hotspot/share/classfile/systemDictionary.cpp, line 231]
Event: 20.192 Thread 0x00000219882fb000 Exception <a 'java/lang/ClassNotFoundException'{0x00000000883e2fa0}: org/gradle/api/JavaVersionBeanInfo> (0x00000000883e2fa0) thrown at [./src/hotspot/share/classfile/systemDictionary.cpp, line 231]
Event: 20.194 Thread 0x00000219882fb000 Exception <a 'java/lang/ClassNotFoundException'{0x000000008820e1a8}: org/gradle/api/JavaVersionCustomizer> (0x000000008820e1a8) thrown at [./src/hotspot/share/classfile/systemDictionary.cpp, line 231]
Event: 20.199 Thread 0x00000219882fb000 Exception <a 'java/lang/ClassNotFoundException'{0x0000000088275b48}: com/android/build/gradle/internal/CompileOptions$AgpDecorated_DecoratedBeanInfo> (0x0000000088275b48) thrown at [./src/hotspot/share/classfile/systemDictionary.cpp, line 231]
Event: 20.199 Thread 0x00000219882fb000 Exception <a 'java/lang/ClassNotFoundException'{0x0000000088290ff0}: com/android/build/gradle/internal/CompileOptions$AgpDecoratedBeanInfo> (0x0000000088290ff0) thrown at [./src/hotspot/share/classfile/systemDictionary.cpp, line 231]
Event: 20.200 Thread 0x00000219882fb000 Exception <a 'java/lang/ClassNotFoundException'{0x00000000882aa3a8}: com/android/build/gradle/internal/CompileOptionsBeanInfo> (0x00000000882aa3a8) thrown at [./src/hotspot/share/classfile/systemDictionary.cpp, line 231]
Event: 20.201 Thread 0x00000219882fb000 Exception <a 'java/lang/ClassNotFoundException'{0x00000000882c3aa8}: com/android/build/gradle/internal/CompileOptionsCustomizer> (0x00000000882c3aa8) thrown at [./src/hotspot/share/classfile/systemDictionary.cpp, line 231]
Event: 20.203 Thread 0x00000219882fb000 Exception <a 'java/lang/ClassNotFoundException'{0x00000000882eaeb8}: com/android/build/gradle/internal/CompileOptions$AgpDecoratedCustomizer> (0x00000000882eaeb8) thrown at [./src/hotspot/share/classfile/systemDictionary.cpp, line 231]
Event: 20.204 Thread 0x00000219882fb000 Exception <a 'java/lang/ClassNotFoundException'{0x0000000088115fb8}: com/android/build/gradle/internal/CompileOptions$AgpDecorated_DecoratedCustomizer> (0x0000000088115fb8) thrown at [./src/hotspot/share/classfile/systemDictionary.cpp, line 231]
Event: 20.212 Thread 0x00000219882fb000 Exception <a 'java/lang/ClassNotFoundException'{0x00000000881d39c0}: org/gradle/api/internal/artifacts/dsl/dependencies/DefaultDependencyHandler_DecoratedBeanInfo> (0x00000000881d39c0) thrown at [./src/hotspot/share/classfile/systemDictionary.cpp, line 231]
Event: 20.215 Thread 0x00000219882fb000 Exception <a 'java/lang/ClassNotFoundException'{0x000000008801c560}: org/gradle/api/internal/artifacts/dsl/dependencies/DefaultDependencyHandlerBeanInfo> (0x000000008801c560) thrown at [./src/hotspot/share/classfile/systemDictionary.cpp, line 231]
Event: 20.217 Thread 0x00000219882fb000 Exception <a 'java/lang/ClassNotFoundException'{0x00000000880648f0}: org/gradle/api/internal/artifacts/dsl/dependencies/DefaultDependencyHandlerCustomizer> (0x00000000880648f0) thrown at [./src/hotspot/share/classfile/systemDictionary.cpp, line 231]
Event: 20.222 Thread 0x00000219882fb000 Exception <a 'java/lang/ClassNotFoundException'{0x00000000880d6170}: org/gradle/api/internal/artifacts/dsl/dependencies/DefaultDependencyHandler_DecoratedCustomizer> (0x00000000880d6170) thrown at [./src/hotspot/share/classfile/systemDictionary.cpp, line 231]

Events (20 events):
Event: 20.863 loading class com/android/build/gradle/internal/VariantManager$createVariantsFromCombination$2$variantExtensionConfig$1
Event: 20.863 loading class com/android/build/gradle/internal/VariantManager$createVariantsFromCombination$2$variantExtensionConfig$1 done
Event: 20.863 loading class com/android/build/api/variant/VariantExtensionConfig
Event: 20.863 loading class com/android/build/api/variant/VariantExtensionConfig done
Event: 20.874 loading class com/android/build/gradle/internal/tasks/TestPreBuildTask$CreationAction
Event: 20.874 loading class com/android/build/gradle/internal/tasks/TestPreBuildTask$CreationAction done
Event: 20.887 loading class com/android/build/gradle/internal/TaskManager$AbstractPreBuildCreationAction
Event: 20.887 loading class com/android/build/gradle/internal/TaskManager$AbstractPreBuildCreationAction done
Event: 20.888 loading class com/android/build/gradle/internal/tasks/factory/VariantTaskCreationAction
Event: 20.888 loading class com/android/build/gradle/internal/tasks/factory/VariantTaskCreationAction done
Event: 20.888 loading class com/android/build/gradle/internal/tasks/AnalyticsRecordingTask$CreationAction
Event: 20.888 loading class com/android/build/gradle/internal/tasks/AnalyticsRecordingTask$CreationAction done
Event: 20.913 loading class com/android/build/gradle/internal/tasks/AppClasspathCheckTask$CreationAction
Event: 20.913 loading class com/android/build/gradle/internal/tasks/AppClasspathCheckTask$CreationAction done
Event: 20.914 loading class com/android/build/gradle/internal/tasks/CheckMultiApkLibrariesTask$CreationAction
Event: 20.914 loading class com/android/build/gradle/internal/tasks/CheckMultiApkLibrariesTask$CreationAction done
Event: 20.930 loading class com/android/build/gradle/internal/feature/BundleAllClasses$CreationAction
Event: 20.930 loading class com/android/build/gradle/internal/feature/BundleAllClasses$CreationAction done
Event: 20.938 loading class com/android/build/gradle/tasks/ExtractDeepLinksTask$CreationAction
Event: 20.938 loading class com/android/build/gradle/tasks/ExtractDeepLinksTask$CreationAction done


Dynamic libraries:
0x00007ff7260f0000 - 0x00007ff7260fa000 	C:\Program Files\Android\Android Studio\jre\bin\java.exe
0x00007ffee4750000 - 0x00007ffee4945000 	C:\WINDOWS\SYSTEM32\ntdll.dll
0x00007ffee4650000 - 0x00007ffee470e000 	C:\WINDOWS\System32\KERNEL32.DLL
0x00007ffee1fd0000 - 0x00007ffee2298000 	C:\WINDOWS\System32\KERNELBASE.dll
0x00007ffee22d0000 - 0x00007ffee23d0000 	C:\WINDOWS\System32\ucrtbase.dll
0x00007ffed0830000 - 0x00007ffed0847000 	C:\Program Files\Android\Android Studio\jre\bin\VCRUNTIME140.dll
0x00007ffed7240000 - 0x00007ffed7259000 	C:\Program Files\Android\Android Studio\jre\bin\jli.dll
0x00007ffee36a0000 - 0x00007ffee3840000 	C:\WINDOWS\System32\USER32.dll
0x00007ffecedd0000 - 0x00007ffecf06a000 	C:\WINDOWS\WinSxS\amd64_microsoft.windows.common-controls_6595b64144ccf1df_6.0.19041.1110_none_60b5254171f9507e\COMCTL32.dll
0x00007ffee22a0000 - 0x00007ffee22c2000 	C:\WINDOWS\System32\win32u.dll
0x00007ffee27c0000 - 0x00007ffee285e000 	C:\WINDOWS\System32\msvcrt.dll
0x00007ffee2a90000 - 0x00007ffee2abb000 	C:\WINDOWS\System32\GDI32.dll
0x00007ffee2590000 - 0x00007ffee269b000 	C:\WINDOWS\System32\gdi32full.dll
0x00007ffee26a0000 - 0x00007ffee273d000 	C:\WINDOWS\System32\msvcp_win.dll
0x00007ffee2d10000 - 0x00007ffee2d40000 	C:\WINDOWS\System32\IMM32.DLL
0x00007ffebb680000 - 0x00007ffebb71d000 	C:\Program Files\Android\Android Studio\jre\bin\msvcp140.dll
0x00007ffe7e130000 - 0x00007ffe7ec05000 	C:\Program Files\Android\Android Studio\jre\bin\server\jvm.dll
0x00007ffee44f0000 - 0x00007ffee459e000 	C:\WINDOWS\System32\ADVAPI32.dll
0x00007ffee41c0000 - 0x00007ffee425c000 	C:\WINDOWS\System32\sechost.dll
0x00007ffee2960000 - 0x00007ffee2a85000 	C:\WINDOWS\System32\RPCRT4.dll
0x00007ffee4190000 - 0x00007ffee4198000 	C:\WINDOWS\System32\PSAPI.DLL
0x00007ffec05a0000 - 0x00007ffec05c7000 	C:\WINDOWS\SYSTEM32\WINMM.dll
0x00007ffed61b0000 - 0x00007ffed61ba000 	C:\WINDOWS\SYSTEM32\VERSION.dll
0x00007ffebe880000 - 0x00007ffebe889000 	C:\WINDOWS\SYSTEM32\WSOCK32.dll
0x00007ffee3840000 - 0x00007ffee38ab000 	C:\WINDOWS\System32\WS2_32.dll
0x00007ffedfd60000 - 0x00007ffedfd72000 	C:\WINDOWS\SYSTEM32\kernel.appcore.dll
0x00007ffedd280000 - 0x00007ffedd291000 	C:\Program Files\Android\Android Studio\jre\bin\verify.dll
0x00007ffec0760000 - 0x00007ffec0944000 	C:\WINDOWS\SYSTEM32\DBGHELP.DLL
0x00007ffec0730000 - 0x00007ffec075c000 	C:\WINDOWS\SYSTEM32\dbgcore.DLL
0x00007ffee2450000 - 0x00007ffee24d2000 	C:\WINDOWS\System32\bcryptPrimitives.dll
0x00007ffed2e40000 - 0x00007ffed2e69000 	C:\Program Files\Android\Android Studio\jre\bin\java.dll
0x00007ffed5dc0000 - 0x00007ffed5dcb000 	C:\Program Files\Android\Android Studio\jre\bin\jimage.dll
0x00007ffed2eb0000 - 0x00007ffed2ec8000 	C:\Program Files\Android\Android Studio\jre\bin\zip.dll
0x00007ffee3910000 - 0x00007ffee4054000 	C:\WINDOWS\System32\SHELL32.dll
0x00007ffedff60000 - 0x00007ffee06f4000 	C:\WINDOWS\SYSTEM32\windows.storage.dll
0x00007ffee2d40000 - 0x00007ffee3094000 	C:\WINDOWS\System32\combase.dll
0x00007ffee18d0000 - 0x00007ffee18fc000 	C:\WINDOWS\SYSTEM32\Wldp.dll
0x00007ffee45a0000 - 0x00007ffee464d000 	C:\WINDOWS\System32\SHCORE.dll
0x00007ffee2860000 - 0x00007ffee28b5000 	C:\WINDOWS\System32\shlwapi.dll
0x00007ffee1db0000 - 0x00007ffee1dcf000 	C:\WINDOWS\SYSTEM32\profapi.dll
0x00007ffed2df0000 - 0x00007ffed2e0a000 	C:\Program Files\Android\Android Studio\jre\bin\net.dll
0x00007ffed5f70000 - 0x00007ffed6079000 	C:\WINDOWS\SYSTEM32\WINHTTP.dll
0x00007ffee1630000 - 0x00007ffee169a000 	C:\WINDOWS\system32\mswsock.dll
0x00007ffed2580000 - 0x00007ffed2594000 	C:\Program Files\Android\Android Studio\jre\bin\nio.dll
0x00007ffed2e80000 - 0x00007ffed2ea7000 	C:\Users\DELL\.gradle\native\e1d6ef7f7dcc3fd88c89a11ec53ec762bb8ba0a96d01ffa2cd45eb1d1d8dd5c5\windows-amd64\native-platform.dll
0x00007ffea8970000 - 0x00007ffea8ab4000 	C:\Users\DELL\.gradle\native\5664cfc778a61ccfe75a443a1ab52a65af34e5dc3c78e0209fed803814484fcb\windows-amd64\native-platform-file-events.dll
0x00007ffedd270000 - 0x00007ffedd27a000 	C:\Program Files\Android\Android Studio\jre\bin\management.dll
0x00007ffedc240000 - 0x00007ffedc24d000 	C:\Program Files\Android\Android Studio\jre\bin\management_ext.dll
0x00007ffee1820000 - 0x00007ffee1838000 	C:\WINDOWS\SYSTEM32\CRYPTSP.dll
0x00007ffee0f40000 - 0x00007ffee0f74000 	C:\WINDOWS\system32\rsaenh.dll
0x00007ffee23d0000 - 0x00007ffee23f7000 	C:\WINDOWS\System32\bcrypt.dll
0x00007ffee1d70000 - 0x00007ffee1d9e000 	C:\WINDOWS\SYSTEM32\USERENV.dll
0x00007ffee1840000 - 0x00007ffee184c000 	C:\WINDOWS\SYSTEM32\CRYPTBASE.dll
0x00007ffee12d0000 - 0x00007ffee130b000 	C:\WINDOWS\SYSTEM32\IPHLPAPI.DLL
0x00007ffee28c0000 - 0x00007ffee28c8000 	C:\WINDOWS\System32\NSI.dll
0x00007ffedad30000 - 0x00007ffedad47000 	C:\WINDOWS\SYSTEM32\dhcpcsvc6.DLL
0x00007ffedaf90000 - 0x00007ffedafad000 	C:\WINDOWS\SYSTEM32\dhcpcsvc.DLL
0x00007ffee1320000 - 0x00007ffee13ea000 	C:\WINDOWS\SYSTEM32\DNSAPI.dll

dbghelp: loaded successfully - version: 4.0.5 - missing functions: none
symbol engine: initialized successfully - sym options: 0x614 - pdb path: .;C:\Program Files\Android\Android Studio\jre\bin;C:\WINDOWS\SYSTEM32;C:\WINDOWS\WinSxS\amd64_microsoft.windows.common-controls_6595b64144ccf1df_6.0.19041.1110_none_60b5254171f9507e;C:\Program Files\Android\Android Studio\jre\bin\server;C:\Users\DELL\.gradle\native\e1d6ef7f7dcc3fd88c89a11ec53ec762bb8ba0a96d01ffa2cd45eb1d1d8dd5c5\windows-amd64;C:\Users\DELL\.gradle\native\5664cfc778a61ccfe75a443a1ab52a65af34e5dc3c78e0209fed803814484fcb\windows-amd64

VM Arguments:
jvm_args: --add-opens=java.base/java.util=ALL-UNNAMED --add-opens=java.base/java.lang=ALL-UNNAMED --add-opens=java.base/java.lang.invoke=ALL-UNNAMED --add-opens=java.base/java.util=ALL-UNNAMED --add-opens=java.prefs/java.util.prefs=ALL-UNNAMED --add-opens=java.prefs/java.util.prefs=ALL-UNNAMED --add-opens=java.base/java.nio.charset=ALL-UNNAMED --add-opens=java.base/java.net=ALL-UNNAMED --add-opens=java.base/java.util.concurrent.atomic=ALL-UNNAMED -Xmx2048m -Dfile.encoding=UTF-8 -Duser.country=CI -Duser.language=fr -Duser.variant 
java_command: org.gradle.launcher.daemon.bootstrap.GradleDaemon 7.2
java_class_path (initial): C:\Users\DELL\.gradle\wrapper\dists\gradle-7.2-bin\2dnblmf4td7x66yl1d74lt32g\gradle-7.2\lib\gradle-launcher-7.2.jar
Launcher Type: SUN_STANDARD

[Global flags]
     intx CICompilerCount                          = 3                                         {product} {ergonomic}
     uint ConcGCThreads                            = 1                                         {product} {ergonomic}
     uint G1ConcRefinementThreads                  = 4                                         {product} {ergonomic}
   size_t G1HeapRegionSize                         = 1048576                                   {product} {ergonomic}
    uintx GCDrainStackTargetSize                   = 64                                        {product} {ergonomic}
   size_t InitialHeapSize                          = 130023424                                 {product} {ergonomic}
   size_t MarkStackSize                            = 4194304                                   {product} {ergonomic}
   size_t MaxHeapSize                              = 2147483648                                {product} {command line}
   size_t MaxNewSize                               = 1287651328                                {product} {ergonomic}
   size_t MinHeapDeltaBytes                        = 1048576                                   {product} {ergonomic}
    uintx NonNMethodCodeHeapSize                   = 5830732                                {pd product} {ergonomic}
    uintx NonProfiledCodeHeapSize                  = 122913754                              {pd product} {ergonomic}
    uintx ProfiledCodeHeapSize                     = 122913754                              {pd product} {ergonomic}
    uintx ReservedCodeCacheSize                    = 251658240                              {pd product} {ergonomic}
     bool SegmentedCodeCache                       = true                                      {product} {ergonomic}
     bool UseCompressedClassPointers               = true                                 {lp64_product} {ergonomic}
     bool UseCompressedOops                        = true                                 {lp64_product} {ergonomic}
     bool UseG1GC                                  = true                                      {product} {ergonomic}
     bool UseLargePagesIndividualAllocation        = false                                  {pd product} {ergonomic}

Logging:
Log output configuration:
 #0: stdout all=warning uptime,level,tags
 #1: stderr all=off uptime,level,tags

Environment Variables:
CLASSPATH=C:\LINGO64_18\Lingo18.jar
PATH=C:\WINDOWS\system32;C:\WINDOWS;C:\WINDOWS\System32\Wbem;C:\WINDOWS\System32\WindowsPowerShell\v1.0\;C:\WINDOWS\System32\OpenSSH\;C:\Program Files (x86)\Intel\Intel(R) Management Engine Components\DAL;C:\Program Files\Intel\Intel(R) Management Engine Components\DAL;C:\LINGO64_18\;C:\Users\DELL\AppData\Local\Microsoft\WindowsApps;;C:\Users\DELL\AppData\Local\Programs\Microsoft VS Code\bin;C:\Program Files\PyCharm Community Edition 2020.2.3\bin;
USERNAME=DELL
OS=Windows_NT
PROCESSOR_IDENTIFIER=Intel64 Family 6 Model 61 Stepping 4, GenuineIntel



---------------  S Y S T E M  ---------------

OS: Windows 10 , 64 bit Build 19041 (10.0.19041.1566)
OS uptime: 2 days 20:08 hours

CPU:total 4 (initial active 4) (2 cores per cpu, 2 threads per core) family 6 model 61 stepping 4 microcode 0x2d, cmov, cx8, fxsr, mmx, sse, sse2, sse3, ssse3, sse4.1, sse4.2, popcnt, avx, avx2, aes, clmul, erms, rtm, 3dnowpref, lzcnt, ht, tsc, tscinvbit, bmi1, bmi2, adx, fma

Memory: 4k page, system-wide physical 7887M (886M free)
TotalPageFile size 9256M (AvailPageFile size 5M)
current process WorkingSet (physical memory assigned to process): 390M, peak: 390M
current process commit charge ("private bytes"): 424M, peak: 425M

vm_info: OpenJDK 64-Bit Server VM (11.0.11+9-b60-7590822) for windows-amd64 JRE (11.0.11+9-b60-7590822), built on Jul 29 2021 21:43:44 by "builder" with MS VC++ 14.0 (VS2015)

END.
