#
# There is insufficient memory for the Java Runtime Environment to continue.
# Native memory allocation (mmap) failed to map 228589568 bytes for Failed to commit area from 0x0000000095200000 to 0x00000000a2c00000 of length 228589568.
# Possible reasons:
#   The system is out of physical RAM or swap space
#   The process is running with CompressedOops enabled, and the Java Heap may be blocking the growth of the native heap
# Possible solutions:
#   Reduce memory load on the system
#   Increase physical memory or swap space
#   Check if swap backing store is full
#   Decrease Java heap size (-Xmx/-Xms)
#   Decrease number of Java threads
#   Decrease Java thread stack sizes (-Xss)
#   Set larger code cache with -XX:ReservedCodeCacheSize=
#   JVM is running with Unscaled Compressed Oops mode in which the Java heap is
#     placed in the first 4GB address space. The Java Heap base address is the
#     maximum limit for the native heap growth. Please use -XX:HeapBaseMinAddress
#     to set the Java Heap base and to place the Java Heap above 4GB virtual address.
# This output file may be truncated or incomplete.
#
#  Out of Memory Error (./src/hotspot/os/windows/os_windows.cpp:3301), pid=10344, tid=1412
#
# JRE version: OpenJDK Runtime Environment (11.0.11+9) (build 11.0.11+9-b60-7590822)
# Java VM: OpenJDK 64-Bit Server VM (11.0.11+9-b60-7590822, mixed mode, tiered, compressed oops, g1 gc, windows-amd64)
# No core dump will be written. Minidumps are not enabled by default on client versions of Windows
#

---------------  S U M M A R Y ------------

Command Line: --add-opens=java.base/java.util=ALL-UNNAMED --add-opens=java.base/java.lang=ALL-UNNAMED --add-opens=java.base/java.lang.invoke=ALL-UNNAMED --add-opens=java.base/java.util=ALL-UNNAMED --add-opens=java.prefs/java.util.prefs=ALL-UNNAMED --add-opens=java.prefs/java.util.prefs=ALL-UNNAMED --add-opens=java.base/java.nio.charset=ALL-UNNAMED --add-opens=java.base/java.net=ALL-UNNAMED --add-opens=java.base/java.util.concurrent.atomic=ALL-UNNAMED -Xmx2048m -Dfile.encoding=UTF-8 -Duser.country=CI -Duser.language=fr -Duser.variant org.gradle.launcher.daemon.bootstrap.GradleDaemon 7.2

Host: Intel(R) Core(TM) i5-5300U CPU @ 2.30GHz, 4 cores, 7G,  Windows 10 , 64 bit Build 19041 (10.0.19041.1566)
Time: Mon Mar 14 13:55:27 2022 Greenwich elapsed time: 989.938510 seconds (0d 0h 16m 29s)

---------------  T H R E A D  ---------------

Current thread (0x00000174fe60d000):  VMThread "VM Thread" [stack: 0x0000006095100000,0x0000006095200000] [id=1412]

Stack: [0x0000006095100000,0x0000006095200000]
[error occurred during error reporting (printing stack bounds), id 0xc0000005, EXCEPTION_ACCESS_VIOLATION (0xc0000005) at pc=0x00000174ec530f2d]

Native frames: (J=compiled Java code, j=interpreted, Vv=VM code, C=native code)
V  [jvm.dll+0x5f214a]
V  [jvm.dll+0x726fb5]
V  [jvm.dll+0x7285cd]
V  [jvm.dll+0x728be5]
V  [jvm.dll+0x728b9b]
V  [jvm.dll+0x5f14e8]
V  [jvm.dll+0x5f1c78]
C  [ntdll.dll+0xa20cf]
C  [ntdll.dll+0x51454]
C  [ntdll.dll+0xa0bfe]
C  0x00000174ec530f2d

VM_Operation (0x0000006097cf9200): G1CollectForAllocation, mode: safepoint, requested by thread 0x0000017485c7a000


---------------  P R O C E S S  ---------------

Threads class SMR info:
_java_thread_list=0x0000017489bd34b0, length=87, elements={
0x00000174e8a2c000, 0x00000174fe60f000, 0x00000174fe618800, 0x00000174fe62a800,
0x00000174fe62c000, 0x00000174fe62d000, 0x00000174fe63a800, 0x00000174fe63e800,
0x00000174fe63f800, 0x00000174ff118800, 0x0000017484f98800, 0x0000017484dad800,
0x0000017485027800, 0x00000174ffa93800, 0x00000174ffa94000, 0x00000174ffa95000,
0x00000174ffa97800, 0x00000174ffa92800, 0x00000174ffa91800, 0x00000174ffa98000,
0x0000017485049800, 0x000001748504e800, 0x000001748504d800, 0x000001748504f000,
0x0000017485c78800, 0x0000017485b18800, 0x0000017485b16000, 0x0000017485b1a000,
0x0000017485b19000, 0x0000017485b1b000, 0x0000017485b15000, 0x0000017485b1d000,
0x0000017485b1b800, 0x0000017485b1c800, 0x0000017485b1f800, 0x0000017485b1e000,
0x0000017485b20800, 0x0000017485b1f000, 0x0000017485b21800, 0x0000017485b22000,
0x0000017485b23000, 0x0000017485b24000, 0x0000017485c7a000, 0x0000017485c7e000,
0x0000017485c7d000, 0x0000017485c7f000, 0x0000017485c79000, 0x0000017485c7f800,
0x0000017485c80800, 0x0000017485c7b000, 0x0000017485c81800, 0x0000017485c7b800,
0x0000017485c84000, 0x0000017485c82000, 0x0000017485c83000, 0x0000017485c84800,
0x0000017485c85800, 0x0000017485c86000, 0x0000017485048800, 0x000001748504c000,
0x000001748504c800, 0x00000174ffa95800, 0x00000174ffa96800, 0x0000017492d52000,
0x0000017492d50000, 0x0000017492d53800, 0x0000017492d55000, 0x0000017492d56000,
0x0000017492d54800, 0x0000017492d52800, 0x0000017492d56800, 0x0000017492d51000,
0x0000017492d5b800, 0x0000017492d5b000, 0x0000017492d5c800, 0x0000017492d58800,
0x0000017492d5d800, 0x0000017492d59000, 0x0000017492d57800, 0x0000017492d5e000,
0x0000017492d5f000, 0x0000017485b17800, 0x00000174ff4b5800, 0x00000174ff4b0800,
0x00000174ff4b3800, 0x00000174ff4b4800, 0x00000174ff4b7000
}

Java Threads: ( => current thread )
  0x00000174e8a2c000 JavaThread "main" [_thread_blocked, id=11700, stack(0x0000006094b00000,0x0000006094c00000)]
  0x00000174fe60f000 JavaThread "Reference Handler" daemon [_thread_blocked, id=1040, stack(0x0000006095200000,0x0000006095300000)]
  0x00000174fe618800 JavaThread "Finalizer" daemon [_thread_blocked, id=13836, stack(0x0000006095300000,0x0000006095400000)]
  0x00000174fe62a800 JavaThread "Signal Dispatcher" daemon [_thread_blocked, id=14276, stack(0x0000006095400000,0x0000006095500000)]
  0x00000174fe62c000 JavaThread "Attach Listener" daemon [_thread_blocked, id=9884, stack(0x0000006095500000,0x0000006095600000)]
  0x00000174fe62d000 JavaThread "Service Thread" daemon [_thread_blocked, id=4328, stack(0x0000006095600000,0x0000006095700000)]
  0x00000174fe63a800 JavaThread "C2 CompilerThread0" daemon [_thread_blocked, id=8428, stack(0x0000006095700000,0x0000006095800000)]
  0x00000174fe63e800 JavaThread "C1 CompilerThread0" daemon [_thread_blocked, id=13080, stack(0x0000006095800000,0x0000006095900000)]
  0x00000174fe63f800 JavaThread "Sweeper thread" daemon [_thread_blocked, id=13804, stack(0x0000006095900000,0x0000006095a00000)]
  0x00000174ff118800 JavaThread "Common-Cleaner" daemon [_thread_blocked, id=6608, stack(0x0000006095a00000,0x0000006095b00000)]
  0x0000017484f98800 JavaThread "Daemon health stats" [_thread_blocked, id=13748, stack(0x0000006095d00000,0x0000006095e00000)]
  0x0000017484dad800 JavaThread "Incoming local TCP Connector on port 61855" [_thread_in_native, id=12548, stack(0x0000006095e00000,0x0000006095f00000)]
  0x0000017485027800 JavaThread "Daemon periodic checks" [_thread_blocked, id=5284, stack(0x0000006095f00000,0x0000006096000000)]
  0x00000174ffa93800 JavaThread "Cache worker for journal cache (C:\Users\DELL\.gradle\caches\journal-1)" [_thread_blocked, id=13624, stack(0x0000006096900000,0x0000006096a00000)]
  0x00000174ffa94000 JavaThread "File lock request listener" [_thread_in_native, id=4872, stack(0x0000006096a00000,0x0000006096b00000)]
  0x00000174ffa95000 JavaThread "Cache worker for file hash cache (C:\Users\DELL\.gradle\caches\7.2\fileHashes)" [_thread_blocked, id=12868, stack(0x0000006096b00000,0x0000006096c00000)]
  0x00000174ffa97800 JavaThread "File watcher server" daemon [_thread_blocked, id=2332, stack(0x0000006096d00000,0x0000006096e00000)]
  0x00000174ffa92800 JavaThread "File watcher consumer" daemon [_thread_blocked, id=12084, stack(0x0000006096e00000,0x0000006096f00000)]
  0x00000174ffa91800 JavaThread "jar transforms" [_thread_blocked, id=10156, stack(0x0000006096f00000,0x0000006097000000)]
  0x00000174ffa98000 JavaThread "jar transforms Thread 2" [_thread_blocked, id=13532, stack(0x0000006097000000,0x0000006097100000)]
  0x0000017485049800 JavaThread "jar transforms Thread 3" [_thread_blocked, id=15292, stack(0x0000006097100000,0x0000006097200000)]
  0x000001748504e800 JavaThread "jar transforms Thread 4" [_thread_blocked, id=8088, stack(0x0000006097200000,0x0000006097300000)]
  0x000001748504d800 JavaThread "Cache worker for execution history cache (C:\Users\DELL\.gradle\caches\7.2\executionHistory)" [_thread_blocked, id=10296, stack(0x0000006097600000,0x0000006097700000)]
  0x000001748504f000 JavaThread "Cache worker for file content cache (C:\Users\DELL\.gradle\caches\7.2\fileContent)" [_thread_blocked, id=13220, stack(0x0000006097800000,0x0000006097900000)]
  0x0000017485c78800 JavaThread "Memory manager" [_thread_blocked, id=4580, stack(0x000000609a000000,0x000000609a100000)]
  0x0000017485b18800 JavaThread "Daemon Thread 2" [_thread_blocked, id=15048, stack(0x0000006094800000,0x0000006094900000)]
  0x0000017485b16000 JavaThread "Handler for socket connection from /127.0.0.1:61855 to /127.0.0.1:61955" [_thread_in_native, id=13268, stack(0x0000006094900000,0x0000006094a00000)]
  0x0000017485b1a000 JavaThread "Cancel handler" [_thread_blocked, id=12164, stack(0x0000006094a00000,0x0000006094b00000)]
  0x0000017485b19000 JavaThread "Daemon worker Thread 2" [_thread_blocked, id=8656, stack(0x0000006096000000,0x0000006096100000)]
  0x0000017485b1b000 JavaThread "Asynchronous log dispatcher for DefaultDaemonConnection: socket connection from /127.0.0.1:61855 to /127.0.0.1:61955" [_thread_blocked, id=9212, stack(0x0000006096100000,0x0000006096200000)]
  0x0000017485b15000 JavaThread "Stdin handler" [_thread_blocked, id=12352, stack(0x0000006096200000,0x0000006096300000)]
  0x0000017485b1d000 JavaThread "Daemon client event forwarder" [_thread_blocked, id=6860, stack(0x0000006096300000,0x0000006096400000)]
  0x0000017485b1b800 JavaThread "Cache worker for file hash cache (C:\INPHB\.gradle\7.2\fileHashes)" [_thread_blocked, id=4240, stack(0x0000006096400000,0x0000006096500000)]
  0x0000017485b1c800 JavaThread "Cache worker for checksums cache (C:\INPHB\.gradle\checksums)" [_thread_blocked, id=9144, stack(0x0000006096500000,0x0000006096600000)]
  0x0000017485b1f800 JavaThread "Cache worker for cache directory md-supplier (C:\Users\DELL\.gradle\caches\7.2\md-supplier)" [_thread_blocked, id=3204, stack(0x0000006096c00000,0x0000006096d00000)]
  0x0000017485b1e000 JavaThread "Cache worker for cache directory md-rule (C:\Users\DELL\.gradle\caches\7.2\md-rule)" [_thread_blocked, id=10500, stack(0x0000006097300000,0x0000006097400000)]
  0x0000017485b20800 JavaThread "Cache worker for dependencies-accessors (C:\INPHB\.gradle\7.2\dependencies-accessors)" [_thread_blocked, id=1564, stack(0x0000006097400000,0x0000006097500000)]
  0x0000017485b1f000 JavaThread "Cache worker for Build Output Cleanup Cache (C:\INPHB\.gradle\buildOutputCleanup)" [_thread_blocked, id=10900, stack(0x0000006097500000,0x0000006097600000)]
  0x0000017485b21800 JavaThread "Unconstrained build operations" [_thread_blocked, id=10932, stack(0x0000006097700000,0x0000006097800000)]
  0x0000017485b22000 JavaThread "Unconstrained build operations Thread 2" [_thread_blocked, id=7592, stack(0x0000006097900000,0x0000006097a00000)]
  0x0000017485b23000 JavaThread "Unconstrained build operations Thread 3" [_thread_blocked, id=12216, stack(0x0000006097a00000,0x0000006097b00000)]
  0x0000017485b24000 JavaThread "Unconstrained build operations Thread 4" [_thread_blocked, id=11936, stack(0x0000006097b00000,0x0000006097c00000)]
  0x0000017485c7a000 JavaThread "Unconstrained build operations Thread 5" [_thread_blocked, id=7524, stack(0x0000006097c00000,0x0000006097d00000)]
  0x0000017485c7e000 JavaThread "Unconstrained build operations Thread 6" [_thread_blocked, id=9328, stack(0x0000006097d00000,0x0000006097e00000)]
  0x0000017485c7d000 JavaThread "Unconstrained build operations Thread 7" [_thread_blocked, id=3996, stack(0x0000006097e00000,0x0000006097f00000)]
  0x0000017485c7f000 JavaThread "Unconstrained build operations Thread 8" [_thread_blocked, id=12828, stack(0x0000006097f00000,0x0000006098000000)]
  0x0000017485c79000 JavaThread "Unconstrained build operations Thread 9" [_thread_blocked, id=9604, stack(0x0000006098000000,0x0000006098100000)]
  0x0000017485c7f800 JavaThread "Unconstrained build operations Thread 10" [_thread_blocked, id=8272, stack(0x0000006098100000,0x0000006098200000)]
  0x0000017485c80800 JavaThread "Unconstrained build operations Thread 11" [_thread_blocked, id=14700, stack(0x0000006098200000,0x0000006098300000)]
  0x0000017485c7b000 JavaThread "Unconstrained build operations Thread 12" [_thread_blocked, id=14804, stack(0x0000006098300000,0x0000006098400000)]
  0x0000017485c81800 JavaThread "Unconstrained build operations Thread 13" [_thread_blocked, id=10224, stack(0x0000006098400000,0x0000006098500000)]
  0x0000017485c7b800 JavaThread "Unconstrained build operations Thread 14" [_thread_blocked, id=10124, stack(0x0000006098500000,0x0000006098600000)]
  0x0000017485c84000 JavaThread "Unconstrained build operations Thread 15" [_thread_blocked, id=6824, stack(0x0000006098600000,0x0000006098700000)]
  0x0000017485c82000 JavaThread "Unconstrained build operations Thread 16" [_thread_blocked, id=14460, stack(0x0000006098700000,0x0000006098800000)]
  0x0000017485c83000 JavaThread "Unconstrained build operations Thread 17" [_thread_blocked, id=11328, stack(0x0000006098800000,0x0000006098900000)]
  0x0000017485c84800 JavaThread "Unconstrained build operations Thread 18" [_thread_blocked, id=11676, stack(0x0000006098900000,0x0000006098a00000)]
  0x0000017485c85800 JavaThread "Unconstrained build operations Thread 19" [_thread_blocked, id=4680, stack(0x0000006098a00000,0x0000006098b00000)]
  0x0000017485c86000 JavaThread "Unconstrained build operations Thread 20" [_thread_blocked, id=4712, stack(0x0000006098b00000,0x0000006098c00000)]
  0x0000017485048800 JavaThread "Unconstrained build operations Thread 21" [_thread_blocked, id=11652, stack(0x0000006098c00000,0x0000006098d00000)]
  0x000001748504c000 JavaThread "Unconstrained build operations Thread 22" [_thread_blocked, id=9160, stack(0x0000006098d00000,0x0000006098e00000)]
  0x000001748504c800 JavaThread "Unconstrained build operations Thread 23" [_thread_blocked, id=9384, stack(0x0000006098e00000,0x0000006098f00000)]
  0x00000174ffa95800 JavaThread "Unconstrained build operations Thread 24" [_thread_blocked, id=9012, stack(0x0000006098f00000,0x0000006099000000)]
  0x00000174ffa96800 JavaThread "Unconstrained build operations Thread 25" [_thread_blocked, id=14604, stack(0x0000006099000000,0x0000006099100000)]
  0x0000017492d52000 JavaThread "Unconstrained build operations Thread 26" [_thread_blocked, id=4008, stack(0x0000006099100000,0x0000006099200000)]
  0x0000017492d50000 JavaThread "Unconstrained build operations Thread 27" [_thread_blocked, id=11672, stack(0x0000006099200000,0x0000006099300000)]
  0x0000017492d53800 JavaThread "Unconstrained build operations Thread 28" [_thread_blocked, id=10636, stack(0x0000006099300000,0x0000006099400000)]
  0x0000017492d55000 JavaThread "Unconstrained build operations Thread 29" [_thread_blocked, id=9180, stack(0x0000006099400000,0x0000006099500000)]
  0x0000017492d56000 JavaThread "Unconstrained build operations Thread 30" [_thread_blocked, id=1804, stack(0x0000006099500000,0x0000006099600000)]
  0x0000017492d54800 JavaThread "Unconstrained build operations Thread 31" [_thread_blocked, id=8852, stack(0x0000006099600000,0x0000006099700000)]
  0x0000017492d52800 JavaThread "Unconstrained build operations Thread 32" [_thread_blocked, id=11960, stack(0x0000006099700000,0x0000006099800000)]
  0x0000017492d56800 JavaThread "Unconstrained build operations Thread 33" [_thread_blocked, id=8412, stack(0x0000006099800000,0x0000006099900000)]
  0x0000017492d51000 JavaThread "Unconstrained build operations Thread 34" [_thread_blocked, id=15340, stack(0x0000006099900000,0x0000006099a00000)]
  0x0000017492d5b800 JavaThread "Unconstrained build operations Thread 35" [_thread_blocked, id=13340, stack(0x0000006099a00000,0x0000006099b00000)]
  0x0000017492d5b000 JavaThread "Unconstrained build operations Thread 36" [_thread_blocked, id=13652, stack(0x0000006099b00000,0x0000006099c00000)]
  0x0000017492d5c800 JavaThread "Unconstrained build operations Thread 37" [_thread_blocked, id=8208, stack(0x0000006099c00000,0x0000006099d00000)]
  0x0000017492d58800 JavaThread "Unconstrained build operations Thread 38" [_thread_blocked, id=9348, stack(0x0000006099d00000,0x0000006099e00000)]
  0x0000017492d5d800 JavaThread "Unconstrained build operations Thread 39" [_thread_blocked, id=12236, stack(0x0000006099e00000,0x0000006099f00000)]
  0x0000017492d59000 JavaThread "Unconstrained build operations Thread 40" [_thread_blocked, id=15228, stack(0x0000006099f00000,0x000000609a000000)]
  0x0000017492d57800 JavaThread "build event listener" [_thread_blocked, id=10452, stack(0x000000609a100000,0x000000609a200000)]
  0x0000017492d5e000 JavaThread "Execution worker for ':'" [_thread_blocked, id=8524, stack(0x000000609a200000,0x000000609a300000)]
  0x0000017492d5f000 JavaThread "Execution worker for ':' Thread 2" [_thread_blocked, id=7664, stack(0x000000609a300000,0x000000609a400000)]
  0x0000017485b17800 JavaThread "Execution worker for ':' Thread 3" [_thread_blocked, id=14972, stack(0x000000609a400000,0x000000609a500000)]
  0x00000174ff4b5800 JavaThread "Cache worker for execution history cache (C:\INPHB\.gradle\7.2\executionHistory)" [_thread_blocked, id=11800, stack(0x000000609a500000,0x000000609a600000)]
  0x00000174ff4b0800 JavaThread "WorkerExecutor Queue" [_thread_blocked, id=10580, stack(0x000000609a600000,0x000000609a700000)]
  0x00000174ff4b3800 JavaThread "WorkerExecutor Queue Thread 4" [_thread_blocked, id=10908, stack(0x000000609a900000,0x000000609aa00000)]
  0x00000174ff4b4800 JavaThread "WorkerExecutor Queue Thread 5" [_thread_blocked, id=14708, stack(0x000000609a700000,0x000000609a800000)]
  0x00000174ff4b7000 JavaThread "C2 CompilerThread1" daemon [_thread_blocked, id=2656, stack(0x000000609a800000,0x000000609a900000)]

Other Threads:
=>0x00000174fe60d000 VMThread "VM Thread" [stack: 0x0000006095100000,0x0000006095200000] [id=1412]
  0x00000174ff136000 WatcherThread [stack: 0x0000006095b00000,0x0000006095c00000] [id=13296]
  0x00000174e8a45800 GCTaskThread "GC Thread#0" [stack: 0x0000006094c00000,0x0000006094d00000] [id=11228]
  0x00000174ff892800 GCTaskThread "GC Thread#1" [stack: 0x0000006095c00000,0x0000006095d00000] [id=12404]
  0x00000174ff2f1800 GCTaskThread "GC Thread#2" [stack: 0x0000006096700000,0x0000006096800000] [id=14556]
  0x00000174ffa9d800 GCTaskThread "GC Thread#3" [stack: 0x0000006096800000,0x0000006096900000] [id=3320]
  0x00000174e8a76800 ConcurrentGCThread "G1 Main Marker" [stack: 0x0000006094d00000,0x0000006094e00000] [id=14996]
  0x00000174e8a77800 ConcurrentGCThread "G1 Conc#0" [stack: 0x0000006094e00000,0x0000006094f00000] [id=11784]
  0x00000174e8b09000 ConcurrentGCThread "G1 Refine#0" [stack: 0x0000006094f00000,0x0000006095000000] [id=9412]
  0x00000174e8b0a000 ConcurrentGCThread "G1 Young RemSet Sampling" [stack: 0x0000006095000000,0x0000006095100000] [id=14032]

Threads with active compile tasks:
C2 CompilerThread0 990141 17234       4       com.android.tools.r8.internal.QE0::a (1151 bytes)
C1 CompilerThread0 990141 17514       2       com.android.tools.r8.internal.yk1::a (114 bytes)
C2 CompilerThread1 990141 16941   !   4       com.android.tools.r8.internal.NG0::b (116 bytes)

VM state:at safepoint (normal execution)

VM Mutex/Monitor currently owned by a thread:  ([mutex/lock_event])
[0x00000174e8a26e50] Threads_lock - owner thread: 0x00000174fe60d000
[0x00000174e8a27750] Heap_lock - owner thread: 0x0000017485c7a000

Heap address: 0x0000000080000000, size: 2048 MB, Compressed Oops mode: 32-bit
Narrow klass base: 0x0000000000000000, Narrow klass shift: 3
Compressed class space size: 1073741824 Address: 0x0000000100000000

Heap:
 garbage-first heap   total 569344K, used 211312K [0x0000000080000000, 0x0000000100000000)
  region size 1024K, 7 young (7168K), 7 survivors (7168K)
 Metaspace       used 118316K, capacity 121763K, committed 122024K, reserved 1155072K
  class space    used 15080K, capacity 16372K, committed 16384K, reserved 1048576K
Heap Regions: E=young(eden), S=young(survivor), O=old, HS=humongous(starts), HC=humongous(continues), CS=collection set, F=free, A=archive, TAMS=top-at-mark-start (previous, next)
|   0|0x0000000080000000, 0x0000000080100000, 0x0000000080100000|100%| O|  |TAMS 0x0000000080100000, 0x0000000080000000| Untracked 
|   1|0x0000000080100000, 0x0000000080200000, 0x0000000080200000|100%| O|  |TAMS 0x0000000080200000, 0x0000000080100000| Untracked 
|   2|0x0000000080200000, 0x0000000080300000, 0x0000000080300000|100%| O|  |TAMS 0x0000000080300000, 0x0000000080200000| Untracked 
|   3|0x0000000080300000, 0x0000000080400000, 0x0000000080400000|100%|HS|  |TAMS 0x0000000080400000, 0x0000000080300000| Complete 
|   4|0x0000000080400000, 0x0000000080500000, 0x0000000080500000|100%|HC|  |TAMS 0x0000000080500000, 0x0000000080400000| Complete 
|   5|0x0000000080500000, 0x0000000080600000, 0x0000000080600000|100%|HC|  |TAMS 0x0000000080600000, 0x0000000080500000| Complete 
|   6|0x0000000080600000, 0x0000000080700000, 0x0000000080700000|100%| O|  |TAMS 0x0000000080700000, 0x0000000080600000| Untracked 
|   7|0x0000000080700000, 0x0000000080800000, 0x0000000080800000|100%| O|  |TAMS 0x0000000080800000, 0x0000000080700000| Untracked 
|   8|0x0000000080800000, 0x0000000080900000, 0x0000000080900000|100%| O|  |TAMS 0x0000000080900000, 0x0000000080800000| Untracked 
|   9|0x0000000080900000, 0x0000000080a00000, 0x0000000080a00000|100%| O|  |TAMS 0x0000000080a00000, 0x0000000080900000| Untracked 
|  10|0x0000000080a00000, 0x0000000080b00000, 0x0000000080b00000|100%| O|  |TAMS 0x0000000080b00000, 0x0000000080a00000| Untracked 
|  11|0x0000000080b00000, 0x0000000080c00000, 0x0000000080c00000|100%| O|  |TAMS 0x0000000080c00000, 0x0000000080b00000| Untracked 
|  12|0x0000000080c00000, 0x0000000080d00000, 0x0000000080d00000|100%| O|  |TAMS 0x0000000080d00000, 0x0000000080c00000| Untracked 
|  13|0x0000000080d00000, 0x0000000080e00000, 0x0000000080e00000|100%| O|  |TAMS 0x0000000080e00000, 0x0000000080d00000| Untracked 
|  14|0x0000000080e00000, 0x0000000080f00000, 0x0000000080f00000|100%| O|  |TAMS 0x0000000080f00000, 0x0000000080e00000| Untracked 
|  15|0x0000000080f00000, 0x0000000081000000, 0x0000000081000000|100%| O|  |TAMS 0x0000000081000000, 0x0000000080f00000| Untracked 
|  16|0x0000000081000000, 0x0000000081100000, 0x0000000081100000|100%| O|  |TAMS 0x0000000081100000, 0x0000000081000000| Untracked 
|  17|0x0000000081100000, 0x0000000081200000, 0x0000000081200000|100%|HS|  |TAMS 0x0000000081200000, 0x0000000081100000| Complete 
|  18|0x0000000081200000, 0x0000000081300000, 0x0000000081300000|100%|HC|  |TAMS 0x0000000081300000, 0x0000000081200000| Complete 
|  19|0x0000000081300000, 0x0000000081400000, 0x0000000081400000|100%|HS|  |TAMS 0x0000000081400000, 0x0000000081300000| Complete 
|  20|0x0000000081400000, 0x0000000081500000, 0x0000000081500000|100%|HC|  |TAMS 0x0000000081500000, 0x0000000081400000| Complete 
|  21|0x0000000081500000, 0x0000000081600000, 0x0000000081600000|100%|HC|  |TAMS 0x0000000081600000, 0x0000000081500000| Complete 
|  22|0x0000000081600000, 0x0000000081700000, 0x0000000081700000|100%|HS|  |TAMS 0x0000000081700000, 0x0000000081600000| Complete 
|  23|0x0000000081700000, 0x0000000081800000, 0x0000000081800000|100%|HC|  |TAMS 0x0000000081800000, 0x0000000081700000| Complete 
|  24|0x0000000081800000, 0x0000000081900000, 0x0000000081900000|100%|HC|  |TAMS 0x0000000081900000, 0x0000000081800000| Complete 
|  25|0x0000000081900000, 0x0000000081a00000, 0x0000000081a00000|100%|HC|  |TAMS 0x0000000081a00000, 0x0000000081900000| Complete 
|  26|0x0000000081a00000, 0x0000000081b00000, 0x0000000081b00000|100%| O|  |TAMS 0x0000000081b00000, 0x0000000081a00000| Untracked 
|  27|0x0000000081b00000, 0x0000000081c00000, 0x0000000081c00000|100%| O|  |TAMS 0x0000000081c00000, 0x0000000081b00000| Untracked 
|  28|0x0000000081c00000, 0x0000000081d00000, 0x0000000081d00000|100%| O|  |TAMS 0x0000000081d00000, 0x0000000081c00000| Untracked 
|  29|0x0000000081d00000, 0x0000000081e00000, 0x0000000081e00000|100%| O|  |TAMS 0x0000000081e00000, 0x0000000081d00000| Untracked 
|  30|0x0000000081e00000, 0x0000000081f00000, 0x0000000081f00000|100%| O|  |TAMS 0x0000000081f00000, 0x0000000081e00000| Untracked 
|  31|0x0000000081f00000, 0x0000000082000000, 0x0000000082000000|100%| O|  |TAMS 0x0000000082000000, 0x0000000081f00000| Untracked 
|  32|0x0000000082000000, 0x0000000082100000, 0x0000000082100000|100%|HS|  |TAMS 0x0000000082100000, 0x0000000082000000| Complete 
|  33|0x0000000082100000, 0x0000000082200000, 0x0000000082200000|100%|HC|  |TAMS 0x0000000082200000, 0x0000000082100000| Complete 
|  34|0x0000000082200000, 0x0000000082300000, 0x0000000082300000|100%|HC|  |TAMS 0x0000000082300000, 0x0000000082200000| Complete 
|  35|0x0000000082300000, 0x0000000082400000, 0x0000000082400000|100%| O|  |TAMS 0x0000000082400000, 0x0000000082300000| Untracked 
|  36|0x0000000082400000, 0x0000000082500000, 0x0000000082500000|100%| O|  |TAMS 0x0000000082500000, 0x0000000082400000| Untracked 
|  37|0x0000000082500000, 0x0000000082600000, 0x0000000082600000|100%| O|  |TAMS 0x0000000082600000, 0x0000000082500000| Untracked 
|  38|0x0000000082600000, 0x0000000082700000, 0x0000000082700000|100%| O|  |TAMS 0x0000000082700000, 0x0000000082600000| Untracked 
|  39|0x0000000082700000, 0x0000000082800000, 0x0000000082800000|100%| O|  |TAMS 0x0000000082800000, 0x0000000082700000| Untracked 
|  40|0x0000000082800000, 0x0000000082900000, 0x0000000082900000|100%| O|  |TAMS 0x0000000082900000, 0x0000000082800000| Untracked 
|  41|0x0000000082900000, 0x0000000082a00000, 0x0000000082a00000|100%| O|  |TAMS 0x0000000082a00000, 0x0000000082900000| Untracked 
|  42|0x0000000082a00000, 0x0000000082b00000, 0x0000000082b00000|100%| O|  |TAMS 0x0000000082b00000, 0x0000000082a00000| Untracked 
|  43|0x0000000082b00000, 0x0000000082c00000, 0x0000000082c00000|100%| O|  |TAMS 0x0000000082c00000, 0x0000000082b00000| Untracked 
|  44|0x0000000082c00000, 0x0000000082d00000, 0x0000000082d00000|100%|HS|  |TAMS 0x0000000082d00000, 0x0000000082c00000| Complete 
|  45|0x0000000082d00000, 0x0000000082e00000, 0x0000000082e00000|100%|HC|  |TAMS 0x0000000082e00000, 0x0000000082d00000| Complete 
|  46|0x0000000082e00000, 0x0000000082f00000, 0x0000000082f00000|100%|HC|  |TAMS 0x0000000082f00000, 0x0000000082e00000| Complete 
|  47|0x0000000082f00000, 0x0000000083000000, 0x0000000083000000|100%|HC|  |TAMS 0x0000000083000000, 0x0000000082f00000| Complete 
|  48|0x0000000083000000, 0x0000000083100000, 0x0000000083100000|100%| O|  |TAMS 0x0000000083100000, 0x0000000083000000| Untracked 
|  49|0x0000000083100000, 0x0000000083200000, 0x0000000083200000|100%| O|  |TAMS 0x0000000083200000, 0x0000000083100000| Untracked 
|  50|0x0000000083200000, 0x0000000083300000, 0x0000000083300000|100%| O|  |TAMS 0x0000000083300000, 0x0000000083200000| Untracked 
|  51|0x0000000083300000, 0x0000000083400000, 0x0000000083400000|100%|HS|  |TAMS 0x0000000083400000, 0x0000000083300000| Complete 
|  52|0x0000000083400000, 0x0000000083500000, 0x0000000083500000|100%|HS|  |TAMS 0x0000000083500000, 0x0000000083400000| Complete 
|  53|0x0000000083500000, 0x0000000083600000, 0x0000000083600000|100%|HS|  |TAMS 0x0000000083600000, 0x0000000083500000| Complete 
|  54|0x0000000083600000, 0x0000000083700000, 0x0000000083700000|100%|HS|  |TAMS 0x0000000083700000, 0x0000000083600000| Complete 
|  55|0x0000000083700000, 0x0000000083800000, 0x0000000083800000|100%|HC|  |TAMS 0x0000000083800000, 0x0000000083700000| Complete 
|  56|0x0000000083800000, 0x0000000083900000, 0x0000000083900000|100%| O|  |TAMS 0x0000000083900000, 0x0000000083800000| Untracked 
|  57|0x0000000083900000, 0x0000000083a00000, 0x0000000083a00000|100%| O|  |TAMS 0x0000000083a00000, 0x0000000083900000| Untracked 
|  58|0x0000000083a00000, 0x0000000083b00000, 0x0000000083b00000|100%| O|  |TAMS 0x0000000083b00000, 0x0000000083a00000| Untracked 
|  59|0x0000000083b00000, 0x0000000083c00000, 0x0000000083c00000|100%| O|  |TAMS 0x0000000083c00000, 0x0000000083b00000| Untracked 
|  60|0x0000000083c00000, 0x0000000083d00000, 0x0000000083d00000|100%| O|  |TAMS 0x0000000083d00000, 0x0000000083c00000| Untracked 
|  61|0x0000000083d00000, 0x0000000083e00000, 0x0000000083e00000|100%| O|  |TAMS 0x0000000083e00000, 0x0000000083d00000| Untracked 
|  62|0x0000000083e00000, 0x0000000083f00000, 0x0000000083f00000|100%| O|  |TAMS 0x0000000083f00000, 0x0000000083e00000| Untracked 
|  63|0x0000000083f00000, 0x0000000084000000, 0x0000000084000000|100%| O|  |TAMS 0x0000000084000000, 0x0000000083f00000| Untracked 
|  64|0x0000000084000000, 0x0000000084100000, 0x0000000084100000|100%| O|  |TAMS 0x0000000084100000, 0x0000000084000000| Untracked 
|  65|0x0000000084100000, 0x0000000084200000, 0x0000000084200000|100%| O|  |TAMS 0x0000000084200000, 0x0000000084100000| Untracked 
|  66|0x0000000084200000, 0x0000000084300000, 0x0000000084300000|100%| O|  |TAMS 0x0000000084300000, 0x0000000084200000| Untracked 
|  67|0x0000000084300000, 0x0000000084400000, 0x0000000084400000|100%| O|  |TAMS 0x0000000084400000, 0x0000000084300000| Untracked 
|  68|0x0000000084400000, 0x0000000084500000, 0x0000000084500000|100%| O|  |TAMS 0x0000000084500000, 0x0000000084400000| Untracked 
|  69|0x0000000084500000, 0x0000000084600000, 0x0000000084600000|100%| O|  |TAMS 0x0000000084600000, 0x0000000084500000| Untracked 
|  70|0x0000000084600000, 0x0000000084700000, 0x0000000084700000|100%| O|  |TAMS 0x0000000084700000, 0x0000000084600000| Untracked 
|  71|0x0000000084700000, 0x0000000084800000, 0x0000000084800000|100%| O|  |TAMS 0x0000000084800000, 0x0000000084700000| Untracked 
|  72|0x0000000084800000, 0x0000000084900000, 0x0000000084900000|100%| O|  |TAMS 0x0000000084900000, 0x0000000084800000| Untracked 
|  73|0x0000000084900000, 0x0000000084a00000, 0x0000000084a00000|100%| O|  |TAMS 0x0000000084a00000, 0x0000000084900000| Untracked 
|  74|0x0000000084a00000, 0x0000000084b00000, 0x0000000084b00000|100%| O|  |TAMS 0x0000000084b00000, 0x0000000084a00000| Untracked 
|  75|0x0000000084b00000, 0x0000000084c00000, 0x0000000084c00000|100%| O|  |TAMS 0x0000000084c00000, 0x0000000084b00000| Untracked 
|  76|0x0000000084c00000, 0x0000000084d00000, 0x0000000084d00000|100%| O|  |TAMS 0x0000000084d00000, 0x0000000084c00000| Untracked 
|  77|0x0000000084d00000, 0x0000000084e00000, 0x0000000084e00000|100%|HS|  |TAMS 0x0000000084e00000, 0x0000000084d00000| Complete 
|  78|0x0000000084e00000, 0x0000000084f00000, 0x0000000084f00000|100%|HC|  |TAMS 0x0000000084f00000, 0x0000000084e00000| Complete 
|  79|0x0000000084f00000, 0x0000000085000000, 0x0000000085000000|100%| O|  |TAMS 0x0000000085000000, 0x0000000084f00000| Untracked 
|  80|0x0000000085000000, 0x0000000085100000, 0x0000000085100000|100%| O|  |TAMS 0x0000000085100000, 0x0000000085000000| Untracked 
|  81|0x0000000085100000, 0x0000000085200000, 0x0000000085200000|100%|HS|  |TAMS 0x0000000085200000, 0x0000000085100000| Complete 
|  82|0x0000000085200000, 0x0000000085300000, 0x0000000085300000|100%|HC|  |TAMS 0x0000000085300000, 0x0000000085200000| Complete 
|  83|0x0000000085300000, 0x0000000085400000, 0x0000000085400000|100%|HC|  |TAMS 0x0000000085400000, 0x0000000085300000| Complete 
|  84|0x0000000085400000, 0x0000000085500000, 0x0000000085500000|100%| O|  |TAMS 0x0000000085500000, 0x0000000085400000| Untracked 
|  85|0x0000000085500000, 0x0000000085600000, 0x0000000085600000|100%| O|  |TAMS 0x0000000085600000, 0x0000000085500000| Untracked 
|  86|0x0000000085600000, 0x0000000085700000, 0x0000000085700000|100%|HS|  |TAMS 0x0000000085700000, 0x0000000085600000| Complete 
|  87|0x0000000085700000, 0x0000000085800000, 0x0000000085800000|100%|HC|  |TAMS 0x0000000085800000, 0x0000000085700000| Complete 
|  88|0x0000000085800000, 0x0000000085900000, 0x0000000085900000|100%|HC|  |TAMS 0x0000000085900000, 0x0000000085800000| Complete 
|  89|0x0000000085900000, 0x0000000085a00000, 0x0000000085a00000|100%|HC|  |TAMS 0x0000000085a00000, 0x0000000085900000| Complete 
|  90|0x0000000085a00000, 0x0000000085b00000, 0x0000000085b00000|100%| O|  |TAMS 0x0000000085b00000, 0x0000000085a00000| Untracked 
|  91|0x0000000085b00000, 0x0000000085c00000, 0x0000000085c00000|100%| O|  |TAMS 0x0000000085c00000, 0x0000000085b00000| Untracked 
|  92|0x0000000085c00000, 0x0000000085d00000, 0x0000000085d00000|100%| O|  |TAMS 0x0000000085d00000, 0x0000000085c00000| Untracked 
|  93|0x0000000085d00000, 0x0000000085e00000, 0x0000000085e00000|100%| O|  |TAMS 0x0000000085e00000, 0x0000000085d00000| Untracked 
|  94|0x0000000085e00000, 0x0000000085f00000, 0x0000000085f00000|100%| O|  |TAMS 0x0000000085f00000, 0x0000000085e00000| Untracked 
|  95|0x0000000085f00000, 0x0000000086000000, 0x0000000086000000|100%| O|  |TAMS 0x0000000086000000, 0x0000000085f00000| Untracked 
|  96|0x0000000086000000, 0x0000000086100000, 0x0000000086100000|100%| O|  |TAMS 0x0000000086100000, 0x0000000086000000| Untracked 
|  97|0x0000000086100000, 0x0000000086200000, 0x0000000086200000|100%| O|  |TAMS 0x0000000086200000, 0x0000000086100000| Untracked 
|  98|0x0000000086200000, 0x0000000086300000, 0x0000000086300000|100%| O|  |TAMS 0x0000000086300000, 0x0000000086200000| Untracked 
|  99|0x0000000086300000, 0x0000000086400000, 0x0000000086400000|100%| O|  |TAMS 0x0000000086400000, 0x0000000086300000| Untracked 
| 100|0x0000000086400000, 0x0000000086500000, 0x0000000086500000|100%| O|  |TAMS 0x0000000086500000, 0x0000000086400000| Untracked 
| 101|0x0000000086500000, 0x0000000086600000, 0x0000000086600000|100%| O|  |TAMS 0x0000000086600000, 0x0000000086500000| Untracked 
| 102|0x0000000086600000, 0x0000000086700000, 0x0000000086700000|100%| O|  |TAMS 0x0000000086700000, 0x0000000086600000| Untracked 
| 103|0x0000000086700000, 0x0000000086800000, 0x0000000086800000|100%| O|  |TAMS 0x0000000086800000, 0x0000000086700000| Untracked 
| 104|0x0000000086800000, 0x0000000086900000, 0x0000000086900000|100%| O|  |TAMS 0x0000000086900000, 0x0000000086800000| Untracked 
| 105|0x0000000086900000, 0x0000000086a00000, 0x0000000086a00000|100%| O|  |TAMS 0x0000000086a00000, 0x0000000086900000| Untracked 
| 106|0x0000000086a00000, 0x0000000086b00000, 0x0000000086b00000|100%| O|  |TAMS 0x0000000086b00000, 0x0000000086a00000| Untracked 
| 107|0x0000000086b00000, 0x0000000086c00000, 0x0000000086c00000|100%| O|  |TAMS 0x0000000086c00000, 0x0000000086b00000| Untracked 
| 108|0x0000000086c00000, 0x0000000086d00000, 0x0000000086d00000|100%| O|  |TAMS 0x0000000086d00000, 0x0000000086c00000| Untracked 
| 109|0x0000000086d00000, 0x0000000086e00000, 0x0000000086e00000|100%| O|  |TAMS 0x0000000086e00000, 0x0000000086d00000| Untracked 
| 110|0x0000000086e00000, 0x0000000086f00000, 0x0000000086f00000|100%| O|  |TAMS 0x0000000086f00000, 0x0000000086e00000| Untracked 
| 111|0x0000000086f00000, 0x0000000087000000, 0x0000000087000000|100%| O|  |TAMS 0x0000000087000000, 0x0000000086f00000| Untracked 
| 112|0x0000000087000000, 0x0000000087100000, 0x0000000087100000|100%| O|  |TAMS 0x0000000087100000, 0x0000000087000000| Untracked 
| 113|0x0000000087100000, 0x0000000087200000, 0x0000000087200000|100%| O|  |TAMS 0x0000000087200000, 0x0000000087100000| Untracked 
| 114|0x0000000087200000, 0x0000000087300000, 0x0000000087300000|100%| O|  |TAMS 0x0000000087300000, 0x0000000087200000| Untracked 
| 115|0x0000000087300000, 0x0000000087400000, 0x0000000087400000|100%| O|  |TAMS 0x0000000087400000, 0x0000000087300000| Untracked 
| 116|0x0000000087400000, 0x0000000087500000, 0x0000000087500000|100%| O|  |TAMS 0x0000000087500000, 0x0000000087400000| Untracked 
| 117|0x0000000087500000, 0x0000000087600000, 0x0000000087600000|100%| O|  |TAMS 0x0000000087600000, 0x0000000087500000| Untracked 
| 118|0x0000000087600000, 0x0000000087700000, 0x0000000087700000|100%| O|  |TAMS 0x0000000087700000, 0x0000000087600000| Untracked 
| 119|0x0000000087700000, 0x0000000087800000, 0x0000000087800000|100%| O|  |TAMS 0x0000000087800000, 0x0000000087700000| Untracked 
| 120|0x0000000087800000, 0x0000000087900000, 0x0000000087900000|100%| O|  |TAMS 0x0000000087900000, 0x0000000087800000| Untracked 
| 121|0x0000000087900000, 0x0000000087a00000, 0x0000000087a00000|100%| O|  |TAMS 0x0000000087a00000, 0x0000000087900000| Untracked 
| 122|0x0000000087a00000, 0x0000000087b00000, 0x0000000087b00000|100%|HS|  |TAMS 0x0000000087b00000, 0x0000000087a00000| Complete 
| 123|0x0000000087b00000, 0x0000000087c00000, 0x0000000087c00000|100%|HC|  |TAMS 0x0000000087c00000, 0x0000000087b00000| Complete 
| 124|0x0000000087c00000, 0x0000000087d00000, 0x0000000087d00000|100%| O|  |TAMS 0x0000000087d00000, 0x0000000087c00000| Untracked 
| 125|0x0000000087d00000, 0x0000000087e00000, 0x0000000087e00000|100%| O|  |TAMS 0x0000000087e00000, 0x0000000087d00000| Untracked 
| 126|0x0000000087e00000, 0x0000000087f00000, 0x0000000087f00000|100%| O|  |TAMS 0x0000000087f00000, 0x0000000087e00000| Untracked 
| 127|0x0000000087f00000, 0x0000000088000000, 0x0000000088000000|100%| O|  |TAMS 0x0000000088000000, 0x0000000087f00000| Untracked 
| 128|0x0000000088000000, 0x0000000088100000, 0x0000000088100000|100%| O|  |TAMS 0x0000000088000000, 0x0000000088000000| Untracked 
| 129|0x0000000088100000, 0x0000000088200000, 0x0000000088200000|100%| O|  |TAMS 0x0000000088100000, 0x0000000088100000| Untracked 
| 130|0x0000000088200000, 0x0000000088300000, 0x0000000088300000|100%| O|  |TAMS 0x0000000088300000, 0x0000000088200000| Untracked 
| 131|0x0000000088300000, 0x0000000088400000, 0x0000000088400000|100%| O|  |TAMS 0x0000000088400000, 0x0000000088300000| Untracked 
| 132|0x0000000088400000, 0x0000000088500000, 0x0000000088500000|100%| O|  |TAMS 0x0000000088400000, 0x0000000088400000| Untracked 
| 133|0x0000000088500000, 0x0000000088600000, 0x0000000088600000|100%| O|  |TAMS 0x0000000088600000, 0x0000000088500000| Untracked 
| 134|0x0000000088600000, 0x0000000088700000, 0x0000000088700000|100%| O|  |TAMS 0x0000000088700000, 0x0000000088600000| Untracked 
| 135|0x0000000088700000, 0x0000000088800000, 0x0000000088800000|100%| O|  |TAMS 0x0000000088800000, 0x0000000088700000| Untracked 
| 136|0x0000000088800000, 0x0000000088900000, 0x0000000088900000|100%| O|  |TAMS 0x0000000088900000, 0x0000000088800000| Untracked 
| 137|0x0000000088900000, 0x0000000088a00000, 0x0000000088a00000|100%| O|  |TAMS 0x0000000088900000, 0x0000000088900000| Untracked 
| 138|0x0000000088a00000, 0x0000000088b00000, 0x0000000088b00000|100%| O|  |TAMS 0x0000000088a00000, 0x0000000088a00000| Untracked 
| 139|0x0000000088b00000, 0x0000000088c00000, 0x0000000088c00000|100%| O|  |TAMS 0x0000000088b00000, 0x0000000088b00000| Untracked 
| 140|0x0000000088c00000, 0x0000000088d00000, 0x0000000088d00000|100%| O|  |TAMS 0x0000000088c00000, 0x0000000088c00000| Untracked 
| 141|0x0000000088d00000, 0x0000000088e00000, 0x0000000088e00000|100%| O|  |TAMS 0x0000000088e00000, 0x0000000088d00000| Untracked 
| 142|0x0000000088e00000, 0x0000000088f00000, 0x0000000088f00000|100%| O|  |TAMS 0x0000000088f00000, 0x0000000088e00000| Untracked 
| 143|0x0000000088f00000, 0x0000000089000000, 0x0000000089000000|100%| O|  |TAMS 0x0000000089000000, 0x0000000088f00000| Untracked 
| 144|0x0000000089000000, 0x0000000089100000, 0x0000000089100000|100%| O|  |TAMS 0x0000000089100000, 0x0000000089000000| Untracked 
| 145|0x0000000089100000, 0x0000000089200000, 0x0000000089200000|100%| O|  |TAMS 0x0000000089200000, 0x0000000089100000| Untracked 
| 146|0x0000000089200000, 0x0000000089300000, 0x0000000089300000|100%| O|  |TAMS 0x0000000089300000, 0x0000000089200000| Untracked 
| 147|0x0000000089300000, 0x0000000089400000, 0x0000000089400000|100%| O|  |TAMS 0x0000000089300000, 0x0000000089300000| Untracked 
| 148|0x0000000089400000, 0x0000000089500000, 0x0000000089500000|100%| O|  |TAMS 0x0000000089500000, 0x0000000089400000| Untracked 
| 149|0x0000000089500000, 0x0000000089600000, 0x0000000089600000|100%| O|  |TAMS 0x0000000089600000, 0x0000000089500000| Untracked 
| 150|0x0000000089600000, 0x0000000089700000, 0x0000000089700000|100%| O|  |TAMS 0x0000000089700000, 0x0000000089600000| Untracked 
| 151|0x0000000089700000, 0x0000000089800000, 0x0000000089800000|100%| O|  |TAMS 0x0000000089800000, 0x0000000089700000| Untracked 
| 152|0x0000000089800000, 0x0000000089900000, 0x0000000089900000|100%| O|  |TAMS 0x0000000089900000, 0x0000000089800000| Untracked 
| 153|0x0000000089900000, 0x0000000089a00000, 0x0000000089a00000|100%| O|  |TAMS 0x0000000089a00000, 0x0000000089900000| Untracked 
| 154|0x0000000089a00000, 0x0000000089b00000, 0x0000000089b00000|100%| O|  |TAMS 0x0000000089b00000, 0x0000000089a00000| Untracked 
| 155|0x0000000089b00000, 0x0000000089c00000, 0x0000000089c00000|100%| O|  |TAMS 0x0000000089c00000, 0x0000000089b00000| Untracked 
| 156|0x0000000089c00000, 0x0000000089d00000, 0x0000000089d00000|100%| O|  |TAMS 0x0000000089d00000, 0x0000000089c00000| Untracked 
| 157|0x0000000089d00000, 0x0000000089e00000, 0x0000000089e00000|100%| O|  |TAMS 0x0000000089e00000, 0x0000000089d00000| Untracked 
| 158|0x0000000089e00000, 0x0000000089f00000, 0x0000000089f00000|100%| O|  |TAMS 0x0000000089f00000, 0x0000000089e00000| Untracked 
| 159|0x0000000089f00000, 0x000000008a000000, 0x000000008a000000|100%| O|  |TAMS 0x000000008a000000, 0x0000000089f00000| Untracked 
| 160|0x000000008a000000, 0x000000008a100000, 0x000000008a100000|100%| O|  |TAMS 0x000000008a100000, 0x000000008a000000| Untracked 
| 161|0x000000008a100000, 0x000000008a200000, 0x000000008a200000|100%| O|  |TAMS 0x000000008a14e600, 0x000000008a100000| Untracked 
| 162|0x000000008a200000, 0x000000008a300000, 0x000000008a300000|100%| O|  |TAMS 0x000000008a200000, 0x000000008a200000| Untracked 
| 163|0x000000008a300000, 0x000000008a400000, 0x000000008a400000|100%| O|  |TAMS 0x000000008a300000, 0x000000008a300000| Untracked 
| 164|0x000000008a400000, 0x000000008a500000, 0x000000008a500000|100%| O|  |TAMS 0x000000008a400000, 0x000000008a400000| Untracked 
| 165|0x000000008a500000, 0x000000008a600000, 0x000000008a600000|100%| O|  |TAMS 0x000000008a500000, 0x000000008a500000| Untracked 
| 166|0x000000008a600000, 0x000000008a700000, 0x000000008a700000|100%| O|  |TAMS 0x000000008a600000, 0x000000008a600000| Untracked 
| 167|0x000000008a700000, 0x000000008a800000, 0x000000008a800000|100%| O|  |TAMS 0x000000008a700000, 0x000000008a700000| Untracked 
| 168|0x000000008a800000, 0x000000008a900000, 0x000000008a900000|100%| O|  |TAMS 0x000000008a800000, 0x000000008a800000| Untracked 
| 169|0x000000008a900000, 0x000000008aa00000, 0x000000008aa00000|100%| O|  |TAMS 0x000000008a900000, 0x000000008a900000| Untracked 
| 170|0x000000008aa00000, 0x000000008ab00000, 0x000000008ab00000|100%| O|  |TAMS 0x000000008aa00000, 0x000000008aa00000| Untracked 
| 171|0x000000008ab00000, 0x000000008ac00000, 0x000000008ac00000|100%| O|  |TAMS 0x000000008ab00000, 0x000000008ab00000| Untracked 
| 172|0x000000008ac00000, 0x000000008ad00000, 0x000000008ad00000|100%| O|  |TAMS 0x000000008ac00000, 0x000000008ac00000| Untracked 
| 173|0x000000008ad00000, 0x000000008ae00000, 0x000000008ae00000|100%| O|  |TAMS 0x000000008ad00000, 0x000000008ad00000| Untracked 
| 174|0x000000008ae00000, 0x000000008af00000, 0x000000008af00000|100%| O|  |TAMS 0x000000008ae00000, 0x000000008ae00000| Untracked 
| 175|0x000000008af00000, 0x000000008b000000, 0x000000008b000000|100%| O|  |TAMS 0x000000008af00000, 0x000000008af00000| Untracked 
| 176|0x000000008b000000, 0x000000008b100000, 0x000000008b100000|100%| O|  |TAMS 0x000000008b000000, 0x000000008b000000| Untracked 
| 177|0x000000008b100000, 0x000000008b200000, 0x000000008b200000|100%| O|  |TAMS 0x000000008b100000, 0x000000008b100000| Untracked 
| 178|0x000000008b200000, 0x000000008b300000, 0x000000008b300000|100%| O|  |TAMS 0x000000008b200000, 0x000000008b200000| Untracked 
| 179|0x000000008b300000, 0x000000008b400000, 0x000000008b400000|100%| O|  |TAMS 0x000000008b300000, 0x000000008b300000| Untracked 
| 180|0x000000008b400000, 0x000000008b500000, 0x000000008b500000|100%| O|  |TAMS 0x000000008b400000, 0x000000008b400000| Untracked 
| 181|0x000000008b500000, 0x000000008b600000, 0x000000008b600000|100%| O|  |TAMS 0x000000008b500000, 0x000000008b500000| Untracked 
| 182|0x000000008b600000, 0x000000008b700000, 0x000000008b700000|100%| O|  |TAMS 0x000000008b600000, 0x000000008b600000| Untracked 
| 183|0x000000008b700000, 0x000000008b800000, 0x000000008b800000|100%| O|  |TAMS 0x000000008b700000, 0x000000008b700000| Untracked 
| 184|0x000000008b800000, 0x000000008b900000, 0x000000008b900000|100%| O|  |TAMS 0x000000008b800000, 0x000000008b800000| Untracked 
| 185|0x000000008b900000, 0x000000008ba00000, 0x000000008ba00000|100%| O|  |TAMS 0x000000008b900000, 0x000000008b900000| Untracked 
| 186|0x000000008ba00000, 0x000000008bb00000, 0x000000008bb00000|100%| O|  |TAMS 0x000000008ba00000, 0x000000008ba00000| Untracked 
| 187|0x000000008bb00000, 0x000000008bc00000, 0x000000008bc00000|100%| O|  |TAMS 0x000000008bb00000, 0x000000008bb00000| Untracked 
| 188|0x000000008bc00000, 0x000000008bd00000, 0x000000008bd00000|100%| O|  |TAMS 0x000000008bc00000, 0x000000008bc00000| Untracked 
| 189|0x000000008bd00000, 0x000000008be00000, 0x000000008be00000|100%| O|  |TAMS 0x000000008bd00000, 0x000000008bd00000| Untracked 
| 190|0x000000008be00000, 0x000000008bf00000, 0x000000008bf00000|100%| O|  |TAMS 0x000000008be00000, 0x000000008be00000| Untracked 
| 191|0x000000008bf00000, 0x000000008c000000, 0x000000008c000000|100%| O|  |TAMS 0x000000008bf00000, 0x000000008bf00000| Untracked 
| 192|0x000000008c000000, 0x000000008c100000, 0x000000008c100000|100%| O|  |TAMS 0x000000008c000000, 0x000000008c000000| Untracked 
| 193|0x000000008c100000, 0x000000008c200000, 0x000000008c200000|100%| O|  |TAMS 0x000000008c100000, 0x000000008c100000| Untracked 
| 194|0x000000008c200000, 0x000000008c300000, 0x000000008c300000|100%| O|  |TAMS 0x000000008c200000, 0x000000008c200000| Untracked 
| 195|0x000000008c300000, 0x000000008c400000, 0x000000008c400000|100%| O|  |TAMS 0x000000008c300000, 0x000000008c300000| Untracked 
| 196|0x000000008c400000, 0x000000008c500000, 0x000000008c500000|100%| O|  |TAMS 0x000000008c400000, 0x000000008c400000| Untracked 
| 197|0x000000008c500000, 0x000000008c600000, 0x000000008c600000|100%| O|  |TAMS 0x000000008c500000, 0x000000008c500000| Untracked 
| 198|0x000000008c600000, 0x000000008c700000, 0x000000008c700000|100%| O|  |TAMS 0x000000008c600000, 0x000000008c600000| Untracked 
| 199|0x000000008c700000, 0x000000008c7bfa00, 0x000000008c800000| 74%| O|  |TAMS 0x000000008c700000, 0x000000008c700000| Untracked 
| 200|0x000000008c800000, 0x000000008c800000, 0x000000008c900000|  0%| F|  |TAMS 0x000000008c800000, 0x000000008c800000| Untracked 
| 201|0x000000008c900000, 0x000000008c900000, 0x000000008ca00000|  0%| F|  |TAMS 0x000000008c900000, 0x000000008c900000| Untracked 
| 202|0x000000008ca00000, 0x000000008ca00000, 0x000000008cb00000|  0%| F|  |TAMS 0x000000008ca00000, 0x000000008ca00000| Untracked 
| 203|0x000000008cb00000, 0x000000008cb00000, 0x000000008cc00000|  0%| F|  |TAMS 0x000000008cb00000, 0x000000008cb00000| Untracked 
| 204|0x000000008cc00000, 0x000000008cc00000, 0x000000008cd00000|  0%| F|  |TAMS 0x000000008cc00000, 0x000000008cc00000| Untracked 
| 205|0x000000008cd00000, 0x000000008cd00000, 0x000000008ce00000|  0%| F|  |TAMS 0x000000008cd00000, 0x000000008cd00000| Untracked 
| 206|0x000000008ce00000, 0x000000008ce00000, 0x000000008cf00000|  0%| F|  |TAMS 0x000000008ce00000, 0x000000008ce00000| Untracked 
| 207|0x000000008cf00000, 0x000000008cf00000, 0x000000008d000000|  0%| F|  |TAMS 0x000000008cf00000, 0x000000008cf00000| Untracked 
| 208|0x000000008d000000, 0x000000008d000000, 0x000000008d100000|  0%| F|  |TAMS 0x000000008d000000, 0x000000008d000000| Untracked 
| 209|0x000000008d100000, 0x000000008d100000, 0x000000008d200000|  0%| F|  |TAMS 0x000000008d100000, 0x000000008d100000| Untracked 
| 210|0x000000008d200000, 0x000000008d200000, 0x000000008d300000|  0%| F|  |TAMS 0x000000008d200000, 0x000000008d200000| Untracked 
| 211|0x000000008d300000, 0x000000008d300000, 0x000000008d400000|  0%| F|  |TAMS 0x000000008d300000, 0x000000008d300000| Untracked 
| 212|0x000000008d400000, 0x000000008d400000, 0x000000008d500000|  0%| F|  |TAMS 0x000000008d400000, 0x000000008d400000| Untracked 
| 213|0x000000008d500000, 0x000000008d500000, 0x000000008d600000|  0%| F|  |TAMS 0x000000008d500000, 0x000000008d500000| Untracked 
| 214|0x000000008d600000, 0x000000008d600000, 0x000000008d700000|  0%| F|  |TAMS 0x000000008d600000, 0x000000008d600000| Untracked 
| 215|0x000000008d700000, 0x000000008d700000, 0x000000008d800000|  0%| F|  |TAMS 0x000000008d700000, 0x000000008d700000| Untracked 
| 216|0x000000008d800000, 0x000000008d800000, 0x000000008d900000|  0%| F|  |TAMS 0x000000008d800000, 0x000000008d800000| Untracked 
| 217|0x000000008d900000, 0x000000008d900000, 0x000000008da00000|  0%| F|  |TAMS 0x000000008d900000, 0x000000008d900000| Untracked 
| 218|0x000000008da00000, 0x000000008da00000, 0x000000008db00000|  0%| F|  |TAMS 0x000000008da00000, 0x000000008da00000| Untracked 
| 219|0x000000008db00000, 0x000000008db00000, 0x000000008dc00000|  0%| F|  |TAMS 0x000000008db00000, 0x000000008db00000| Untracked 
| 220|0x000000008dc00000, 0x000000008dc00000, 0x000000008dd00000|  0%| F|  |TAMS 0x000000008dc00000, 0x000000008dc00000| Untracked 
| 221|0x000000008dd00000, 0x000000008dd00000, 0x000000008de00000|  0%| F|  |TAMS 0x000000008dd00000, 0x000000008dd00000| Untracked 
| 222|0x000000008de00000, 0x000000008de00000, 0x000000008df00000|  0%| F|  |TAMS 0x000000008de00000, 0x000000008de00000| Untracked 
| 223|0x000000008df00000, 0x000000008df00000, 0x000000008e000000|  0%| F|  |TAMS 0x000000008df00000, 0x000000008df00000| Untracked 
| 224|0x000000008e000000, 0x000000008e000000, 0x000000008e100000|  0%| F|  |TAMS 0x000000008e000000, 0x000000008e000000| Untracked 
| 225|0x000000008e100000, 0x000000008e100000, 0x000000008e200000|  0%| F|  |TAMS 0x000000008e100000, 0x000000008e100000| Untracked 
| 226|0x000000008e200000, 0x000000008e200000, 0x000000008e300000|  0%| F|  |TAMS 0x000000008e200000, 0x000000008e200000| Untracked 
| 227|0x000000008e300000, 0x000000008e300000, 0x000000008e400000|  0%| F|  |TAMS 0x000000008e300000, 0x000000008e300000| Untracked 
| 228|0x000000008e400000, 0x000000008e400000, 0x000000008e500000|  0%| F|  |TAMS 0x000000008e400000, 0x000000008e400000| Untracked 
| 229|0x000000008e500000, 0x000000008e500000, 0x000000008e600000|  0%| F|  |TAMS 0x000000008e500000, 0x000000008e500000| Untracked 
| 230|0x000000008e600000, 0x000000008e600000, 0x000000008e700000|  0%| F|  |TAMS 0x000000008e600000, 0x000000008e600000| Untracked 
| 231|0x000000008e700000, 0x000000008e700000, 0x000000008e800000|  0%| F|  |TAMS 0x000000008e700000, 0x000000008e700000| Untracked 
| 232|0x000000008e800000, 0x000000008e800000, 0x000000008e900000|  0%| F|  |TAMS 0x000000008e800000, 0x000000008e800000| Untracked 
| 233|0x000000008e900000, 0x000000008e900000, 0x000000008ea00000|  0%| F|  |TAMS 0x000000008e900000, 0x000000008e900000| Untracked 
| 234|0x000000008ea00000, 0x000000008ea00000, 0x000000008eb00000|  0%| F|  |TAMS 0x000000008ea00000, 0x000000008ea00000| Untracked 
| 235|0x000000008eb00000, 0x000000008eb00000, 0x000000008ec00000|  0%| F|  |TAMS 0x000000008eb00000, 0x000000008eb00000| Untracked 
| 236|0x000000008ec00000, 0x000000008ec00000, 0x000000008ed00000|  0%| F|  |TAMS 0x000000008ec00000, 0x000000008ec00000| Untracked 
| 237|0x000000008ed00000, 0x000000008ed00000, 0x000000008ee00000|  0%| F|  |TAMS 0x000000008ed00000, 0x000000008ed00000| Untracked 
| 238|0x000000008ee00000, 0x000000008ee00000, 0x000000008ef00000|  0%| F|  |TAMS 0x000000008ee00000, 0x000000008ee00000| Untracked 
| 239|0x000000008ef00000, 0x000000008ef00000, 0x000000008f000000|  0%| F|  |TAMS 0x000000008ef00000, 0x000000008ef00000| Untracked 
| 240|0x000000008f000000, 0x000000008f000000, 0x000000008f100000|  0%| F|  |TAMS 0x000000008f000000, 0x000000008f000000| Untracked 
| 241|0x000000008f100000, 0x000000008f100000, 0x000000008f200000|  0%| F|  |TAMS 0x000000008f100000, 0x000000008f100000| Untracked 
| 242|0x000000008f200000, 0x000000008f200000, 0x000000008f300000|  0%| F|  |TAMS 0x000000008f200000, 0x000000008f200000| Untracked 
| 243|0x000000008f300000, 0x000000008f300000, 0x000000008f400000|  0%| F|  |TAMS 0x000000008f300000, 0x000000008f300000| Untracked 
| 244|0x000000008f400000, 0x000000008f400000, 0x000000008f500000|  0%| F|  |TAMS 0x000000008f400000, 0x000000008f400000| Untracked 
| 245|0x000000008f500000, 0x000000008f500000, 0x000000008f600000|  0%| F|  |TAMS 0x000000008f500000, 0x000000008f500000| Untracked 
| 246|0x000000008f600000, 0x000000008f600000, 0x000000008f700000|  0%| F|  |TAMS 0x000000008f600000, 0x000000008f600000| Untracked 
| 247|0x000000008f700000, 0x000000008f700000, 0x000000008f800000|  0%| F|  |TAMS 0x000000008f700000, 0x000000008f700000| Untracked 
| 248|0x000000008f800000, 0x000000008f800000, 0x000000008f900000|  0%| F|  |TAMS 0x000000008f800000, 0x000000008f800000| Untracked 
| 249|0x000000008f900000, 0x000000008f900000, 0x000000008fa00000|  0%| F|  |TAMS 0x000000008f900000, 0x000000008f900000| Untracked 
| 250|0x000000008fa00000, 0x000000008fa00000, 0x000000008fb00000|  0%| F|  |TAMS 0x000000008fa00000, 0x000000008fa00000| Untracked 
| 251|0x000000008fb00000, 0x000000008fb00000, 0x000000008fc00000|  0%| F|  |TAMS 0x000000008fb00000, 0x000000008fb00000| Untracked 
| 252|0x000000008fc00000, 0x000000008fc00000, 0x000000008fd00000|  0%| F|  |TAMS 0x000000008fc00000, 0x000000008fc00000| Untracked 
| 253|0x000000008fd00000, 0x000000008fd00000, 0x000000008fe00000|  0%| F|  |TAMS 0x000000008fd00000, 0x000000008fd00000| Untracked 
| 254|0x000000008fe00000, 0x000000008fe00000, 0x000000008ff00000|  0%| F|  |TAMS 0x000000008fe00000, 0x000000008fe00000| Untracked 
| 255|0x000000008ff00000, 0x000000008ff00000, 0x0000000090000000|  0%| F|  |TAMS 0x000000008ff00000, 0x000000008ff00000| Untracked 
| 256|0x0000000090000000, 0x0000000090000000, 0x0000000090100000|  0%| F|  |TAMS 0x0000000090000000, 0x0000000090000000| Untracked 
| 257|0x0000000090100000, 0x0000000090100000, 0x0000000090200000|  0%| F|  |TAMS 0x0000000090100000, 0x0000000090100000| Untracked 
| 258|0x0000000090200000, 0x0000000090200000, 0x0000000090300000|  0%| F|  |TAMS 0x0000000090200000, 0x0000000090200000| Untracked 
| 259|0x0000000090300000, 0x0000000090300000, 0x0000000090400000|  0%| F|  |TAMS 0x0000000090300000, 0x0000000090300000| Untracked 
| 260|0x0000000090400000, 0x0000000090400000, 0x0000000090500000|  0%| F|  |TAMS 0x0000000090400000, 0x0000000090400000| Untracked 
| 261|0x0000000090500000, 0x0000000090500000, 0x0000000090600000|  0%| F|  |TAMS 0x0000000090500000, 0x0000000090500000| Untracked 
| 262|0x0000000090600000, 0x0000000090600000, 0x0000000090700000|  0%| F|  |TAMS 0x0000000090600000, 0x0000000090600000| Untracked 
| 263|0x0000000090700000, 0x0000000090700000, 0x0000000090800000|  0%| F|  |TAMS 0x0000000090700000, 0x0000000090700000| Untracked 
| 264|0x0000000090800000, 0x0000000090800000, 0x0000000090900000|  0%| F|  |TAMS 0x0000000090800000, 0x0000000090800000| Untracked 
| 265|0x0000000090900000, 0x0000000090900000, 0x0000000090a00000|  0%| F|  |TAMS 0x0000000090900000, 0x0000000090900000| Untracked 
| 266|0x0000000090a00000, 0x0000000090a00000, 0x0000000090b00000|  0%| F|  |TAMS 0x0000000090a00000, 0x0000000090a00000| Untracked 
| 267|0x0000000090b00000, 0x0000000090b00000, 0x0000000090c00000|  0%| F|  |TAMS 0x0000000090b00000, 0x0000000090b00000| Untracked 
| 268|0x0000000090c00000, 0x0000000090c00000, 0x0000000090d00000|  0%| F|  |TAMS 0x0000000090c00000, 0x0000000090c00000| Untracked 
| 269|0x0000000090d00000, 0x0000000090d00000, 0x0000000090e00000|  0%| F|  |TAMS 0x0000000090d00000, 0x0000000090d00000| Untracked 
| 270|0x0000000090e00000, 0x0000000090e00000, 0x0000000090f00000|  0%| F|  |TAMS 0x0000000090e00000, 0x0000000090e00000| Untracked 
| 271|0x0000000090f00000, 0x0000000090f00000, 0x0000000091000000|  0%| F|  |TAMS 0x0000000090f00000, 0x0000000090f00000| Untracked 
| 272|0x0000000091000000, 0x000000009109c948, 0x0000000091100000| 61%| S|CS|TAMS 0x0000000091000000, 0x0000000091000000| Complete 
| 273|0x0000000091100000, 0x0000000091200000, 0x0000000091200000|100%| S|CS|TAMS 0x0000000091100000, 0x0000000091100000| Complete 
| 274|0x0000000091200000, 0x0000000091300000, 0x0000000091300000|100%| S|CS|TAMS 0x0000000091200000, 0x0000000091200000| Complete 
| 275|0x0000000091300000, 0x0000000091400000, 0x0000000091400000|100%| S|CS|TAMS 0x0000000091300000, 0x0000000091300000| Complete 
| 276|0x0000000091400000, 0x0000000091500000, 0x0000000091500000|100%| S|CS|TAMS 0x0000000091400000, 0x0000000091400000| Complete 
| 277|0x0000000091500000, 0x0000000091600000, 0x0000000091600000|100%| S|CS|TAMS 0x0000000091500000, 0x0000000091500000| Complete 
| 278|0x0000000091600000, 0x0000000091700000, 0x0000000091700000|100%| S|CS|TAMS 0x0000000091600000, 0x0000000091600000| Complete 
| 279|0x0000000091700000, 0x0000000091700000, 0x0000000091800000|  0%| F|  |TAMS 0x0000000091700000, 0x0000000091700000| Untracked 
| 280|0x0000000091800000, 0x0000000091800000, 0x0000000091900000|  0%| F|  |TAMS 0x0000000091800000, 0x0000000091800000| Untracked 
| 281|0x0000000091900000, 0x0000000091900000, 0x0000000091a00000|  0%| F|  |TAMS 0x0000000091900000, 0x0000000091900000| Untracked 
| 282|0x0000000091a00000, 0x0000000091a00000, 0x0000000091b00000|  0%| F|  |TAMS 0x0000000091a00000, 0x0000000091a00000| Untracked 
| 283|0x0000000091b00000, 0x0000000091b00000, 0x0000000091c00000|  0%| F|  |TAMS 0x0000000091b00000, 0x0000000091b00000| Untracked 
| 284|0x0000000091c00000, 0x0000000091c00000, 0x0000000091d00000|  0%| F|  |TAMS 0x0000000091c00000, 0x0000000091c00000| Untracked 
| 285|0x0000000091d00000, 0x0000000091d00000, 0x0000000091e00000|  0%| F|  |TAMS 0x0000000091d00000, 0x0000000091d00000| Untracked 
| 286|0x0000000091e00000, 0x0000000091e00000, 0x0000000091f00000|  0%| F|  |TAMS 0x0000000091e00000, 0x0000000091e00000| Untracked 
| 287|0x0000000091f00000, 0x0000000091f00000, 0x0000000092000000|  0%| F|  |TAMS 0x0000000091f00000, 0x0000000091f00000| Untracked 
| 288|0x0000000092000000, 0x0000000092000000, 0x0000000092100000|  0%| F|  |TAMS 0x0000000092000000, 0x0000000092000000| Untracked 
| 289|0x0000000092100000, 0x0000000092100000, 0x0000000092200000|  0%| F|  |TAMS 0x0000000092100000, 0x0000000092100000| Untracked 
| 290|0x0000000092200000, 0x0000000092200000, 0x0000000092300000|  0%| F|  |TAMS 0x0000000092200000, 0x0000000092200000| Untracked 
| 291|0x0000000092300000, 0x0000000092300000, 0x0000000092400000|  0%| F|  |TAMS 0x0000000092300000, 0x0000000092300000| Untracked 
| 292|0x0000000092400000, 0x0000000092400000, 0x0000000092500000|  0%| F|  |TAMS 0x0000000092400000, 0x0000000092400000| Untracked 
| 293|0x0000000092500000, 0x0000000092500000, 0x0000000092600000|  0%| F|  |TAMS 0x0000000092500000, 0x0000000092500000| Untracked 
| 294|0x0000000092600000, 0x0000000092600000, 0x0000000092700000|  0%| F|  |TAMS 0x0000000092600000, 0x0000000092600000| Untracked 
| 295|0x0000000092700000, 0x0000000092700000, 0x0000000092800000|  0%| F|  |TAMS 0x0000000092700000, 0x0000000092700000| Untracked 
| 296|0x0000000092800000, 0x0000000092800000, 0x0000000092900000|  0%| F|  |TAMS 0x0000000092800000, 0x0000000092800000| Untracked 
| 297|0x0000000092900000, 0x0000000092900000, 0x0000000092a00000|  0%| F|  |TAMS 0x0000000092900000, 0x0000000092900000| Untracked 
| 298|0x0000000092a00000, 0x0000000092a00000, 0x0000000092b00000|  0%| F|  |TAMS 0x0000000092a00000, 0x0000000092a00000| Untracked 
| 299|0x0000000092b00000, 0x0000000092b00000, 0x0000000092c00000|  0%| F|  |TAMS 0x0000000092b00000, 0x0000000092b00000| Untracked 
| 300|0x0000000092c00000, 0x0000000092c00000, 0x0000000092d00000|  0%| F|  |TAMS 0x0000000092c00000, 0x0000000092c00000| Untracked 
| 301|0x0000000092d00000, 0x0000000092d00000, 0x0000000092e00000|  0%| F|  |TAMS 0x0000000092d00000, 0x0000000092d00000| Untracked 
| 302|0x0000000092e00000, 0x0000000092e00000, 0x0000000092f00000|  0%| F|  |TAMS 0x0000000092e00000, 0x0000000092e00000| Untracked 
| 303|0x0000000092f00000, 0x0000000092f00000, 0x0000000093000000|  0%| F|  |TAMS 0x0000000092f00000, 0x0000000092f00000| Untracked 
| 304|0x0000000093000000, 0x0000000093000000, 0x0000000093100000|  0%| F|  |TAMS 0x0000000093000000, 0x0000000093000000| Untracked 
| 305|0x0000000093100000, 0x0000000093100000, 0x0000000093200000|  0%| F|  |TAMS 0x0000000093100000, 0x0000000093100000| Untracked 
| 306|0x0000000093200000, 0x0000000093200000, 0x0000000093300000|  0%| F|  |TAMS 0x0000000093200000, 0x0000000093200000| Untracked 
| 307|0x0000000093300000, 0x0000000093300000, 0x0000000093400000|  0%| F|  |TAMS 0x0000000093300000, 0x0000000093300000| Untracked 
| 308|0x0000000093400000, 0x0000000093400000, 0x0000000093500000|  0%| F|  |TAMS 0x0000000093400000, 0x0000000093400000| Untracked 
| 309|0x0000000093500000, 0x0000000093500000, 0x0000000093600000|  0%| F|  |TAMS 0x0000000093500000, 0x0000000093500000| Untracked 
| 310|0x0000000093600000, 0x0000000093600000, 0x0000000093700000|  0%| F|  |TAMS 0x0000000093600000, 0x0000000093600000| Untracked 
| 311|0x0000000093700000, 0x0000000093700000, 0x0000000093800000|  0%| F|  |TAMS 0x0000000093700000, 0x0000000093700000| Untracked 
| 312|0x0000000093800000, 0x0000000093800000, 0x0000000093900000|  0%| F|  |TAMS 0x0000000093800000, 0x0000000093800000| Untracked 
| 313|0x0000000093900000, 0x0000000093900000, 0x0000000093a00000|  0%| F|  |TAMS 0x0000000093900000, 0x0000000093900000| Untracked 
| 314|0x0000000093a00000, 0x0000000093a00000, 0x0000000093b00000|  0%| F|  |TAMS 0x0000000093a00000, 0x0000000093a00000| Untracked 
| 315|0x0000000093b00000, 0x0000000093b00000, 0x0000000093c00000|  0%| F|  |TAMS 0x0000000093b00000, 0x0000000093b00000| Untracked 
| 316|0x0000000093c00000, 0x0000000093c00000, 0x0000000093d00000|  0%| F|  |TAMS 0x0000000093c00000, 0x0000000093c00000| Untracked 
| 317|0x0000000093d00000, 0x0000000093d00000, 0x0000000093e00000|  0%| F|  |TAMS 0x0000000093d00000, 0x0000000093d00000| Untracked 
| 318|0x0000000093e00000, 0x0000000093e00000, 0x0000000093f00000|  0%| F|  |TAMS 0x0000000093e00000, 0x0000000093e00000| Untracked 
| 319|0x0000000093f00000, 0x0000000093f00000, 0x0000000094000000|  0%| F|  |TAMS 0x0000000093f00000, 0x0000000093f00000| Untracked 
| 320|0x0000000094000000, 0x0000000094000000, 0x0000000094100000|  0%| F|  |TAMS 0x0000000094000000, 0x0000000094000000| Untracked 
| 321|0x0000000094100000, 0x0000000094100000, 0x0000000094200000|  0%| F|  |TAMS 0x0000000094100000, 0x0000000094100000| Untracked 
| 322|0x0000000094200000, 0x0000000094200000, 0x0000000094300000|  0%| F|  |TAMS 0x0000000094200000, 0x0000000094200000| Untracked 
| 323|0x0000000094300000, 0x0000000094300000, 0x0000000094400000|  0%| F|  |TAMS 0x0000000094300000, 0x0000000094300000| Untracked 
| 324|0x0000000094400000, 0x0000000094400000, 0x0000000094500000|  0%| F|  |TAMS 0x0000000094400000, 0x0000000094400000| Untracked 
| 325|0x0000000094500000, 0x0000000094500000, 0x0000000094600000|  0%| F|  |TAMS 0x0000000094500000, 0x0000000094500000| Untracked 
| 326|0x0000000094600000, 0x0000000094600000, 0x0000000094700000|  0%| F|  |TAMS 0x0000000094600000, 0x0000000094600000| Untracked 
| 327|0x0000000094700000, 0x0000000094700000, 0x0000000094800000|  0%| F|  |TAMS 0x0000000094700000, 0x0000000094700000| Untracked 
| 328|0x0000000094800000, 0x0000000094800000, 0x0000000094900000|  0%| F|  |TAMS 0x0000000094800000, 0x0000000094800000| Untracked 
| 329|0x0000000094900000, 0x0000000094900000, 0x0000000094a00000|  0%| F|  |TAMS 0x0000000094900000, 0x0000000094900000| Untracked 
| 330|0x0000000094a00000, 0x0000000094a00000, 0x0000000094b00000|  0%| F|  |TAMS 0x0000000094a00000, 0x0000000094a00000| Untracked 
| 331|0x0000000094b00000, 0x0000000094b00000, 0x0000000094c00000|  0%| F|  |TAMS 0x0000000094b00000, 0x0000000094b00000| Untracked 
| 332|0x0000000094c00000, 0x0000000094c00000, 0x0000000094d00000|  0%| F|  |TAMS 0x0000000094c00000, 0x0000000094c00000| Untracked 
| 333|0x0000000094d00000, 0x0000000094d00000, 0x0000000094e00000|  0%| F|  |TAMS 0x0000000094d00000, 0x0000000094d00000| Untracked 
| 334|0x0000000094e00000, 0x0000000094e00000, 0x0000000094f00000|  0%| F|  |TAMS 0x0000000094e00000, 0x0000000094e00000| Untracked 
| 335|0x0000000094f00000, 0x0000000094f00000, 0x0000000095000000|  0%| F|  |TAMS 0x0000000094f00000, 0x0000000094f00000| Untracked 
| 336|0x0000000095000000, 0x0000000095000000, 0x0000000095100000|  0%| F|  |TAMS 0x0000000095000000, 0x0000000095000000| Untracked 
| 337|0x0000000095100000, 0x0000000095100000, 0x0000000095200000|  0%| F|  |TAMS 0x0000000095100000, 0x0000000095100000| Untracked 

Card table byte_map: [0x00000174fb930000,0x00000174fbd30000] _byte_map_base: 0x00000174fb530000

Marking Bits (Prev, Next): (CMBitMap*) 0x00000174e8a6d898, (CMBitMap*) 0x00000174e8a6d8d0
 Prev Bits: [0x00000174fc130000, 0x00000174fe130000)
 Next Bits: [0x0000017480000000, 0x0000017482000000)

Polling page: 0x00000174e8210000

Metaspace:

Usage:
  Non-class:    102.92 MB capacity,   100.82 MB ( 98%) used,     1.72 MB (  2%) free+waste,   388.81 KB ( <1%) overhead. 
      Class:     15.99 MB capacity,    14.73 MB ( 92%) used,     1.09 MB (  7%) free+waste,   176.75 KB (  1%) overhead. 
       Both:    118.91 MB capacity,   115.54 MB ( 97%) used,     2.81 MB (  2%) free+waste,   565.56 KB ( <1%) overhead. 

Virtual space:
  Non-class space:      104.00 MB reserved,     103.16 MB (>99%) committed 
      Class space:        1.00 GB reserved,      16.00 MB (  2%) committed 
             Both:        1.10 GB reserved,     119.16 MB ( 11%) committed 

Chunk freelists:
   Non-Class:  57.00 KB
       Class:  12.00 KB
        Both:  69.00 KB

MaxMetaspaceSize: 17179869184.00 GB
CompressedClassSpaceSize: 1.00 GB

CodeHeap 'non-profiled nmethods': size=120064Kb used=11385Kb max_used=11385Kb free=108678Kb
 bounds [0x00000174f3ff0000, 0x00000174f4b10000, 0x00000174fb530000]
CodeHeap 'profiled nmethods': size=120000Kb used=40789Kb max_used=40789Kb free=79210Kb
 bounds [0x00000174ecac0000, 0x00000174ef2a0000, 0x00000174f3ff0000]
CodeHeap 'non-nmethods': size=5696Kb used=2356Kb max_used=2413Kb free=3339Kb
 bounds [0x00000174ec530000, 0x00000174ec7b0000, 0x00000174ecac0000]
 total_blobs=18328 nmethods=17356 adapters=881
 compilation: enabled
              stopped_count=0, restarted_count=0
 full_count=0

Compilation events (20 events):
Event: 989.866 Thread 0x00000174fe63e800 nmethod 17503 0x00000174ef291b90 code [0x00000174ef291d60, 0x00000174ef291f78]
Event: 989.866 Thread 0x00000174fe63e800 17505       2       com.android.tools.r8.ir.regalloc.e$$Lambda$1694/0x0000000100fc1040::apply (8 bytes)
Event: 989.866 Thread 0x00000174fe63e800 nmethod 17505 0x00000174ef292110 code [0x00000174ef292300, 0x00000174ef292588]
Event: 989.866 Thread 0x00000174fe63e800 17504       2       java.util.TreeMap$PrivateEntryIterator::remove (93 bytes)
Event: 989.867 Thread 0x00000174fe63e800 nmethod 17504 0x00000174ef292710 code [0x00000174ef292900, 0x00000174ef292c68]
Event: 989.867 Thread 0x00000174fe63e800 17506       2       com.android.tools.r8.ir.regalloc.e::d (8 bytes)
Event: 989.867 Thread 0x00000174fe63e800 nmethod 17506 0x00000174ef292e10 code [0x00000174ef293000, 0x00000174ef293248]
Event: 989.868 Thread 0x00000174fe63e800 17507       2       java.util.TreeMap::firstKey (8 bytes)
Event: 989.868 Thread 0x00000174fe63e800 nmethod 17507 0x00000174ef293390 code [0x00000174ef293560, 0x00000174ef293788]
Event: 989.868 Thread 0x00000174fe63e800 17508       2       java.util.TreeSet::<init> (13 bytes)
Event: 989.869 Thread 0x00000174fe63e800 nmethod 17508 0x00000174ef293910 code [0x00000174ef293ac0, 0x00000174ef293cd8]
Event: 989.869 Thread 0x00000174fe63e800 17509       2       com.android.tools.r8.ir.regalloc.e::a (67 bytes)
Event: 989.870 Thread 0x00000174fe63e800 nmethod 17509 0x00000174ef293d90 code [0x00000174ef293f80, 0x00000174ef2942d8]
Event: 989.871 Thread 0x00000174fe63e800 17510       2       com.android.tools.r8.internal.tP0::e0 (142 bytes)
Event: 989.872 Thread 0x00000174fe63e800 nmethod 17510 0x00000174ef294490 code [0x00000174ef2946e0, 0x00000174ef294d28]
Event: 989.872 Thread 0x00000174fe63e800 17511       2       com.android.tools.r8.code.P0::<init> (108 bytes)
Event: 989.872 Thread 0x00000174fe63e800 nmethod 17511 0x00000174ef295010 code [0x00000174ef2951c0, 0x00000174ef2952d8]
Event: 989.872 Thread 0x00000174fe63e800 17512       2       com.android.tools.r8.code.P0::hashCode (29 bytes)
Event: 989.873 Thread 0x00000174fe63e800 nmethod 17512 0x00000174ef295390 code [0x00000174ef295540, 0x00000174ef295688]
Event: 989.876 Thread 0x00000174fe63e800 17514       2       com.android.tools.r8.internal.yk1::a (114 bytes)

GC Heap History (20 events):
Event: 984.857 GC heap after
{Heap after GC invocations=90 (full 0):
 garbage-first heap   total 220160K, used 163298K [0x0000000080000000, 0x0000000100000000)
  region size 1024K, 4 young (4096K), 4 survivors (4096K)
 Metaspace       used 111070K, capacity 114264K, committed 114600K, reserved 1148928K
  class space    used 14068K, capacity 15258K, committed 15360K, reserved 1048576K
}
Event: 984.960 GC heap before
{Heap before GC invocations=90 (full 0):
 garbage-first heap   total 220160K, used 184802K [0x0000000080000000, 0x0000000100000000)
  region size 1024K, 25 young (25600K), 4 survivors (4096K)
 Metaspace       used 111220K, capacity 114443K, committed 114600K, reserved 1148928K
  class space    used 14091K, capacity 15274K, committed 15360K, reserved 1048576K
}
Event: 984.982 GC heap after
{Heap after GC invocations=91 (full 0):
 garbage-first heap   total 220160K, used 169273K [0x0000000080000000, 0x0000000100000000)
  region size 1024K, 4 young (4096K), 4 survivors (4096K)
 Metaspace       used 111220K, capacity 114443K, committed 114600K, reserved 1148928K
  class space    used 14091K, capacity 15274K, committed 15360K, reserved 1048576K
}
Event: 985.358 GC heap before
{Heap before GC invocations=91 (full 0):
 garbage-first heap   total 220160K, used 185657K [0x0000000080000000, 0x0000000100000000)
  region size 1024K, 21 young (21504K), 4 survivors (4096K)
 Metaspace       used 111813K, capacity 115032K, committed 115240K, reserved 1148928K
  class space    used 14173K, capacity 15384K, committed 15488K, reserved 1048576K
}
Event: 985.382 GC heap after
{Heap after GC invocations=92 (full 0):
 garbage-first heap   total 264192K, used 174002K [0x0000000080000000, 0x0000000100000000)
  region size 1024K, 3 young (3072K), 3 survivors (3072K)
 Metaspace       used 111813K, capacity 115032K, committed 115240K, reserved 1148928K
  class space    used 14173K, capacity 15384K, committed 15488K, reserved 1048576K
}
Event: 985.745 GC heap before
{Heap before GC invocations=93 (full 0):
 garbage-first heap   total 264192K, used 205746K [0x0000000080000000, 0x0000000100000000)
  region size 1024K, 34 young (34816K), 3 survivors (3072K)
 Metaspace       used 111787K, capacity 114964K, committed 115240K, reserved 1148928K
  class space    used 14148K, capacity 15333K, committed 15488K, reserved 1048576K
}
Event: 985.770 GC heap after
{Heap after GC invocations=94 (full 0):
 garbage-first heap   total 264192K, used 180747K [0x0000000080000000, 0x0000000100000000)
  region size 1024K, 5 young (5120K), 5 survivors (5120K)
 Metaspace       used 111787K, capacity 114964K, committed 115240K, reserved 1148928K
  class space    used 14148K, capacity 15333K, committed 15488K, reserved 1048576K
}
Event: 985.802 GC heap before
{Heap before GC invocations=94 (full 0):
 garbage-first heap   total 264192K, used 187915K [0x0000000080000000, 0x0000000100000000)
  region size 1024K, 12 young (12288K), 5 survivors (5120K)
 Metaspace       used 111789K, capacity 114964K, committed 115240K, reserved 1148928K
  class space    used 14148K, capacity 15333K, committed 15488K, reserved 1048576K
}
Event: 985.822 GC heap after
{Heap after GC invocations=95 (full 0):
 garbage-first heap   total 264192K, used 175893K [0x0000000080000000, 0x0000000100000000)
  region size 1024K, 2 young (2048K), 2 survivors (2048K)
 Metaspace       used 111789K, capacity 114964K, committed 115240K, reserved 1148928K
  class space    used 14148K, capacity 15333K, committed 15488K, reserved 1048576K
}
Event: 985.972 GC heap before
{Heap before GC invocations=95 (full 0):
 garbage-first heap   total 264192K, used 207637K [0x0000000080000000, 0x0000000100000000)
  region size 1024K, 33 young (33792K), 2 survivors (2048K)
 Metaspace       used 111915K, capacity 115092K, committed 115496K, reserved 1148928K
  class space    used 14163K, capacity 15333K, committed 15488K, reserved 1048576K
}
Event: 985.992 GC heap after
{Heap after GC invocations=96 (full 0):
 garbage-first heap   total 264192K, used 181248K [0x0000000080000000, 0x0000000100000000)
  region size 1024K, 5 young (5120K), 5 survivors (5120K)
 Metaspace       used 111915K, capacity 115092K, committed 115496K, reserved 1148928K
  class space    used 14163K, capacity 15333K, committed 15488K, reserved 1048576K
}
Event: 986.512 GC heap before
{Heap before GC invocations=96 (full 0):
 garbage-first heap   total 264192K, used 211968K [0x0000000080000000, 0x0000000100000000)
  region size 1024K, 36 young (36864K), 5 survivors (5120K)
 Metaspace       used 113011K, capacity 116258K, committed 116392K, reserved 1150976K
  class space    used 14308K, capacity 15507K, committed 15616K, reserved 1048576K
}
Event: 986.537 GC heap after
{Heap after GC invocations=97 (full 0):
 garbage-first heap   total 346112K, used 186656K [0x0000000080000000, 0x0000000100000000)
  region size 1024K, 5 young (5120K), 5 survivors (5120K)
 Metaspace       used 113011K, capacity 116258K, committed 116392K, reserved 1150976K
  class space    used 14308K, capacity 15507K, committed 15616K, reserved 1048576K
}
Event: 986.755 GC heap before
{Heap before GC invocations=97 (full 0):
 garbage-first heap   total 346112K, used 240928K [0x0000000080000000, 0x0000000100000000)
  region size 1024K, 58 young (59392K), 5 survivors (5120K)
 Metaspace       used 113013K, capacity 116258K, committed 116392K, reserved 1150976K
  class space    used 14308K, capacity 15507K, committed 15616K, reserved 1048576K
}
Event: 986.788 GC heap after
{Heap after GC invocations=98 (full 0):
 garbage-first heap   total 346112K, used 196608K [0x0000000080000000, 0x0000000100000000)
  region size 1024K, 8 young (8192K), 8 survivors (8192K)
 Metaspace       used 113013K, capacity 116258K, committed 116392K, reserved 1150976K
  class space    used 14308K, capacity 15507K, committed 15616K, reserved 1048576K
}
Event: 988.239 GC heap before
{Heap before GC invocations=98 (full 0):
 garbage-first heap   total 346112K, used 250880K [0x0000000080000000, 0x0000000100000000)
  region size 1024K, 61 young (62464K), 8 survivors (8192K)
 Metaspace       used 116613K, capacity 120016K, committed 120104K, reserved 1153024K
  class space    used 14955K, capacity 16255K, committed 16256K, reserved 1048576K
}
Event: 988.276 GC heap after
{Heap after GC invocations=99 (full 0):
 garbage-first heap   total 346112K, used 204757K [0x0000000080000000, 0x0000000100000000)
  region size 1024K, 8 young (8192K), 8 survivors (8192K)
 Metaspace       used 116613K, capacity 120016K, committed 120104K, reserved 1153024K
  class space    used 14955K, capacity 16255K, committed 16256K, reserved 1048576K
}
Event: 989.322 GC heap before
{Heap before GC invocations=99 (full 0):
 garbage-first heap   total 346112K, used 259029K [0x0000000080000000, 0x0000000100000000)
  region size 1024K, 61 young (62464K), 8 survivors (8192K)
 Metaspace       used 117948K, capacity 121417K, committed 121512K, reserved 1155072K
  class space    used 15052K, capacity 16368K, committed 16384K, reserved 1048576K
}
Event: 989.346 GC heap after
{Heap after GC invocations=100 (full 0):
 garbage-first heap   total 346112K, used 208638K [0x0000000080000000, 0x0000000100000000)
  region size 1024K, 4 young (4096K), 4 survivors (4096K)
 Metaspace       used 117948K, capacity 121417K, committed 121512K, reserved 1155072K
  class space    used 15052K, capacity 16368K, committed 16384K, reserved 1048576K
}
Event: 989.877 GC heap before
{Heap before GC invocations=100 (full 0):
 garbage-first heap   total 346112K, used 264958K [0x0000000080000000, 0x0000000100000000)
  region size 1024K, 59 young (60416K), 4 survivors (4096K)
 Metaspace       used 118316K, capacity 121763K, committed 122024K, reserved 1155072K
  class space    used 15080K, capacity 16372K, committed 16384K, reserved 1048576K
}

Deoptimization events (20 events):
Event: 989.225 Thread 0x0000017492d51000 Uncommon trap: trap_request=0xffffffbe fr.pc=0x00000174f4adb234 relative=0x0000000000000214
Event: 989.225 Thread 0x0000017492d51000 Uncommon trap: reason=profile_predicate action=maybe_recompile pc=0x00000174f4adb234 method=com.android.tools.r8.graph.W0.a([C)I @ 8 c2
Event: 989.225 Thread 0x0000017492d51000 DEOPT PACKING pc=0x00000174f4adb234 sp=0x00000060999f9680
Event: 989.225 Thread 0x0000017492d51000 DEOPT UNPACKING pc=0x00000174ec55662f sp=0x00000060999f9608 mode 2
Event: 989.225 Thread 0x0000017492d51000 Uncommon trap: trap_request=0xffffffbe fr.pc=0x00000174f4adb234 relative=0x0000000000000214
Event: 989.225 Thread 0x0000017492d51000 Uncommon trap: reason=profile_predicate action=maybe_recompile pc=0x00000174f4adb234 method=com.android.tools.r8.graph.W0.a([C)I @ 8 c2
Event: 989.225 Thread 0x0000017492d51000 DEOPT PACKING pc=0x00000174f4adb234 sp=0x00000060999f9dd0
Event: 989.225 Thread 0x0000017492d51000 DEOPT UNPACKING pc=0x00000174ec55662f sp=0x00000060999f9d58 mode 2
Event: 989.355 Thread 0x0000017492d51000 DEOPT PACKING pc=0x00000174ef1b97c6 sp=0x00000060999f9dc0
Event: 989.355 Thread 0x0000017492d51000 DEOPT UNPACKING pc=0x00000174ec556dde sp=0x00000060999f9238 mode 0
Event: 989.355 Thread 0x0000017492d51000 Uncommon trap: trap_request=0xffffff4d fr.pc=0x00000174f4ac8d88 relative=0x00000000000002c8
Event: 989.355 Thread 0x0000017492d51000 Uncommon trap: reason=unstable_if action=reinterpret pc=0x00000174f4ac8d88 method=com.android.tools.r8.graph.W0.a([C)I @ 44 c2
Event: 989.355 Thread 0x0000017492d51000 DEOPT PACKING pc=0x00000174f4ac8d88 sp=0x00000060999f9db0
Event: 989.355 Thread 0x0000017492d51000 DEOPT UNPACKING pc=0x00000174ec55662f sp=0x00000060999f9d48 mode 2
Event: 989.382 Thread 0x0000017485c7a000 DEOPT PACKING pc=0x00000174eebc5c2c sp=0x0000006097cf8bc0
Event: 989.382 Thread 0x0000017485c7a000 DEOPT UNPACKING pc=0x00000174ec556dde sp=0x0000006097cf8098 mode 0
Event: 989.407 Thread 0x0000017492d51000 Uncommon trap: trap_request=0xffffff4d fr.pc=0x00000174f4af3794 relative=0x00000000000000d4
Event: 989.407 Thread 0x0000017492d51000 Uncommon trap: reason=unstable_if action=reinterpret pc=0x00000174f4af3794 method=com.android.tools.r8.internal.Ns1.a(Lcom/android/tools/r8/graph/X0;)Lcom/android/tools/r8/internal/Ns1; @ 12 c2
Event: 989.407 Thread 0x0000017492d51000 DEOPT PACKING pc=0x00000174f4af3794 sp=0x00000060999f9570
Event: 989.407 Thread 0x0000017492d51000 DEOPT UNPACKING pc=0x00000174ec55662f sp=0x00000060999f9498 mode 2

Classes redefined (0 events):
No events

Internal exceptions (20 events):
Event: 984.256 Thread 0x0000017492d51000 Exception <a 'java/lang/NoSuchMethodError'{0x000000008cd76e00}: 'java.lang.Object java.lang.invoke.DirectMethodHandle$Holder.invokeSpecial(java.lang.Object, java.lang.Object, long)'> (0x000000008cd76e00) thrown at [./src/hotspot/share/interpreter/linkResolver.cpp, line 773]
Event: 984.258 Thread 0x0000017492d51000 Exception <a 'java/lang/NoSuchMethodError'{0x000000008cd7a5b8}: 'java.lang.Object java.lang.invoke.Invokers$Holder.linkToTargetMethod(long, java.lang.Object)'> (0x000000008cd7a5b8) thrown at [./src/hotspot/share/interpreter/linkResolver.cpp, line 773]
Event: 984.809 Thread 0x0000017485c84000 Exception <a 'java/lang/NoSuchMethodError'{0x000000008c23a108}: 'long java.lang.invoke.DirectMethodHandle$Holder.invokeStatic(java.lang.Object, java.lang.Object)'> (0x000000008c23a108) thrown at [./src/hotspot/share/interpreter/linkResolver.cpp, line 773]
Event: 984.810 Thread 0x0000017485c7a000 Exception <a 'java/lang/NoSuchMethodError'{0x000000008c32a308}: 'long java.lang.invoke.DirectMethodHandle$Holder.invokeStatic(java.lang.Object, java.lang.Object)'> (0x000000008c32a308) thrown at [./src/hotspot/share/interpreter/linkResolver.cpp, line 773]
Event: 984.920 Thread 0x0000017485c7a000 Exception <a 'java/lang/IncompatibleClassChangeError'{0x000000008c934db8}: Found class java.lang.Object, but interface was expected> (0x000000008c934db8) thrown at [./src/hotspot/share/interpreter/linkResolver.cpp, line 839]
Event: 984.922 Thread 0x0000017485c7a000 Exception <a 'java/lang/NoSuchMethodError'{0x000000008c9d76d0}: 'java.lang.Object java.lang.invoke.DirectMethodHandle$Holder.newInvokeSpecial(java.lang.Object, int)'> (0x000000008c9d76d0) thrown at [./src/hotspot/share/interpreter/linkResolver.cpp, line 773]
Event: 984.923 Thread 0x0000017485c7a000 Exception <a 'java/lang/IncompatibleClassChangeError'{0x000000008c9e39f0}: Found class java.lang.Object, but interface was expected> (0x000000008c9e39f0) thrown at [./src/hotspot/share/interpreter/linkResolver.cpp, line 839]
Event: 984.924 Thread 0x0000017485c7a000 Exception <a 'java/lang/IncompatibleClassChangeError'{0x000000008c86f440}: Found class java.lang.Object, but interface was expected> (0x000000008c86f440) thrown at [./src/hotspot/share/interpreter/linkResolver.cpp, line 839]
Event: 985.105 Thread 0x0000017485c84000 Exception <a 'java/lang/IncompatibleClassChangeError'{0x000000008d060248}: Found class java.lang.Object, but interface was expected> (0x000000008d060248) thrown at [./src/hotspot/share/interpreter/linkResolver.cpp, line 839]
Event: 986.247 Thread 0x0000017492d50000 Exception <a 'java/lang/NoSuchMethodError'{0x000000008fd4a8b0}: 'int java.lang.invoke.DirectMethodHandle$Holder.invokeSpecial(java.lang.Object, java.lang.Object, java.lang.Object, java.lang.Object, java.lang.Object, java.lang.Object)'> (0x000000008fd4a8b0) thrown at [./src/hotspot/share/interpreter/linkResolver.cpp, line 773]
Event: 986.247 Thread 0x0000017492d51000 Exception <a 'java/lang/NoSuchMethodError'{0x000000008fdfd128}: 'int java.lang.invoke.DirectMethodHandle$Holder.invokeSpecial(java.lang.Object, java.lang.Object, java.lang.Object, java.lang.Object, java.lang.Object, java.lang.Object)'> (0x000000008fdfd128) thrown at [./src/hotspot/share/interpreter/linkResolver.cpp, line 773]
Event: 986.248 Thread 0x0000017485c84000 Exception <a 'java/lang/NoSuchMethodError'{0x000000008fdd0a78}: 'int java.lang.invoke.DirectMethodHandle$Holder.invokeSpecial(java.lang.Object, java.lang.Object, java.lang.Object, java.lang.Object, java.lang.Object, java.lang.Object)'> (0x000000008fdd0a78) thrown at [./src/hotspot/share/interpreter/linkResolver.cpp, line 773]
Event: 986.249 Thread 0x0000017485c7a000 Exception <a 'java/lang/NoSuchMethodError'{0x000000008fde9de8}: 'int java.lang.invoke.DirectMethodHandle$Holder.invokeSpecial(java.lang.Object, java.lang.Object, java.lang.Object, java.lang.Object, java.lang.Object, java.lang.Object)'> (0x000000008fde9de8) thrown at [./src/hotspot/share/interpreter/linkResolver.cpp, line 773]
Event: 987.418 Thread 0x0000017492d50000 Exception <a 'java/lang/NoSuchMethodError'{0x000000009365ba38}: 'java.lang.Object java.lang.invoke.DirectMethodHandle$Holder.invokeVirtual(java.lang.Object, java.lang.Object, int, java.lang.Object)'> (0x000000009365ba38) thrown at [./src/hotspot/share/interpreter/linkResolver.cpp, line 773]
Event: 987.418 Thread 0x0000017485c7a000 Exception <a 'java/lang/NoSuchMethodError'{0x00000000937be500}: 'java.lang.Object java.lang.invoke.DirectMethodHandle$Holder.invokeVirtual(java.lang.Object, java.lang.Object, int, java.lang.Object)'> (0x00000000937be500) thrown at [./src/hotspot/share/interpreter/linkResolver.cpp, line 773]
Event: 987.418 Thread 0x0000017485c84000 Exception <a 'java/lang/NoSuchMethodError'{0x000000009351dc90}: 'java.lang.Object java.lang.invoke.DirectMethodHandle$Holder.invokeVirtual(java.lang.Object, java.lang.Object, int, java.lang.Object)'> (0x000000009351dc90) thrown at [./src/hotspot/share/interpreter/linkResolver.cpp, line 773]
Event: 987.535 Thread 0x0000017492d50000 Exception <a 'java/lang/NoSuchMethodError'{0x00000000935bf590}: 'void java.lang.invoke.DirectMethodHandle$Holder.invokeVirtual(java.lang.Object, java.lang.Object, int, java.lang.Object)'> (0x00000000935bf590) thrown at [./src/hotspot/share/interpreter/linkResolver.cpp, line 773]
Event: 987.535 Thread 0x0000017485c84000 Exception <a 'java/lang/NoSuchMethodError'{0x00000000934c1a20}: 'void java.lang.invoke.DirectMethodHandle$Holder.invokeVirtual(java.lang.Object, java.lang.Object, int, java.lang.Object)'> (0x00000000934c1a20) thrown at [./src/hotspot/share/interpreter/linkResolver.cpp, line 773]
Event: 987.535 Thread 0x0000017492d51000 Exception <a 'java/lang/NoSuchMethodError'{0x00000000935a1c98}: 'void java.lang.invoke.DirectMethodHandle$Holder.invokeVirtual(java.lang.Object, java.lang.Object, int, java.lang.Object)'> (0x00000000935a1c98) thrown at [./src/hotspot/share/interpreter/linkResolver.cpp, line 773]
Event: 989.451 Thread 0x0000017485c84000 Exception <a 'java/lang/NoSuchMethodError'{0x000000009488b568}: 'int java.lang.invoke.DirectMethodHandle$Holder.invokeInterface(java.lang.Object, java.lang.Object, int)'> (0x000000009488b568) thrown at [./src/hotspot/share/interpreter/linkResolver.cpp, line 773]

Events (20 events):
Event: 989.649 loading class com/android/tools/r8/code/y3 done
Event: 989.650 loading class com/android/tools/r8/code/A3
Event: 989.650 loading class com/android/tools/r8/code/A3 done
Event: 989.650 loading class com/android/tools/r8/code/B3
Event: 989.650 loading class com/android/tools/r8/code/B3 done
Event: 989.651 loading class com/android/tools/r8/code/C3
Event: 989.651 loading class com/android/tools/r8/code/C3 done
Event: 989.651 loading class com/android/tools/r8/code/z3
Event: 989.651 loading class com/android/tools/r8/code/z3 done
Event: 989.655 loading class com/android/tools/r8/code/t3
Event: 989.655 loading class com/android/tools/r8/code/t3 done
Event: 989.655 loading class com/android/tools/r8/code/w3
Event: 989.655 loading class com/android/tools/r8/code/w3 done
Event: 989.656 loading class com/android/tools/r8/code/v3
Event: 989.656 loading class com/android/tools/r8/code/v3 done
Event: 989.656 loading class com/android/tools/r8/code/x3
Event: 989.656 loading class com/android/tools/r8/code/x3 done
Event: 989.657 loading class com/android/tools/r8/code/u3
Event: 989.657 loading class com/android/tools/r8/code/u3 done
Event: 989.877 Executing VM operation: G1CollectForAllocation


Dynamic libraries:
0x00007ff7700f0000 - 0x00007ff7700fa000 	C:\Program Files\Android\Android Studio\jre\bin\java.exe
0x00007ffb050b0000 - 0x00007ffb052a5000 	C:\WINDOWS\SYSTEM32\ntdll.dll
0x00007ffb042e0000 - 0x00007ffb0439e000 	C:\WINDOWS\System32\KERNEL32.DLL
0x00007ffb02b00000 - 0x00007ffb02dc8000 	C:\WINDOWS\System32\KERNELBASE.dll
0x00007ffb02e80000 - 0x00007ffb02f80000 	C:\WINDOWS\System32\ucrtbase.dll
0x00007ffae69e0000 - 0x00007ffae69f7000 	C:\Program Files\Android\Android Studio\jre\bin\VCRUNTIME140.dll
0x00007ffae69a0000 - 0x00007ffae69b9000 	C:\Program Files\Android\Android Studio\jre\bin\jli.dll
0x00007ffb036f0000 - 0x00007ffb03890000 	C:\WINDOWS\System32\USER32.dll
0x00007ffb02f80000 - 0x00007ffb02fa2000 	C:\WINDOWS\System32\win32u.dll
0x00007ffaeaf30000 - 0x00007ffaeb1ca000 	C:\WINDOWS\WinSxS\amd64_microsoft.windows.common-controls_6595b64144ccf1df_6.0.19041.1110_none_60b5254171f9507e\COMCTL32.dll
0x00007ffb04fa0000 - 0x00007ffb0503e000 	C:\WINDOWS\System32\msvcrt.dll
0x00007ffb04d70000 - 0x00007ffb04d9b000 	C:\WINDOWS\System32\GDI32.dll
0x00007ffb02890000 - 0x00007ffb0299b000 	C:\WINDOWS\System32\gdi32full.dll
0x00007ffb02fb0000 - 0x00007ffb0304d000 	C:\WINDOWS\System32\msvcp_win.dll
0x00007ffb04730000 - 0x00007ffb04760000 	C:\WINDOWS\System32\IMM32.DLL
0x00007ffadd170000 - 0x00007ffadd20d000 	C:\Program Files\Android\Android Studio\jre\bin\msvcp140.dll
0x00007ffaa9ba0000 - 0x00007ffaaa675000 	C:\Program Files\Android\Android Studio\jre\bin\server\jvm.dll
0x00007ffb043a0000 - 0x00007ffb0444e000 	C:\WINDOWS\System32\ADVAPI32.dll
0x00007ffb04760000 - 0x00007ffb047fc000 	C:\WINDOWS\System32\sechost.dll
0x00007ffb04450000 - 0x00007ffb04575000 	C:\WINDOWS\System32\RPCRT4.dll
0x00007ffb05060000 - 0x00007ffb05068000 	C:\WINDOWS\System32\PSAPI.DLL
0x00007ffad8050000 - 0x00007ffad8059000 	C:\WINDOWS\SYSTEM32\WSOCK32.dll
0x00007ffb04800000 - 0x00007ffb0486b000 	C:\WINDOWS\System32\WS2_32.dll
0x00007ffaf9020000 - 0x00007ffaf902a000 	C:\WINDOWS\SYSTEM32\VERSION.dll
0x00007ffae03c0000 - 0x00007ffae03e7000 	C:\WINDOWS\SYSTEM32\WINMM.dll
0x00007ffb00750000 - 0x00007ffb00762000 	C:\WINDOWS\SYSTEM32\kernel.appcore.dll
0x00007ffafb090000 - 0x00007ffafb0a1000 	C:\Program Files\Android\Android Studio\jre\bin\verify.dll
0x00007ffadfdc0000 - 0x00007ffadffa4000 	C:\WINDOWS\SYSTEM32\DBGHELP.DLL
0x00007ffadfc00000 - 0x00007ffadfc2c000 	C:\WINDOWS\SYSTEM32\dbgcore.DLL
0x00007ffb02800000 - 0x00007ffb02882000 	C:\WINDOWS\System32\bcryptPrimitives.dll
0x00007ffafb060000 - 0x00007ffafb089000 	C:\Program Files\Android\Android Studio\jre\bin\java.dll
0x00007ffafaf40000 - 0x00007ffafaf4b000 	C:\Program Files\Android\Android Studio\jre\bin\jimage.dll
0x00007ffaf63b0000 - 0x00007ffaf63c8000 	C:\Program Files\Android\Android Studio\jre\bin\zip.dll
0x00007ffb03890000 - 0x00007ffb03fd4000 	C:\WINDOWS\System32\SHELL32.dll
0x00007ffb008c0000 - 0x00007ffb01054000 	C:\WINDOWS\SYSTEM32\windows.storage.dll
0x00007ffb04930000 - 0x00007ffb04c84000 	C:\WINDOWS\System32\combase.dll
0x00007ffb02230000 - 0x00007ffb0225c000 	C:\WINDOWS\SYSTEM32\Wldp.dll
0x00007ffb035e0000 - 0x00007ffb0368d000 	C:\WINDOWS\System32\SHCORE.dll
0x00007ffb03580000 - 0x00007ffb035d5000 	C:\WINDOWS\System32\shlwapi.dll
0x00007ffb02710000 - 0x00007ffb0272f000 	C:\WINDOWS\SYSTEM32\profapi.dll
0x00007ffaf6030000 - 0x00007ffaf604a000 	C:\Program Files\Android\Android Studio\jre\bin\net.dll
0x00007ffaf6460000 - 0x00007ffaf6569000 	C:\WINDOWS\SYSTEM32\WINHTTP.dll
0x00007ffb01f90000 - 0x00007ffb01ffa000 	C:\WINDOWS\system32\mswsock.dll
0x00007ffaeb220000 - 0x00007ffaeb234000 	C:\Program Files\Android\Android Studio\jre\bin\nio.dll
0x00007ffae67a0000 - 0x00007ffae67c7000 	C:\Users\DELL\.gradle\native\e1d6ef7f7dcc3fd88c89a11ec53ec762bb8ba0a96d01ffa2cd45eb1d1d8dd5c5\windows-amd64\native-platform.dll
0x00007ffaac1d0000 - 0x00007ffaac314000 	C:\Users\DELL\.gradle\native\5664cfc778a61ccfe75a443a1ab52a65af34e5dc3c78e0209fed803814484fcb\windows-amd64\native-platform-file-events.dll
0x00007ffafaed0000 - 0x00007ffafaeda000 	C:\Program Files\Android\Android Studio\jre\bin\management.dll
0x00007ffaf61c0000 - 0x00007ffaf61cd000 	C:\Program Files\Android\Android Studio\jre\bin\management_ext.dll
0x00007ffb02180000 - 0x00007ffb02198000 	C:\WINDOWS\SYSTEM32\CRYPTSP.dll
0x00007ffb018a0000 - 0x00007ffb018d4000 	C:\WINDOWS\system32\rsaenh.dll
0x00007ffb027d0000 - 0x00007ffb027f7000 	C:\WINDOWS\System32\bcrypt.dll
0x00007ffb026d0000 - 0x00007ffb026fe000 	C:\WINDOWS\SYSTEM32\USERENV.dll
0x00007ffb021a0000 - 0x00007ffb021ac000 	C:\WINDOWS\SYSTEM32\CRYPTBASE.dll
0x00007ffb01c30000 - 0x00007ffb01c6b000 	C:\WINDOWS\SYSTEM32\IPHLPAPI.DLL
0x00007ffb04060000 - 0x00007ffb04068000 	C:\WINDOWS\System32\NSI.dll
0x00007ffafb5c0000 - 0x00007ffafb5d7000 	C:\WINDOWS\SYSTEM32\dhcpcsvc6.DLL
0x00007ffafbbd0000 - 0x00007ffafbbed000 	C:\WINDOWS\SYSTEM32\dhcpcsvc.DLL
0x00007ffb01cc0000 - 0x00007ffb01d8a000 	C:\WINDOWS\SYSTEM32\DNSAPI.dll
0x00007ffb014b0000 - 0x00007ffb014e3000 	C:\WINDOWS\SYSTEM32\ntmarta.dll

dbghelp: loaded successfully - version: 4.0.5 - missing functions: none
symbol engine: initialized successfully - sym options: 0x614 - pdb path: .;C:\Program Files\Android\Android Studio\jre\bin;C:\WINDOWS\SYSTEM32;C:\WINDOWS\WinSxS\amd64_microsoft.windows.common-controls_6595b64144ccf1df_6.0.19041.1110_none_60b5254171f9507e;C:\Program Files\Android\Android Studio\jre\bin\server;C:\Users\DELL\.gradle\native\e1d6ef7f7dcc3fd88c89a11ec53ec762bb8ba0a96d01ffa2cd45eb1d1d8dd5c5\windows-amd64;C:\Users\DELL\.gradle\native\5664cfc778a61ccfe75a443a1ab52a65af34e5dc3c78e0209fed803814484fcb\windows-amd64

VM Arguments:
jvm_args: --add-opens=java.base/java.util=ALL-UNNAMED --add-opens=java.base/java.lang=ALL-UNNAMED --add-opens=java.base/java.lang.invoke=ALL-UNNAMED --add-opens=java.base/java.util=ALL-UNNAMED --add-opens=java.prefs/java.util.prefs=ALL-UNNAMED --add-opens=java.prefs/java.util.prefs=ALL-UNNAMED --add-opens=java.base/java.nio.charset=ALL-UNNAMED --add-opens=java.base/java.net=ALL-UNNAMED --add-opens=java.base/java.util.concurrent.atomic=ALL-UNNAMED -Xmx2048m -Dfile.encoding=UTF-8 -Duser.country=CI -Duser.language=fr -Duser.variant 
java_command: org.gradle.launcher.daemon.bootstrap.GradleDaemon 7.2
java_class_path (initial): C:\Users\DELL\.gradle\wrapper\dists\gradle-7.2-bin\2dnblmf4td7x66yl1d74lt32g\gradle-7.2\lib\gradle-launcher-7.2.jar
Launcher Type: SUN_STANDARD

[Global flags]
     intx CICompilerCount                          = 3                                         {product} {ergonomic}
     uint ConcGCThreads                            = 1                                         {product} {ergonomic}
     uint G1ConcRefinementThreads                  = 4                                         {product} {ergonomic}
   size_t G1HeapRegionSize                         = 1048576                                   {product} {ergonomic}
    uintx GCDrainStackTargetSize                   = 64                                        {product} {ergonomic}
   size_t InitialHeapSize                          = 130023424                                 {product} {ergonomic}
   size_t MarkStackSize                            = 4194304                                   {product} {ergonomic}
   size_t MaxHeapSize                              = 2147483648                                {product} {command line}
   size_t MaxNewSize                               = 1287651328                                {product} {ergonomic}
   size_t MinHeapDeltaBytes                        = 1048576                                   {product} {ergonomic}
    uintx NonNMethodCodeHeapSize                   = 5830732                                {pd product} {ergonomic}
    uintx NonProfiledCodeHeapSize                  = 122913754                              {pd product} {ergonomic}
    uintx ProfiledCodeHeapSize                     = 122913754                              {pd product} {ergonomic}
    uintx ReservedCodeCacheSize                    = 251658240                              {pd product} {ergonomic}
     bool SegmentedCodeCache                       = true                                      {product} {ergonomic}
     bool UseCompressedClassPointers               = true                                 {lp64_product} {ergonomic}
     bool UseCompressedOops                        = true                                 {lp64_product} {ergonomic}
     bool UseG1GC                                  = true                                      {product} {ergonomic}
     bool UseLargePagesIndividualAllocation        = false                                  {pd product} {ergonomic}

Logging:
Log output configuration:
 #0: stdout all=warning uptime,level,tags
 #1: stderr all=off uptime,level,tags

Environment Variables:
CLASSPATH=C:\LINGO64_18\Lingo18.jar
PATH=C:\WINDOWS\system32;C:\WINDOWS;C:\WINDOWS\System32\Wbem;C:\WINDOWS\System32\WindowsPowerShell\v1.0\;C:\WINDOWS\System32\OpenSSH\;C:\Program Files (x86)\Intel\Intel(R) Management Engine Components\DAL;C:\Program Files\Intel\Intel(R) Management Engine Components\DAL;C:\LINGO64_18\;C:\Users\DELL\AppData\Local\Microsoft\WindowsApps;;C:\Users\DELL\AppData\Local\Programs\Microsoft VS Code\bin;C:\Program Files\PyCharm Community Edition 2020.2.3\bin;
USERNAME=DELL
OS=Windows_NT
PROCESSOR_IDENTIFIER=Intel64 Family 6 Model 61 Stepping 4, GenuineIntel



---------------  S Y S T E M  ---------------

OS: Windows 10 , 64 bit Build 19041 (10.0.19041.1566)
OS uptime: 2 days 3:01 hours

CPU:total 4 (initial active 4) (2 cores per cpu, 2 threads per core) family 6 model 61 stepping 4 microcode 0x2d, cmov, cx8, fxsr, mmx, sse, sse2, sse3, ssse3, sse4.1, sse4.2, popcnt, avx, avx2, aes, clmul, erms, rtm, 3dnowpref, lzcnt, ht, tsc, tscinvbit, bmi1, bmi2, adx, fma

Memory: 4k page, system-wide physical 7887M (1413M free)
TotalPageFile size 9256M (AvailPageFile size 97M)
current process WorkingSet (physical memory assigned to process): 698M, peak: 701M
current process commit charge ("private bytes"): 777M, peak: 998M

vm_info: OpenJDK 64-Bit Server VM (11.0.11+9-b60-7590822) for windows-amd64 JRE (11.0.11+9-b60-7590822), built on Jul 29 2021 21:43:44 by "builder" with MS VC++ 14.0 (VS2015)

END.
