#
# There is insufficient memory for the Java Runtime Environment to continue.
# Native memory allocation (mmap) failed to map 37748736 bytes for Failed to commit area from 0x000000008a100000 to 0x000000008c500000 of length 37748736.
# Possible reasons:
#   The system is out of physical RAM or swap space
#   The process is running with CompressedOops enabled, and the Java Heap may be blocking the growth of the native heap
# Possible solutions:
#   Reduce memory load on the system
#   Increase physical memory or swap space
#   Check if swap backing store is full
#   Decrease Java heap size (-Xmx/-Xms)
#   Decrease number of Java threads
#   Decrease Java thread stack sizes (-Xss)
#   Set larger code cache with -XX:ReservedCodeCacheSize=
#   JVM is running with Unscaled Compressed Oops mode in which the Java heap is
#     placed in the first 4GB address space. The Java Heap base address is the
#     maximum limit for the native heap growth. Please use -XX:HeapBaseMinAddress
#     to set the Java Heap base and to place the Java Heap above 4GB virtual address.
# This output file may be truncated or incomplete.
#
#  Out of Memory Error (./src/hotspot/os/windows/os_windows.cpp:3301), pid=13848, tid=12988
#
# JRE version: OpenJDK Runtime Environment (11.0.11+9) (build 11.0.11+9-b60-7590822)
# Java VM: OpenJDK 64-Bit Server VM (11.0.11+9-b60-7590822, mixed mode, tiered, compressed oops, g1 gc, windows-amd64)
# No core dump will be written. Minidumps are not enabled by default on client versions of Windows
#

---------------  S U M M A R Y ------------

Command Line: --add-opens=java.base/java.util=ALL-UNNAMED --add-opens=java.base/java.lang=ALL-UNNAMED --add-opens=java.base/java.lang.invoke=ALL-UNNAMED --add-opens=java.base/java.util=ALL-UNNAMED --add-opens=java.prefs/java.util.prefs=ALL-UNNAMED --add-opens=java.prefs/java.util.prefs=ALL-UNNAMED --add-opens=java.base/java.nio.charset=ALL-UNNAMED --add-opens=java.base/java.net=ALL-UNNAMED --add-opens=java.base/java.util.concurrent.atomic=ALL-UNNAMED -Xmx2048m -Dfile.encoding=UTF-8 -Duser.country=CI -Duser.language=fr -Duser.variant org.gradle.launcher.daemon.bootstrap.GradleDaemon 7.2

Host: Intel(R) Core(TM) i5-5300U CPU @ 2.30GHz, 4 cores, 7G,  Windows 10 , 64 bit Build 19041 (10.0.19041.1566)
Time: Sat Mar 19 11:30:33 2022 Greenwich elapsed time: 115.399623 seconds (0d 0h 1m 55s)

---------------  T H R E A D  ---------------

Current thread (0x000002727eb8c800):  VMThread "VM Thread" [stack: 0x000000c419e00000,0x000000c419f00000] [id=12988]

Stack: [0x000000c419e00000,0x000000c419f00000]
[error occurred during error reporting (printing stack bounds), id 0xc0000005, EXCEPTION_ACCESS_VIOLATION (0xc0000005) at pc=0x0000027200000f2d]

Native frames: (J=compiled Java code, j=interpreted, Vv=VM code, C=native code)
V  [jvm.dll+0x5f214a]
V  [jvm.dll+0x726fb5]
V  [jvm.dll+0x7285cd]
V  [jvm.dll+0x728be5]
V  [jvm.dll+0x728b9b]
V  [jvm.dll+0x5f14e8]
V  [jvm.dll+0x5f1c78]
C  [ntdll.dll+0xa20cf]
C  [ntdll.dll+0x51454]
C  [ntdll.dll+0xa0bfe]
C  0x0000027200000f2d

VM_Operation (0x000000c4195fd220): G1CollectForAllocation, mode: safepoint, requested by thread 0x00000272185a1000


---------------  P R O C E S S  ---------------

Threads class SMR info:
_java_thread_list=0x0000027216814740, length=94, elements={
0x000002727405b000, 0x000002727eb90800, 0x000002727eb92000, 0x000002727ebad000,
0x000002727ebaf000, 0x000002727ebb0000, 0x000002727ebb8800, 0x000002727ebb9800,
0x000002727ebba800, 0x000002727f692800, 0x000002727f68e800, 0x000002727f68d000,
0x000002727f691000, 0x000002727f690000, 0x000002727f68d800, 0x000002727f691800,
0x000002727f68f800, 0x000002727f693800, 0x000002721183b800, 0x000002721183c800,
0x000002721183a000, 0x000002721183a800, 0x000002721183d000, 0x0000027211838800,
0x000002721183f000, 0x0000027211839000, 0x0000027211845800, 0x0000027211840800,
0x0000027211841800, 0x000002721183f800, 0x0000027211843000, 0x0000027211847000,
0x0000027213703800, 0x0000027213705800, 0x0000027213702800, 0x0000027213707800,
0x0000027213706800, 0x000002721370a000, 0x0000027213704000, 0x0000027213708000,
0x000002721370a800, 0x0000027213709000, 0x0000027213705000, 0x000002721370e000,
0x0000027213710800, 0x0000027213711000, 0x000002721370b800, 0x000002721370f800,
0x000002721370c800, 0x000002721370d000, 0x000002721370e800, 0x0000027212ba4000,
0x0000027212ba3000, 0x0000027212ba6800, 0x0000027212ba5000, 0x0000027212ba8000,
0x0000027212ba5800, 0x0000027212ba7000, 0x0000027212ba9000, 0x0000027212ba9800,
0x0000027213150000, 0x0000027213155800, 0x0000027213150800, 0x0000027213152800,
0x0000027213157000, 0x0000027213156800, 0x0000027213153000, 0x0000027213154000,
0x0000027213154800, 0x0000027213151800, 0x000002721315d800, 0x000002721315b000,
0x0000027213159800, 0x000002721315c000, 0x000002721315d000, 0x0000027213158000,
0x000002721315a800, 0x0000027213159000, 0x00000272185a3800, 0x00000272185a4000,
0x00000272185a2800, 0x000002721859e800, 0x00000272185a5000, 0x00000272185a1000,
0x000002721859f000, 0x00000272185a5800, 0x00000272185a0000, 0x00000272185a1800,
0x00000272185a7800, 0x00000272185ab800, 0x00000272185aa000, 0x00000272185ac800,
0x00000272185a8000, 0x000002721b03e800
}

Java Threads: ( => current thread )
  0x000002727405b000 JavaThread "main" [_thread_blocked, id=808, stack(0x000000c419800000,0x000000c419900000)]
  0x000002727eb90800 JavaThread "Reference Handler" daemon [_thread_blocked, id=2616, stack(0x000000c419f00000,0x000000c41a000000)]
  0x000002727eb92000 JavaThread "Finalizer" daemon [_thread_blocked, id=9776, stack(0x000000c41a000000,0x000000c41a100000)]
  0x000002727ebad000 JavaThread "Signal Dispatcher" daemon [_thread_blocked, id=5348, stack(0x000000c41a100000,0x000000c41a200000)]
  0x000002727ebaf000 JavaThread "Attach Listener" daemon [_thread_blocked, id=14144, stack(0x000000c41a200000,0x000000c41a300000)]
  0x000002727ebb0000 JavaThread "Service Thread" daemon [_thread_blocked, id=13372, stack(0x000000c41a300000,0x000000c41a400000)]
  0x000002727ebb8800 JavaThread "C2 CompilerThread0" daemon [_thread_blocked, id=5064, stack(0x000000c41a400000,0x000000c41a500000)]
  0x000002727ebb9800 JavaThread "C1 CompilerThread0" daemon [_thread_blocked, id=3572, stack(0x000000c41a500000,0x000000c41a600000)]
  0x000002727ebba800 JavaThread "Sweeper thread" daemon [_thread_blocked, id=13532, stack(0x000000c41a600000,0x000000c41a700000)]
  0x000002727f692800 JavaThread "Common-Cleaner" daemon [_thread_blocked, id=13268, stack(0x000000c41a700000,0x000000c41a800000)]
  0x000002727f68e800 JavaThread "Daemon health stats" [_thread_blocked, id=7688, stack(0x000000c41ab00000,0x000000c41ac00000)]
  0x000002727f68d000 JavaThread "Incoming local TCP Connector on port 56103" [_thread_in_native, id=13048, stack(0x000000c41a900000,0x000000c41aa00000)]
  0x000002727f691000 JavaThread "Daemon periodic checks" [_thread_blocked, id=11724, stack(0x000000c41ac00000,0x000000c41ad00000)]
  0x000002727f690000 JavaThread "Daemon" [_thread_blocked, id=7552, stack(0x000000c41ad00000,0x000000c41ae00000)]
  0x000002727f68d800 JavaThread "Handler for socket connection from /127.0.0.1:56103 to /127.0.0.1:56104" [_thread_in_native, id=8028, stack(0x000000c41ae00000,0x000000c41af00000)]
  0x000002727f691800 JavaThread "Cancel handler" [_thread_blocked, id=2172, stack(0x000000c41af00000,0x000000c41b000000)]
  0x000002727f68f800 JavaThread "Daemon worker" [_thread_blocked, id=4820, stack(0x000000c41b000000,0x000000c41b100000)]
  0x000002727f693800 JavaThread "Asynchronous log dispatcher for DefaultDaemonConnection: socket connection from /127.0.0.1:56103 to /127.0.0.1:56104" [_thread_blocked, id=10184, stack(0x000000c41b100000,0x000000c41b200000)]
  0x000002721183b800 JavaThread "Daemon client event forwarder" [_thread_blocked, id=9192, stack(0x000000c41b300000,0x000000c41b400000)]
  0x000002721183c800 JavaThread "Cache worker for journal cache (C:\Users\DELL\.gradle\caches\journal-1)" [_thread_blocked, id=10504, stack(0x000000c41b600000,0x000000c41b700000)]
  0x000002721183a000 JavaThread "File lock request listener" [_thread_in_native, id=10604, stack(0x000000c41b700000,0x000000c41b800000)]
  0x000002721183a800 JavaThread "Cache worker for file hash cache (C:\Users\DELL\.gradle\caches\7.2\fileHashes)" [_thread_blocked, id=14080, stack(0x000000c41b800000,0x000000c41b900000)]
  0x000002721183d000 JavaThread "Cache worker for file hash cache (C:\INPHB\.gradle\7.2\fileHashes)" [_thread_blocked, id=8532, stack(0x000000c41b900000,0x000000c41ba00000)]
  0x0000027211838800 JavaThread "File watcher server" daemon [_thread_blocked, id=13432, stack(0x000000c41ba00000,0x000000c41bb00000)]
  0x000002721183f000 JavaThread "File watcher consumer" daemon [_thread_blocked, id=6520, stack(0x000000c41bb00000,0x000000c41bc00000)]
  0x0000027211839000 JavaThread "Cache worker for checksums cache (C:\INPHB\.gradle\checksums)" [_thread_blocked, id=6620, stack(0x000000c41bc00000,0x000000c41bd00000)]
  0x0000027211845800 JavaThread "Cache worker for cache directory md-supplier (C:\Users\DELL\.gradle\caches\7.2\md-supplier)" [_thread_blocked, id=9380, stack(0x000000c41bd00000,0x000000c41be00000)]
  0x0000027211840800 JavaThread "Cache worker for cache directory md-rule (C:\Users\DELL\.gradle\caches\7.2\md-rule)" [_thread_blocked, id=7800, stack(0x000000c41bf00000,0x000000c41c000000)]
  0x0000027211841800 JavaThread "Cache worker for execution history cache (C:\Users\DELL\.gradle\caches\7.2\executionHistory)" [_thread_blocked, id=1936, stack(0x000000c41be00000,0x000000c41bf00000)]
  0x000002721183f800 JavaThread "jar transforms" [_thread_blocked, id=11100, stack(0x000000c41c000000,0x000000c41c100000)]
  0x0000027211843000 JavaThread "Cache worker for file content cache (C:\Users\DELL\.gradle\caches\7.2\fileContent)" [_thread_blocked, id=2012, stack(0x000000c41c100000,0x000000c41c200000)]
  0x0000027211847000 JavaThread "jar transforms Thread 2" [_thread_blocked, id=10524, stack(0x000000c41c300000,0x000000c41c400000)]
  0x0000027213703800 JavaThread "Cache worker for dependencies-accessors (C:\INPHB\.gradle\7.2\dependencies-accessors)" [_thread_blocked, id=8196, stack(0x000000c41c400000,0x000000c41c500000)]
  0x0000027213705800 JavaThread "jar transforms Thread 3" [_thread_blocked, id=7472, stack(0x000000c41c500000,0x000000c41c600000)]
  0x0000027213702800 JavaThread "Cache worker for Build Output Cleanup Cache (C:\INPHB\.gradle\buildOutputCleanup)" [_thread_blocked, id=10076, stack(0x000000c41c200000,0x000000c41c300000)]
  0x0000027213707800 JavaThread "Unconstrained build operations" [_thread_blocked, id=10016, stack(0x000000c41c600000,0x000000c41c700000)]
  0x0000027213706800 JavaThread "Unconstrained build operations Thread 2" [_thread_blocked, id=7272, stack(0x000000c41c700000,0x000000c41c800000)]
  0x000002721370a000 JavaThread "Unconstrained build operations Thread 3" [_thread_blocked, id=10004, stack(0x000000c41c800000,0x000000c41c900000)]
  0x0000027213704000 JavaThread "Unconstrained build operations Thread 4" [_thread_blocked, id=8716, stack(0x000000c41c900000,0x000000c41ca00000)]
  0x0000027213708000 JavaThread "Unconstrained build operations Thread 5" [_thread_blocked, id=12996, stack(0x000000c41ca00000,0x000000c41cb00000)]
  0x000002721370a800 JavaThread "Unconstrained build operations Thread 6" [_thread_blocked, id=6692, stack(0x000000c41cb00000,0x000000c41cc00000)]
  0x0000027213709000 JavaThread "Unconstrained build operations Thread 7" [_thread_blocked, id=9224, stack(0x000000c41cc00000,0x000000c41cd00000)]
  0x0000027213705000 JavaThread "Unconstrained build operations Thread 8" [_thread_blocked, id=9920, stack(0x000000c41cd00000,0x000000c41ce00000)]
  0x000002721370e000 JavaThread "Unconstrained build operations Thread 9" [_thread_blocked, id=10044, stack(0x000000c41ce00000,0x000000c41cf00000)]
  0x0000027213710800 JavaThread "Unconstrained build operations Thread 10" [_thread_blocked, id=7972, stack(0x000000c41cf00000,0x000000c41d000000)]
  0x0000027213711000 JavaThread "Unconstrained build operations Thread 11" [_thread_blocked, id=10544, stack(0x000000c41d000000,0x000000c41d100000)]
  0x000002721370b800 JavaThread "Unconstrained build operations Thread 12" [_thread_blocked, id=3204, stack(0x000000c41d100000,0x000000c41d200000)]
  0x000002721370f800 JavaThread "Unconstrained build operations Thread 13" [_thread_blocked, id=14228, stack(0x000000c41d200000,0x000000c41d300000)]
  0x000002721370c800 JavaThread "Unconstrained build operations Thread 14" [_thread_blocked, id=9236, stack(0x000000c41d300000,0x000000c41d400000)]
  0x000002721370d000 JavaThread "Unconstrained build operations Thread 15" [_thread_blocked, id=10040, stack(0x000000c41d400000,0x000000c41d500000)]
  0x000002721370e800 JavaThread "Unconstrained build operations Thread 16" [_thread_blocked, id=14096, stack(0x000000c41d500000,0x000000c41d600000)]
  0x0000027212ba4000 JavaThread "Unconstrained build operations Thread 17" [_thread_blocked, id=12932, stack(0x000000c41d600000,0x000000c41d700000)]
  0x0000027212ba3000 JavaThread "Unconstrained build operations Thread 18" [_thread_blocked, id=8600, stack(0x000000c41d700000,0x000000c41d800000)]
  0x0000027212ba6800 JavaThread "Unconstrained build operations Thread 19" [_thread_blocked, id=14324, stack(0x000000c41d800000,0x000000c41d900000)]
  0x0000027212ba5000 JavaThread "Unconstrained build operations Thread 20" [_thread_blocked, id=3952, stack(0x000000c41d900000,0x000000c41da00000)]
  0x0000027212ba8000 JavaThread "Unconstrained build operations Thread 21" [_thread_blocked, id=724, stack(0x000000c41da00000,0x000000c41db00000)]
  0x0000027212ba5800 JavaThread "Unconstrained build operations Thread 22" [_thread_blocked, id=14236, stack(0x000000c41db00000,0x000000c41dc00000)]
  0x0000027212ba7000 JavaThread "Unconstrained build operations Thread 23" [_thread_blocked, id=3964, stack(0x000000c41dc00000,0x000000c41dd00000)]
  0x0000027212ba9000 JavaThread "Unconstrained build operations Thread 24" [_thread_blocked, id=3640, stack(0x000000c41dd00000,0x000000c41de00000)]
  0x0000027212ba9800 JavaThread "Unconstrained build operations Thread 25" [_thread_blocked, id=252, stack(0x000000c41de00000,0x000000c41df00000)]
  0x0000027213150000 JavaThread "Unconstrained build operations Thread 26" [_thread_blocked, id=3544, stack(0x000000c41df00000,0x000000c41e000000)]
  0x0000027213155800 JavaThread "Unconstrained build operations Thread 27" [_thread_blocked, id=1972, stack(0x000000c41e000000,0x000000c41e100000)]
  0x0000027213150800 JavaThread "Unconstrained build operations Thread 28" [_thread_blocked, id=10596, stack(0x000000c41e100000,0x000000c41e200000)]
  0x0000027213152800 JavaThread "Unconstrained build operations Thread 29" [_thread_blocked, id=13376, stack(0x000000c41e200000,0x000000c41e300000)]
  0x0000027213157000 JavaThread "Unconstrained build operations Thread 30" [_thread_blocked, id=12380, stack(0x000000c41e300000,0x000000c41e400000)]
  0x0000027213156800 JavaThread "Unconstrained build operations Thread 31" [_thread_blocked, id=5320, stack(0x000000c41e400000,0x000000c41e500000)]
  0x0000027213153000 JavaThread "Unconstrained build operations Thread 32" [_thread_blocked, id=8268, stack(0x000000c41e500000,0x000000c41e600000)]
  0x0000027213154000 JavaThread "Unconstrained build operations Thread 33" [_thread_blocked, id=5900, stack(0x000000c41e600000,0x000000c41e700000)]
  0x0000027213154800 JavaThread "Unconstrained build operations Thread 34" [_thread_blocked, id=2568, stack(0x000000c41e700000,0x000000c41e800000)]
  0x0000027213151800 JavaThread "Unconstrained build operations Thread 35" [_thread_blocked, id=420, stack(0x000000c41e800000,0x000000c41e900000)]
  0x000002721315d800 JavaThread "Unconstrained build operations Thread 36" [_thread_blocked, id=11364, stack(0x000000c41e900000,0x000000c41ea00000)]
  0x000002721315b000 JavaThread "Unconstrained build operations Thread 37" [_thread_blocked, id=7028, stack(0x000000c41ea00000,0x000000c41eb00000)]
  0x0000027213159800 JavaThread "Unconstrained build operations Thread 38" [_thread_blocked, id=13100, stack(0x000000c41eb00000,0x000000c41ec00000)]
  0x000002721315c000 JavaThread "Unconstrained build operations Thread 39" [_thread_blocked, id=5028, stack(0x000000c41ec00000,0x000000c41ed00000)]
  0x000002721315d000 JavaThread "Unconstrained build operations Thread 40" [_thread_blocked, id=7644, stack(0x000000c41ed00000,0x000000c41ee00000)]
  0x0000027213158000 JavaThread "jar transforms Thread 4" [_thread_blocked, id=7180, stack(0x000000c41ee00000,0x000000c41ef00000)]
  0x000002721315a800 JavaThread "Memory manager" [_thread_blocked, id=10364, stack(0x000000c41f100000,0x000000c41f200000)]
  0x0000027213159000 JavaThread "build event listener" [_thread_blocked, id=8416, stack(0x000000c419600000,0x000000c419700000)]
  0x00000272185a3800 JavaThread "Execution worker for ':'" [_thread_blocked, id=9552, stack(0x000000c419700000,0x000000c419800000)]
  0x00000272185a4000 JavaThread "Execution worker for ':' Thread 2" [_thread_blocked, id=4124, stack(0x000000c41f200000,0x000000c41f300000)]
  0x00000272185a2800 JavaThread "Execution worker for ':' Thread 3" [_thread_blocked, id=13868, stack(0x000000c41f300000,0x000000c41f400000)]
  0x000002721859e800 JavaThread "Cache worker for execution history cache (C:\INPHB\.gradle\7.2\executionHistory)" [_thread_blocked, id=1488, stack(0x000000c41f400000,0x000000c41f500000)]
  0x00000272185a5000 JavaThread "WorkerExecutor Queue" [_thread_blocked, id=12420, stack(0x000000c41b200000,0x000000c41b300000)]
  0x00000272185a1000 JavaThread "WorkerExecutor Queue Thread 2" [_thread_blocked, id=12448, stack(0x000000c419500000,0x000000c419600000)]
  0x000002721859f000 JavaThread "WorkerExecutor Queue Thread 3" [_thread_blocked, id=2004, stack(0x000000c41f500000,0x000000c41f600000)]
  0x00000272185a5800 JavaThread "WorkerExecutor Queue Thread 4" [_thread_blocked, id=7792, stack(0x000000c41f600000,0x000000c41f700000)]
  0x00000272185a0000 JavaThread "pool-3-thread-1" [_thread_blocked, id=3956, stack(0x000000c41f700000,0x000000c41f800000)]
  0x00000272185a1800 JavaThread "stderr" [_thread_in_native, id=11800, stack(0x000000c41f800000,0x000000c41f900000)]
  0x00000272185a7800 JavaThread "stdout" [_thread_in_native, id=13796, stack(0x000000c41f900000,0x000000c41fa00000)]
  0x00000272185ab800 JavaThread "ForkJoinPool-1-worker-3" daemon [_thread_blocked, id=5524, stack(0x000000c41fb00000,0x000000c41fc00000)]
  0x00000272185aa000 JavaThread "ForkJoinPool-1-worker-5" daemon [_thread_blocked, id=10740, stack(0x000000c41fc00000,0x000000c41fd00000)]
  0x00000272185ac800 JavaThread "ForkJoinPool-1-worker-7" daemon [_thread_blocked, id=14168, stack(0x000000c41fd00000,0x000000c41fe00000)]
  0x00000272185a8000 JavaThread "ForkJoinPool-1-worker-1" daemon [_thread_blocked, id=13996, stack(0x000000c41fe00000,0x000000c41ff00000)]
  0x000002721b03e800 JavaThread "C2 CompilerThread1" daemon [_thread_blocked, id=10156, stack(0x000000c41fa00000,0x000000c41fb00000)]

Other Threads:
=>0x000002727eb8c800 VMThread "VM Thread" [stack: 0x000000c419e00000,0x000000c419f00000] [id=12988]
  0x000002727f6c5000 WatcherThread [stack: 0x000000c41a800000,0x000000c41a900000] [id=12404]
  0x0000027274075000 GCTaskThread "GC Thread#0" [stack: 0x000000c419900000,0x000000c419a00000] [id=13812]
  0x000002727f90e000 GCTaskThread "GC Thread#1" [stack: 0x000000c41aa00000,0x000000c41ab00000] [id=13744]
  0x0000027212740800 GCTaskThread "GC Thread#2" [stack: 0x000000c41b400000,0x000000c41b500000] [id=7332]
  0x000002721292c800 GCTaskThread "GC Thread#3" [stack: 0x000000c41b500000,0x000000c41b600000] [id=12292]
  0x00000272740a5000 ConcurrentGCThread "G1 Main Marker" [stack: 0x000000c419a00000,0x000000c419b00000] [id=11700]
  0x00000272740a6800 ConcurrentGCThread "G1 Conc#0" [stack: 0x000000c419b00000,0x000000c419c00000] [id=11608]
  0x0000027274132000 ConcurrentGCThread "G1 Refine#0" [stack: 0x000000c419c00000,0x000000c419d00000] [id=4004]
  0x0000027274135000 ConcurrentGCThread "G1 Young RemSet Sampling" [stack: 0x000000c419d00000,0x000000c419e00000] [id=13044]

Threads with active compile tasks:

VM state:at safepoint (normal execution)

VM Mutex/Monitor currently owned by a thread:  ([mutex/lock_event])
[0x0000027274055e20] Threads_lock - owner thread: 0x000002727eb8c800
[0x0000027274056e70] Heap_lock - owner thread: 0x00000272185a1000

Heap address: 0x0000000080000000, size: 2048 MB, Compressed Oops mode: 32-bit
Narrow klass base: 0x0000000000000000, Narrow klass shift: 3
Compressed class space size: 1073741824 Address: 0x0000000100000000

Heap:
 garbage-first heap   total 201728K, used 131582K [0x0000000080000000, 0x0000000100000000)
  region size 1024K, 1 young (1024K), 1 survivors (1024K)
 Metaspace       used 95876K, capacity 98211K, committed 98256K, reserved 1134592K
  class space    used 12610K, capacity 13538K, committed 13568K, reserved 1048576K
Heap Regions: E=young(eden), S=young(survivor), O=old, HS=humongous(starts), HC=humongous(continues), CS=collection set, F=free, A=archive, TAMS=top-at-mark-start (previous, next)
|   0|0x0000000080000000, 0x0000000080100000, 0x0000000080100000|100%| O|  |TAMS 0x0000000080100000, 0x0000000080000000| Updating 
|   1|0x0000000080100000, 0x0000000080200000, 0x0000000080200000|100%| O|  |TAMS 0x0000000080200000, 0x0000000080100000| Updating 
|   2|0x0000000080200000, 0x0000000080300000, 0x0000000080300000|100%| O|  |TAMS 0x0000000080300000, 0x0000000080200000| Updating 
|   3|0x0000000080300000, 0x0000000080400000, 0x0000000080400000|100%|HS|  |TAMS 0x0000000080400000, 0x0000000080300000| Complete 
|   4|0x0000000080400000, 0x0000000080500000, 0x0000000080500000|100%|HC|  |TAMS 0x0000000080500000, 0x0000000080400000| Complete 
|   5|0x0000000080500000, 0x0000000080600000, 0x0000000080600000|100%|HC|  |TAMS 0x0000000080600000, 0x0000000080500000| Complete 
|   6|0x0000000080600000, 0x0000000080700000, 0x0000000080700000|100%| O|  |TAMS 0x0000000080700000, 0x0000000080600000| Updating 
|   7|0x0000000080700000, 0x0000000080800000, 0x0000000080800000|100%| O|  |TAMS 0x0000000080800000, 0x0000000080700000| Updating 
|   8|0x0000000080800000, 0x0000000080900000, 0x0000000080900000|100%| O|  |TAMS 0x0000000080900000, 0x0000000080800000| Updating 
|   9|0x0000000080900000, 0x0000000080a00000, 0x0000000080a00000|100%| O|  |TAMS 0x0000000080a00000, 0x0000000080900000| Updating 
|  10|0x0000000080a00000, 0x0000000080b00000, 0x0000000080b00000|100%| O|  |TAMS 0x0000000080b00000, 0x0000000080a00000| Updating 
|  11|0x0000000080b00000, 0x0000000080c00000, 0x0000000080c00000|100%| O|  |TAMS 0x0000000080c00000, 0x0000000080b00000| Updating 
|  12|0x0000000080c00000, 0x0000000080d00000, 0x0000000080d00000|100%| O|  |TAMS 0x0000000080d00000, 0x0000000080c00000| Updating 
|  13|0x0000000080d00000, 0x0000000080e00000, 0x0000000080e00000|100%| O|  |TAMS 0x0000000080e00000, 0x0000000080d00000| Updating 
|  14|0x0000000080e00000, 0x0000000080f00000, 0x0000000080f00000|100%| O|  |TAMS 0x0000000080f00000, 0x0000000080e00000| Updating 
|  15|0x0000000080f00000, 0x0000000081000000, 0x0000000081000000|100%| O|  |TAMS 0x0000000081000000, 0x0000000080f00000| Updating 
|  16|0x0000000081000000, 0x0000000081100000, 0x0000000081100000|100%| O|  |TAMS 0x0000000081100000, 0x0000000081000000| Updating 
|  17|0x0000000081100000, 0x0000000081200000, 0x0000000081200000|100%| O|  |TAMS 0x0000000081200000, 0x0000000081100000| Updating 
|  18|0x0000000081200000, 0x0000000081300000, 0x0000000081300000|100%| O|  |TAMS 0x0000000081300000, 0x0000000081200000| Updating 
|  19|0x0000000081300000, 0x0000000081400000, 0x0000000081400000|100%| O|  |TAMS 0x0000000081400000, 0x0000000081300000| Updating 
|  20|0x0000000081400000, 0x0000000081500000, 0x0000000081500000|100%| O|  |TAMS 0x0000000081500000, 0x0000000081400000| Updating 
|  21|0x0000000081500000, 0x0000000081600000, 0x0000000081600000|100%| O|  |TAMS 0x0000000081600000, 0x0000000081500000| Updating 
|  22|0x0000000081600000, 0x0000000081700000, 0x0000000081700000|100%| O|  |TAMS 0x0000000081700000, 0x0000000081600000| Updating 
|  23|0x0000000081700000, 0x0000000081800000, 0x0000000081800000|100%| O|  |TAMS 0x0000000081800000, 0x0000000081700000| Updating 
|  24|0x0000000081800000, 0x0000000081900000, 0x0000000081900000|100%| O|  |TAMS 0x0000000081900000, 0x0000000081800000| Updating 
|  25|0x0000000081900000, 0x0000000081a00000, 0x0000000081a00000|100%| O|  |TAMS 0x0000000081a00000, 0x0000000081900000| Updating 
|  26|0x0000000081a00000, 0x0000000081b00000, 0x0000000081b00000|100%|HS|  |TAMS 0x0000000081b00000, 0x0000000081a00000| Complete 
|  27|0x0000000081b00000, 0x0000000081c00000, 0x0000000081c00000|100%|HS|  |TAMS 0x0000000081c00000, 0x0000000081b00000| Complete 
|  28|0x0000000081c00000, 0x0000000081d00000, 0x0000000081d00000|100%|HS|  |TAMS 0x0000000081d00000, 0x0000000081c00000| Complete 
|  29|0x0000000081d00000, 0x0000000081e00000, 0x0000000081e00000|100%|HS|  |TAMS 0x0000000081e00000, 0x0000000081d00000| Complete 
|  30|0x0000000081e00000, 0x0000000081f00000, 0x0000000081f00000|100%|HC|  |TAMS 0x0000000081f00000, 0x0000000081e00000| Complete 
|  31|0x0000000081f00000, 0x0000000082000000, 0x0000000082000000|100%| O|  |TAMS 0x0000000082000000, 0x0000000081f00000| Updating 
|  32|0x0000000082000000, 0x0000000082100000, 0x0000000082100000|100%| O|  |TAMS 0x0000000082100000, 0x0000000082000000| Updating 
|  33|0x0000000082100000, 0x0000000082200000, 0x0000000082200000|100%| O|  |TAMS 0x0000000082200000, 0x0000000082100000| Updating 
|  34|0x0000000082200000, 0x0000000082300000, 0x0000000082300000|100%| O|  |TAMS 0x0000000082300000, 0x0000000082200000| Updating 
|  35|0x0000000082300000, 0x0000000082400000, 0x0000000082400000|100%| O|  |TAMS 0x0000000082400000, 0x0000000082300000| Updating 
|  36|0x0000000082400000, 0x0000000082500000, 0x0000000082500000|100%| O|  |TAMS 0x0000000082500000, 0x0000000082400000| Updating 
|  37|0x0000000082500000, 0x0000000082600000, 0x0000000082600000|100%| O|  |TAMS 0x0000000082600000, 0x0000000082500000| Updating 
|  38|0x0000000082600000, 0x0000000082700000, 0x0000000082700000|100%| O|  |TAMS 0x0000000082700000, 0x0000000082600000| Updating 
|  39|0x0000000082700000, 0x0000000082800000, 0x0000000082800000|100%| O|  |TAMS 0x0000000082800000, 0x0000000082700000| Updating 
|  40|0x0000000082800000, 0x0000000082900000, 0x0000000082900000|100%| O|  |TAMS 0x0000000082900000, 0x0000000082800000| Updating 
|  41|0x0000000082900000, 0x0000000082a00000, 0x0000000082a00000|100%| O|  |TAMS 0x0000000082a00000, 0x0000000082900000| Updating 
|  42|0x0000000082a00000, 0x0000000082b00000, 0x0000000082b00000|100%| O|  |TAMS 0x0000000082b00000, 0x0000000082a00000| Updating 
|  43|0x0000000082b00000, 0x0000000082c00000, 0x0000000082c00000|100%| O|  |TAMS 0x0000000082c00000, 0x0000000082b00000| Updating 
|  44|0x0000000082c00000, 0x0000000082d00000, 0x0000000082d00000|100%| O|  |TAMS 0x0000000082d00000, 0x0000000082c00000| Updating 
|  45|0x0000000082d00000, 0x0000000082e00000, 0x0000000082e00000|100%| O|  |TAMS 0x0000000082e00000, 0x0000000082d00000| Updating 
|  46|0x0000000082e00000, 0x0000000082f00000, 0x0000000082f00000|100%| O|  |TAMS 0x0000000082f00000, 0x0000000082e00000| Updating 
|  47|0x0000000082f00000, 0x0000000083000000, 0x0000000083000000|100%| O|  |TAMS 0x0000000083000000, 0x0000000082f00000| Updating 
|  48|0x0000000083000000, 0x0000000083100000, 0x0000000083100000|100%| O|  |TAMS 0x0000000083100000, 0x0000000083000000| Updating 
|  49|0x0000000083100000, 0x0000000083200000, 0x0000000083200000|100%| O|  |TAMS 0x0000000083200000, 0x0000000083100000| Updating 
|  50|0x0000000083200000, 0x0000000083300000, 0x0000000083300000|100%| O|  |TAMS 0x0000000083300000, 0x0000000083200000| Updating 
|  51|0x0000000083300000, 0x0000000083400000, 0x0000000083400000|100%| O|  |TAMS 0x0000000083400000, 0x0000000083300000| Updating 
|  52|0x0000000083400000, 0x0000000083500000, 0x0000000083500000|100%| O|  |TAMS 0x0000000083500000, 0x0000000083400000| Updating 
|  53|0x0000000083500000, 0x0000000083600000, 0x0000000083600000|100%| O|  |TAMS 0x0000000083600000, 0x0000000083500000| Updating 
|  54|0x0000000083600000, 0x0000000083700000, 0x0000000083700000|100%| O|  |TAMS 0x0000000083700000, 0x0000000083600000| Updating 
|  55|0x0000000083700000, 0x0000000083800000, 0x0000000083800000|100%| O|  |TAMS 0x0000000083800000, 0x0000000083700000| Updating 
|  56|0x0000000083800000, 0x0000000083900000, 0x0000000083900000|100%| O|  |TAMS 0x0000000083900000, 0x0000000083800000| Updating 
|  57|0x0000000083900000, 0x0000000083a00000, 0x0000000083a00000|100%| O|  |TAMS 0x0000000083a00000, 0x0000000083900000| Updating 
|  58|0x0000000083a00000, 0x0000000083b00000, 0x0000000083b00000|100%| O|  |TAMS 0x0000000083b00000, 0x0000000083a00000| Updating 
|  59|0x0000000083b00000, 0x0000000083c00000, 0x0000000083c00000|100%| O|  |TAMS 0x0000000083c00000, 0x0000000083b00000| Updating 
|  60|0x0000000083c00000, 0x0000000083d00000, 0x0000000083d00000|100%| O|  |TAMS 0x0000000083d00000, 0x0000000083c00000| Updating 
|  61|0x0000000083d00000, 0x0000000083e00000, 0x0000000083e00000|100%| O|  |TAMS 0x0000000083e00000, 0x0000000083d00000| Updating 
|  62|0x0000000083e00000, 0x0000000083f00000, 0x0000000083f00000|100%| O|  |TAMS 0x0000000083f00000, 0x0000000083e00000| Updating 
|  63|0x0000000083f00000, 0x0000000084000000, 0x0000000084000000|100%| O|  |TAMS 0x0000000084000000, 0x0000000083f00000| Updating 
|  64|0x0000000084000000, 0x0000000084100000, 0x0000000084100000|100%| O|  |TAMS 0x0000000084100000, 0x0000000084000000| Updating 
|  65|0x0000000084100000, 0x0000000084200000, 0x0000000084200000|100%| O|  |TAMS 0x0000000084200000, 0x0000000084100000| Updating 
|  66|0x0000000084200000, 0x0000000084300000, 0x0000000084300000|100%| O|  |TAMS 0x0000000084300000, 0x0000000084200000| Updating 
|  67|0x0000000084300000, 0x0000000084400000, 0x0000000084400000|100%| O|  |TAMS 0x0000000084400000, 0x0000000084300000| Updating 
|  68|0x0000000084400000, 0x0000000084500000, 0x0000000084500000|100%| O|  |TAMS 0x0000000084500000, 0x0000000084400000| Updating 
|  69|0x0000000084500000, 0x0000000084600000, 0x0000000084600000|100%| O|  |TAMS 0x0000000084600000, 0x0000000084500000| Updating 
|  70|0x0000000084600000, 0x0000000084700000, 0x0000000084700000|100%|HS|  |TAMS 0x0000000084700000, 0x0000000084600000| Complete 
|  71|0x0000000084700000, 0x0000000084800000, 0x0000000084800000|100%|HC|  |TAMS 0x0000000084800000, 0x0000000084700000| Complete 
|  72|0x0000000084800000, 0x0000000084900000, 0x0000000084900000|100%| O|  |TAMS 0x0000000084900000, 0x0000000084800000| Updating 
|  73|0x0000000084900000, 0x0000000084a00000, 0x0000000084a00000|100%| O|  |TAMS 0x0000000084a00000, 0x0000000084900000| Updating 
|  74|0x0000000084a00000, 0x0000000084b00000, 0x0000000084b00000|100%|HS|  |TAMS 0x0000000084b00000, 0x0000000084a00000| Complete 
|  75|0x0000000084b00000, 0x0000000084c00000, 0x0000000084c00000|100%|HS|  |TAMS 0x0000000084c00000, 0x0000000084b00000| Complete 
|  76|0x0000000084c00000, 0x0000000084d00000, 0x0000000084d00000|100%| O|  |TAMS 0x0000000084d00000, 0x0000000084c00000| Updating 
|  77|0x0000000084d00000, 0x0000000084e00000, 0x0000000084e00000|100%| O|  |TAMS 0x0000000084e00000, 0x0000000084d00000| Updating 
|  78|0x0000000084e00000, 0x0000000084f00000, 0x0000000084f00000|100%| O|  |TAMS 0x0000000084f00000, 0x0000000084e00000| Updating 
|  79|0x0000000084f00000, 0x0000000085000000, 0x0000000085000000|100%| O|  |TAMS 0x0000000085000000, 0x0000000084f00000| Updating 
|  80|0x0000000085000000, 0x0000000085100000, 0x0000000085100000|100%| O|  |TAMS 0x0000000085100000, 0x0000000085000000| Updating 
|  81|0x0000000085100000, 0x0000000085200000, 0x0000000085200000|100%| O|  |TAMS 0x0000000085200000, 0x0000000085100000| Updating 
|  82|0x0000000085200000, 0x0000000085300000, 0x0000000085300000|100%| O|  |TAMS 0x0000000085300000, 0x0000000085200000| Updating 
|  83|0x0000000085300000, 0x0000000085400000, 0x0000000085400000|100%| O|  |TAMS 0x0000000085400000, 0x0000000085300000| Updating 
|  84|0x0000000085400000, 0x00000000854a1c00, 0x0000000085500000| 63%| O|  |TAMS 0x0000000085400000, 0x0000000085400000| Untracked 
|  85|0x0000000085500000, 0x0000000085500000, 0x0000000085600000|  0%| F|  |TAMS 0x0000000085500000, 0x0000000085500000| Untracked 
|  86|0x0000000085600000, 0x0000000085700000, 0x0000000085700000|100%| O|  |TAMS 0x0000000085700000, 0x0000000085600000| Updating 
|  87|0x0000000085700000, 0x0000000085700000, 0x0000000085800000|  0%| F|  |TAMS 0x0000000085700000, 0x0000000085700000| Untracked 
|  88|0x0000000085800000, 0x0000000085900000, 0x0000000085900000|100%| O|  |TAMS 0x0000000085900000, 0x0000000085800000| Updating 
|  89|0x0000000085900000, 0x0000000085900000, 0x0000000085a00000|  0%| F|  |TAMS 0x0000000085900000, 0x0000000085900000| Untracked 
|  90|0x0000000085a00000, 0x0000000085b00000, 0x0000000085b00000|100%| O|  |TAMS 0x0000000085b00000, 0x0000000085a00000| Updating 
|  91|0x0000000085b00000, 0x0000000085c00000, 0x0000000085c00000|100%| O|  |TAMS 0x0000000085c00000, 0x0000000085b00000| Updating 
|  92|0x0000000085c00000, 0x0000000085d00000, 0x0000000085d00000|100%| O|  |TAMS 0x0000000085d00000, 0x0000000085c00000| Updating 
|  93|0x0000000085d00000, 0x0000000085e00000, 0x0000000085e00000|100%| O|  |TAMS 0x0000000085e00000, 0x0000000085d00000| Updating 
|  94|0x0000000085e00000, 0x0000000085f00000, 0x0000000085f00000|100%| O|  |TAMS 0x0000000085f00000, 0x0000000085e00000| Updating 
|  95|0x0000000085f00000, 0x0000000086000000, 0x0000000086000000|100%| O|  |TAMS 0x0000000086000000, 0x0000000085f00000| Updating 
|  96|0x0000000086000000, 0x0000000086100000, 0x0000000086100000|100%| O|  |TAMS 0x0000000086100000, 0x0000000086000000| Updating 
|  97|0x0000000086100000, 0x0000000086200000, 0x0000000086200000|100%| O|  |TAMS 0x0000000086200000, 0x0000000086100000| Updating 
|  98|0x0000000086200000, 0x0000000086300000, 0x0000000086300000|100%| O|  |TAMS 0x0000000086300000, 0x0000000086200000| Updating 
|  99|0x0000000086300000, 0x0000000086400000, 0x0000000086400000|100%| O|  |TAMS 0x0000000086400000, 0x0000000086300000| Updating 
| 100|0x0000000086400000, 0x0000000086500000, 0x0000000086500000|100%| O|  |TAMS 0x0000000086500000, 0x0000000086400000| Updating 
| 101|0x0000000086500000, 0x0000000086600000, 0x0000000086600000|100%| O|  |TAMS 0x0000000086600000, 0x0000000086500000| Updating 
| 102|0x0000000086600000, 0x0000000086700000, 0x0000000086700000|100%| O|  |TAMS 0x0000000086700000, 0x0000000086600000| Updating 
| 103|0x0000000086700000, 0x0000000086800000, 0x0000000086800000|100%| O|  |TAMS 0x0000000086800000, 0x0000000086700000| Updating 
| 104|0x0000000086800000, 0x0000000086900000, 0x0000000086900000|100%| O|  |TAMS 0x0000000086900000, 0x0000000086800000| Updating 
| 105|0x0000000086900000, 0x0000000086a00000, 0x0000000086a00000|100%| O|  |TAMS 0x0000000086a00000, 0x0000000086900000| Updating 
| 106|0x0000000086a00000, 0x0000000086b00000, 0x0000000086b00000|100%| O|  |TAMS 0x0000000086b00000, 0x0000000086a00000| Updating 
| 107|0x0000000086b00000, 0x0000000086c00000, 0x0000000086c00000|100%| O|  |TAMS 0x0000000086c00000, 0x0000000086b00000| Updating 
| 108|0x0000000086c00000, 0x0000000086d00000, 0x0000000086d00000|100%| O|  |TAMS 0x0000000086d00000, 0x0000000086c00000| Updating 
| 109|0x0000000086d00000, 0x0000000086e00000, 0x0000000086e00000|100%| O|  |TAMS 0x0000000086e00000, 0x0000000086d00000| Updating 
| 110|0x0000000086e00000, 0x0000000086f00000, 0x0000000086f00000|100%| O|  |TAMS 0x0000000086f00000, 0x0000000086e00000| Updating 
| 111|0x0000000086f00000, 0x0000000087000000, 0x0000000087000000|100%| O|  |TAMS 0x0000000087000000, 0x0000000086f00000| Updating 
| 112|0x0000000087000000, 0x0000000087100000, 0x0000000087100000|100%| O|  |TAMS 0x0000000087100000, 0x0000000087000000| Updating 
| 113|0x0000000087100000, 0x0000000087200000, 0x0000000087200000|100%| O|  |TAMS 0x0000000087200000, 0x0000000087100000| Updating 
| 114|0x0000000087200000, 0x0000000087300000, 0x0000000087300000|100%| O|  |TAMS 0x0000000087300000, 0x0000000087200000| Updating 
| 115|0x0000000087300000, 0x0000000087400000, 0x0000000087400000|100%| O|  |TAMS 0x0000000087400000, 0x0000000087300000| Updating 
| 116|0x0000000087400000, 0x0000000087500000, 0x0000000087500000|100%| O|  |TAMS 0x0000000087500000, 0x0000000087400000| Updating 
| 117|0x0000000087500000, 0x0000000087600000, 0x0000000087600000|100%| O|  |TAMS 0x0000000087600000, 0x0000000087500000| Updating 
| 118|0x0000000087600000, 0x0000000087700000, 0x0000000087700000|100%| O|  |TAMS 0x0000000087700000, 0x0000000087600000| Updating 
| 119|0x0000000087700000, 0x0000000087800000, 0x0000000087800000|100%| O|  |TAMS 0x0000000087738800, 0x0000000087700000| Updating 
| 120|0x0000000087800000, 0x0000000087900000, 0x0000000087900000|100%| O|  |TAMS 0x0000000087800000, 0x0000000087800000| Updating 
| 121|0x0000000087900000, 0x0000000087900000, 0x0000000087a00000|  0%| F|  |TAMS 0x0000000087900000, 0x0000000087900000| Untracked 
| 122|0x0000000087a00000, 0x0000000087a00000, 0x0000000087b00000|  0%| F|  |TAMS 0x0000000087a00000, 0x0000000087a00000| Untracked 
| 123|0x0000000087b00000, 0x0000000087b00000, 0x0000000087c00000|  0%| F|  |TAMS 0x0000000087b00000, 0x0000000087b00000| Untracked 
| 124|0x0000000087c00000, 0x0000000087d00000, 0x0000000087d00000|100%| O|  |TAMS 0x0000000087d00000, 0x0000000087c00000| Updating 
| 125|0x0000000087d00000, 0x0000000087e00000, 0x0000000087e00000|100%| O|  |TAMS 0x0000000087e00000, 0x0000000087d00000| Updating 
| 126|0x0000000087e00000, 0x0000000087f00000, 0x0000000087f00000|100%| O|  |TAMS 0x0000000087f00000, 0x0000000087e00000| Updating 
| 127|0x0000000087f00000, 0x0000000088000000, 0x0000000088000000|100%| O|  |TAMS 0x0000000088000000, 0x0000000087f00000| Updating 
| 128|0x0000000088000000, 0x0000000088100000, 0x0000000088100000|100%| O|  |TAMS 0x0000000088100000, 0x0000000088000000| Updating 
| 129|0x0000000088100000, 0x0000000088200000, 0x0000000088200000|100%| O|  |TAMS 0x0000000088200000, 0x0000000088100000| Updating 
| 130|0x0000000088200000, 0x0000000088300000, 0x0000000088300000|100%| O|  |TAMS 0x0000000088300000, 0x0000000088200000| Updating 
| 131|0x0000000088300000, 0x0000000088400000, 0x0000000088400000|100%| O|  |TAMS 0x0000000088400000, 0x0000000088300000| Updating 
| 132|0x0000000088400000, 0x0000000088500000, 0x0000000088500000|100%| O|  |TAMS 0x0000000088500000, 0x0000000088400000| Updating 
| 133|0x0000000088500000, 0x0000000088600000, 0x0000000088600000|100%| O|  |TAMS 0x0000000088600000, 0x0000000088500000| Updating 
| 134|0x0000000088600000, 0x0000000088600000, 0x0000000088700000|  0%| F|  |TAMS 0x0000000088600000, 0x0000000088600000| Untracked 
| 135|0x0000000088700000, 0x0000000088700000, 0x0000000088800000|  0%| F|  |TAMS 0x0000000088700000, 0x0000000088700000| Untracked 
| 136|0x0000000088800000, 0x0000000088800000, 0x0000000088900000|  0%| F|  |TAMS 0x0000000088800000, 0x0000000088800000| Untracked 
| 137|0x0000000088900000, 0x0000000088900000, 0x0000000088a00000|  0%| F|  |TAMS 0x0000000088900000, 0x0000000088900000| Untracked 
| 138|0x0000000088a00000, 0x0000000088a00000, 0x0000000088b00000|  0%| F|  |TAMS 0x0000000088a00000, 0x0000000088a00000| Untracked 
| 139|0x0000000088b00000, 0x0000000088b00000, 0x0000000088c00000|  0%| F|  |TAMS 0x0000000088b00000, 0x0000000088b00000| Untracked 
| 140|0x0000000088c00000, 0x0000000088c00000, 0x0000000088d00000|  0%| F|  |TAMS 0x0000000088c00000, 0x0000000088c00000| Untracked 
| 141|0x0000000088d00000, 0x0000000088d00000, 0x0000000088e00000|  0%| F|  |TAMS 0x0000000088d00000, 0x0000000088d00000| Untracked 
| 142|0x0000000088e00000, 0x0000000088e00000, 0x0000000088f00000|  0%| F|  |TAMS 0x0000000088e00000, 0x0000000088e00000| Untracked 
| 143|0x0000000088f00000, 0x0000000088f00000, 0x0000000089000000|  0%| F|  |TAMS 0x0000000088f00000, 0x0000000088f00000| Untracked 
| 144|0x0000000089000000, 0x0000000089000000, 0x0000000089100000|  0%| F|  |TAMS 0x0000000089000000, 0x0000000089000000| Untracked 
| 145|0x0000000089100000, 0x0000000089100000, 0x0000000089200000|  0%| F|  |TAMS 0x0000000089100000, 0x0000000089100000| Untracked 
| 146|0x0000000089200000, 0x0000000089200000, 0x0000000089300000|  0%| F|  |TAMS 0x0000000089200000, 0x0000000089200000| Untracked 
| 147|0x0000000089300000, 0x0000000089300000, 0x0000000089400000|  0%| F|  |TAMS 0x0000000089300000, 0x0000000089300000| Untracked 
| 148|0x0000000089400000, 0x0000000089400000, 0x0000000089500000|  0%| F|  |TAMS 0x0000000089400000, 0x0000000089400000| Untracked 
| 149|0x0000000089500000, 0x0000000089500000, 0x0000000089600000|  0%| F|  |TAMS 0x0000000089500000, 0x0000000089500000| Untracked 
| 150|0x0000000089600000, 0x0000000089600000, 0x0000000089700000|  0%| F|  |TAMS 0x0000000089600000, 0x0000000089600000| Untracked 
| 151|0x0000000089700000, 0x0000000089700000, 0x0000000089800000|  0%| F|  |TAMS 0x0000000089700000, 0x0000000089700000| Untracked 
| 152|0x0000000089800000, 0x00000000898dde60, 0x0000000089900000| 86%| S|CS|TAMS 0x0000000089800000, 0x0000000089800000| Complete 
| 153|0x0000000089900000, 0x0000000089900000, 0x0000000089a00000|  0%| F|  |TAMS 0x0000000089900000, 0x0000000089900000| Untracked 
| 154|0x0000000089a00000, 0x0000000089a00000, 0x0000000089b00000|  0%| F|  |TAMS 0x0000000089a00000, 0x0000000089a00000| Untracked 
| 155|0x0000000089b00000, 0x0000000089b00000, 0x0000000089c00000|  0%| F|  |TAMS 0x0000000089b00000, 0x0000000089b00000| Untracked 
| 156|0x0000000089c00000, 0x0000000089c00000, 0x0000000089d00000|  0%| F|  |TAMS 0x0000000089c00000, 0x0000000089c00000| Untracked 
| 157|0x0000000089d00000, 0x0000000089d00000, 0x0000000089e00000|  0%| F|  |TAMS 0x0000000089d00000, 0x0000000089d00000| Untracked 
| 158|0x0000000089e00000, 0x0000000089e00000, 0x0000000089f00000|  0%| F|  |TAMS 0x0000000089e00000, 0x0000000089e00000| Untracked 
| 159|0x0000000089f00000, 0x0000000089f00000, 0x000000008a000000|  0%| F|  |TAMS 0x0000000089f00000, 0x0000000089f00000| Untracked 
| 160|0x000000008a000000, 0x000000008a000000, 0x000000008a100000|  0%| F|  |TAMS 0x000000008a000000, 0x000000008a000000| Untracked 

Card table byte_map: [0x0000027279da0000,0x000002727a1a0000] _byte_map_base: 0x00000272799a0000

Marking Bits (Prev, Next): (CMBitMap*) 0x000002727409c400, (CMBitMap*) 0x000002727409c3c8
 Prev Bits: [0x000002727c5a0000, 0x000002727e5a0000)
 Next Bits: [0x000002727a5a0000, 0x000002727c5a0000)

Polling page: 0x0000027273eb0000

Metaspace:

Usage:
  Non-class:     82.69 MB capacity,    81.31 MB ( 98%) used,     1.10 MB (  1%) free+waste,   283.94 KB ( <1%) overhead. 
      Class:     13.22 MB capacity,    12.31 MB ( 93%) used,   800.06 KB (  6%) free+waste,   127.44 KB ( <1%) overhead. 
       Both:     95.91 MB capacity,    93.63 MB ( 98%) used,     1.88 MB (  2%) free+waste,   411.38 KB ( <1%) overhead. 

Virtual space:
  Non-class space:       84.00 MB reserved,      82.70 MB ( 98%) committed 
      Class space:        1.00 GB reserved,      13.25 MB (  1%) committed 
             Both:        1.08 GB reserved,      95.95 MB (  9%) committed 

Chunk freelists:
   Non-Class:  15.00 KB
       Class:  0 bytes
        Both:  15.00 KB

MaxMetaspaceSize: 17179869184.00 GB
CompressedClassSpaceSize: 1.00 GB

CodeHeap 'non-profiled nmethods': size=120064Kb used=7693Kb max_used=7693Kb free=112370Kb
 bounds [0x0000027207ac0000, 0x0000027208250000, 0x000002720f000000]
CodeHeap 'profiled nmethods': size=120000Kb used=26423Kb max_used=26423Kb free=93576Kb
 bounds [0x0000027200590000, 0x0000027201f60000, 0x0000027207ac0000]
CodeHeap 'non-nmethods': size=5696Kb used=2310Kb max_used=2361Kb free=3385Kb
 bounds [0x0000027200000000, 0x0000027200270000, 0x0000027200590000]
 total_blobs=12918 nmethods=12003 adapters=826
 compilation: enabled
              stopped_count=0, restarted_count=0
 full_count=0

Compilation events (20 events):
Event: 115.097 Thread 0x000002727ebb9800 12044       3       java.lang.invoke.VarHandleGuards::guard_LJJ_Z (72 bytes)
Event: 115.098 Thread 0x000002727ebb9800 nmethod 12044 0x0000027201f59d90 code [0x0000027201f5a040, 0x0000027201f5afe8]
Event: 115.100 Thread 0x000002727ebb9800 12046       3       java.util.concurrent.ForkJoinPool$WorkQueue::topLevelExec (86 bytes)
Event: 115.100 Thread 0x000002727ebb9800 nmethod 12046 0x0000027201f5b590 code [0x0000027201f5b7a0, 0x0000027201f5bca8]
Event: 115.101 Thread 0x000002721b03e800 nmethod 12041 0x000002720823f210 code [0x000002720823f3e0, 0x000002720823f9d8]
Event: 115.104 Thread 0x000002727ebb9800 12047       3       java.util.concurrent.ForkJoinPool::signalWork (175 bytes)
Event: 115.106 Thread 0x000002727ebb9800 nmethod 12047 0x0000027201f5be90 code [0x0000027201f5c100, 0x0000027201f5cbf8]
Event: 115.106 Thread 0x000002727ebb9800 12048       3       java.lang.invoke.VarHandleLongs$FieldInstanceReadWrite::weakCompareAndSet (25 bytes)
Event: 115.107 Thread 0x000002727ebb9800 nmethod 12048 0x0000027201f5d010 code [0x0000027201f5d220, 0x0000027201f5d768]
Event: 115.109 Thread 0x000002727ebb8800 nmethod 12042% 0x000002720823fc90 code [0x000002720823fe60, 0x0000027208240308]
Event: 115.109 Thread 0x000002721b03e800 12049       4       java.util.concurrent.ForkJoinTask::get (60 bytes)
Event: 115.109 Thread 0x000002727ebb8800 12050       4       com.android.tools.r8.dex.e::a (127 bytes)
Event: 115.116 Thread 0x000002721b03e800 nmethod 12049 0x0000027208240790 code [0x0000027208240980, 0x0000027208240e90]
Event: 115.123 Thread 0x000002721b03e800 12051   !   4       java.util.concurrent.ForkJoinTask::externalInterruptibleAwaitDone (80 bytes)
Event: 115.131 Thread 0x000002721b03e800 nmethod 12051 0x0000027208241190 code [0x0000027208241360, 0x00000272082417f0]
Event: 115.131 Thread 0x000002721b03e800 12052       4       java.util.concurrent.ForkJoinTask::tryExternalHelp (53 bytes)
Event: 115.132 Thread 0x000002721b03e800 nmethod 12052 0x0000027208241a90 code [0x0000027208241c40, 0x0000027208241ce8]
Event: 115.161 Thread 0x000002727ebb9800 12053       3       com.android.tools.r8.internal.Am1$$Lambda$1235/0x0000000100d38440::accept (11 bytes)
Event: 115.161 Thread 0x000002727ebb8800 nmethod 12050 0x0000027208241d90 code [0x0000027208241fe0, 0x0000027208242d48]
Event: 115.161 Thread 0x000002727ebb9800 nmethod 12053 0x0000027201f5d990 code [0x0000027201f5db40, 0x0000027201f5dd08]

GC Heap History (20 events):
Event: 110.695 GC heap after
{Heap after GC invocations=50 (full 0):
 garbage-first heap   total 126976K, used 113589K [0x0000000080000000, 0x0000000100000000)
  region size 1024K, 1 young (1024K), 1 survivors (1024K)
 Metaspace       used 93351K, capacity 95586K, committed 95824K, reserved 1132544K
  class space    used 12261K, capacity 13141K, committed 13184K, reserved 1048576K
}
Event: 110.766 GC heap before
{Heap before GC invocations=51 (full 0):
 garbage-first heap   total 126976K, used 118709K [0x0000000080000000, 0x0000000100000000)
  region size 1024K, 6 young (6144K), 1 survivors (1024K)
 Metaspace       used 93355K, capacity 95586K, committed 95824K, reserved 1132544K
  class space    used 12261K, capacity 13141K, committed 13184K, reserved 1048576K
}
Event: 110.777 GC heap after
{Heap after GC invocations=52 (full 0):
 garbage-first heap   total 126976K, used 116200K [0x0000000080000000, 0x0000000100000000)
  region size 1024K, 1 young (1024K), 1 survivors (1024K)
 Metaspace       used 93355K, capacity 95586K, committed 95824K, reserved 1132544K
  class space    used 12261K, capacity 13141K, committed 13184K, reserved 1048576K
}
Event: 110.870 GC heap before
{Heap before GC invocations=52 (full 0):
 garbage-first heap   total 126976K, used 121320K [0x0000000080000000, 0x0000000100000000)
  region size 1024K, 6 young (6144K), 1 survivors (1024K)
 Metaspace       used 93360K, capacity 95586K, committed 95824K, reserved 1132544K
  class space    used 12261K, capacity 13141K, committed 13184K, reserved 1048576K
}
Event: 110.878 GC heap after
{Heap after GC invocations=53 (full 0):
 garbage-first heap   total 126976K, used 119025K [0x0000000080000000, 0x0000000100000000)
  region size 1024K, 1 young (1024K), 1 survivors (1024K)
 Metaspace       used 93360K, capacity 95586K, committed 95824K, reserved 1132544K
  class space    used 12261K, capacity 13141K, committed 13184K, reserved 1048576K
}
Event: 111.091 GC heap before
{Heap before GC invocations=53 (full 0):
 garbage-first heap   total 126976K, used 123121K [0x0000000080000000, 0x0000000100000000)
  region size 1024K, 6 young (6144K), 1 survivors (1024K)
 Metaspace       used 93360K, capacity 95586K, committed 95824K, reserved 1132544K
  class space    used 12261K, capacity 13141K, committed 13184K, reserved 1048576K
}
Event: 111.100 GC heap after
{Heap after GC invocations=54 (full 0):
 garbage-first heap   total 128000K, used 121768K [0x0000000080000000, 0x0000000100000000)
  region size 1024K, 1 young (1024K), 1 survivors (1024K)
 Metaspace       used 93360K, capacity 95586K, committed 95824K, reserved 1132544K
  class space    used 12261K, capacity 13141K, committed 13184K, reserved 1048576K
}
Event: 111.174 GC heap before
{Heap before GC invocations=54 (full 0):
 garbage-first heap   total 128000K, used 126888K [0x0000000080000000, 0x0000000100000000)
  region size 1024K, 6 young (6144K), 1 survivors (1024K)
 Metaspace       used 93361K, capacity 95586K, committed 95824K, reserved 1132544K
  class space    used 12261K, capacity 13141K, committed 13184K, reserved 1048576K
}
Event: 111.185 GC heap after
{Heap after GC invocations=55 (full 0):
 garbage-first heap   total 131072K, used 124396K [0x0000000080000000, 0x0000000100000000)
  region size 1024K, 1 young (1024K), 1 survivors (1024K)
 Metaspace       used 93361K, capacity 95586K, committed 95824K, reserved 1132544K
  class space    used 12261K, capacity 13141K, committed 13184K, reserved 1048576K
}
Event: 111.278 GC heap before
{Heap before GC invocations=55 (full 0):
 garbage-first heap   total 131072K, used 129516K [0x0000000080000000, 0x0000000100000000)
  region size 1024K, 6 young (6144K), 1 survivors (1024K)
 Metaspace       used 93370K, capacity 95586K, committed 95824K, reserved 1132544K
  class space    used 12261K, capacity 13141K, committed 13184K, reserved 1048576K
}
Event: 111.286 GC heap after
{Heap after GC invocations=56 (full 0):
 garbage-first heap   total 134144K, used 127465K [0x0000000080000000, 0x0000000100000000)
  region size 1024K, 1 young (1024K), 1 survivors (1024K)
 Metaspace       used 93370K, capacity 95586K, committed 95824K, reserved 1132544K
  class space    used 12261K, capacity 13141K, committed 13184K, reserved 1048576K
}
Event: 111.478 GC heap before
{Heap before GC invocations=56 (full 0):
 garbage-first heap   total 134144K, used 131561K [0x0000000080000000, 0x0000000100000000)
  region size 1024K, 6 young (6144K), 1 survivors (1024K)
 Metaspace       used 93361K, capacity 95560K, committed 95824K, reserved 1132544K
  class space    used 12255K, capacity 13130K, committed 13184K, reserved 1048576K
}
Event: 111.488 GC heap after
{Heap after GC invocations=57 (full 0):
 garbage-first heap   total 164864K, used 130445K [0x0000000080000000, 0x0000000100000000)
  region size 1024K, 1 young (1024K), 1 survivors (1024K)
 Metaspace       used 93361K, capacity 95560K, committed 95824K, reserved 1132544K
  class space    used 12255K, capacity 13130K, committed 13184K, reserved 1048576K
}
Event: 113.676 GC heap before
{Heap before GC invocations=58 (full 0):
 garbage-first heap   total 164864K, used 137613K [0x0000000080000000, 0x0000000100000000)
  region size 1024K, 8 young (8192K), 1 survivors (1024K)
 Metaspace       used 94744K, capacity 97050K, committed 97360K, reserved 1132544K
  class space    used 12466K, capacity 13349K, committed 13440K, reserved 1048576K
}
Event: 113.685 GC heap after
{Heap after GC invocations=59 (full 0):
 garbage-first heap   total 164864K, used 131788K [0x0000000080000000, 0x0000000100000000)
  region size 1024K, 1 young (1024K), 1 survivors (1024K)
 Metaspace       used 94744K, capacity 97050K, committed 97360K, reserved 1132544K
  class space    used 12466K, capacity 13349K, committed 13440K, reserved 1048576K
}
Event: 114.348 GC heap before
{Heap before GC invocations=59 (full 0):
 garbage-first heap   total 164864K, used 138956K [0x0000000080000000, 0x0000000100000000)
  region size 1024K, 8 young (8192K), 1 survivors (1024K)
 Metaspace       used 95225K, capacity 97540K, committed 97616K, reserved 1134592K
  class space    used 12523K, capacity 13402K, committed 13440K, reserved 1048576K
}
Event: 114.361 GC heap after
{Heap after GC invocations=60 (full 0):
 garbage-first heap   total 164864K, used 133346K [0x0000000080000000, 0x0000000100000000)
  region size 1024K, 1 young (1024K), 1 survivors (1024K)
 Metaspace       used 95225K, capacity 97540K, committed 97616K, reserved 1134592K
  class space    used 12523K, capacity 13402K, committed 13440K, reserved 1048576K
}
Event: 114.701 GC heap before
{Heap before GC invocations=60 (full 0):
 garbage-first heap   total 164864K, used 139490K [0x0000000080000000, 0x0000000100000000)
  region size 1024K, 8 young (8192K), 1 survivors (1024K)
 Metaspace       used 95511K, capacity 97870K, committed 98000K, reserved 1134592K
  class space    used 12560K, capacity 13466K, committed 13568K, reserved 1048576K
}
Event: 114.712 GC heap after
{Heap after GC invocations=61 (full 0):
 garbage-first heap   total 164864K, used 134680K [0x0000000080000000, 0x0000000100000000)
  region size 1024K, 1 young (1024K), 1 survivors (1024K)
 Metaspace       used 95511K, capacity 97870K, committed 98000K, reserved 1134592K
  class space    used 12560K, capacity 13466K, committed 13568K, reserved 1048576K
}
Event: 115.163 GC heap before
{Heap before GC invocations=61 (full 0):
 garbage-first heap   total 164864K, used 136728K [0x0000000080000000, 0x0000000100000000)
  region size 1024K, 8 young (8192K), 1 survivors (1024K)
 Metaspace       used 95876K, capacity 98211K, committed 98256K, reserved 1134592K
  class space    used 12610K, capacity 13538K, committed 13568K, reserved 1048576K
}

Deoptimization events (20 events):
Event: 115.118 Thread 0x00000272185ac800 DEOPT UNPACKING pc=0x0000027200026dde sp=0x000000c41fdfe320 mode 0
Event: 115.118 Thread 0x00000272185a8000 DEOPT UNPACKING pc=0x0000027200026dde sp=0x000000c41fefe270 mode 0
Event: 115.119 Thread 0x00000272185ac800 DEOPT PACKING pc=0x0000027201f5685f sp=0x000000c41fdfee60
Event: 115.119 Thread 0x00000272185a8000 DEOPT PACKING pc=0x0000027201f5685f sp=0x000000c41fefedb0
Event: 115.119 Thread 0x00000272185ac800 DEOPT UNPACKING pc=0x0000027200026dde sp=0x000000c41fdfe320 mode 0
Event: 115.119 Thread 0x00000272185a8000 DEOPT UNPACKING pc=0x0000027200026dde sp=0x000000c41fefe270 mode 0
Event: 115.119 Thread 0x00000272185ac800 DEOPT PACKING pc=0x0000027201f5685f sp=0x000000c41fdfee60
Event: 115.119 Thread 0x00000272185a8000 DEOPT PACKING pc=0x0000027201f5685f sp=0x000000c41fefedb0
Event: 115.119 Thread 0x00000272185ac800 DEOPT UNPACKING pc=0x0000027200026dde sp=0x000000c41fdfe320 mode 0
Event: 115.119 Thread 0x00000272185a8000 DEOPT UNPACKING pc=0x0000027200026dde sp=0x000000c41fefe270 mode 0
Event: 115.121 Thread 0x00000272185ac800 DEOPT PACKING pc=0x0000027201f5685f sp=0x000000c41fdfee60
Event: 115.121 Thread 0x00000272185a8000 DEOPT PACKING pc=0x0000027201f5685f sp=0x000000c41fefedb0
Event: 115.121 Thread 0x00000272185ac800 DEOPT UNPACKING pc=0x0000027200026dde sp=0x000000c41fdfe320 mode 0
Event: 115.121 Thread 0x00000272185a8000 DEOPT UNPACKING pc=0x0000027200026dde sp=0x000000c41fefe270 mode 0
Event: 115.122 Thread 0x00000272185a8000 DEOPT PACKING pc=0x0000027201f5685f sp=0x000000c41fefedb0
Event: 115.122 Thread 0x00000272185a8000 DEOPT UNPACKING pc=0x0000027200026dde sp=0x000000c41fefe270 mode 0
Event: 115.123 Thread 0x00000272185ac800 DEOPT PACKING pc=0x0000027201f5685f sp=0x000000c41fdfee60
Event: 115.123 Thread 0x00000272185ac800 DEOPT UNPACKING pc=0x0000027200026dde sp=0x000000c41fdfe320 mode 0
Event: 115.123 Thread 0x00000272185a8000 DEOPT PACKING pc=0x0000027201f5685f sp=0x000000c41fefedb0
Event: 115.123 Thread 0x00000272185a8000 DEOPT UNPACKING pc=0x0000027200026dde sp=0x000000c41fefe270 mode 0

Classes redefined (0 events):
No events

Internal exceptions (20 events):
Event: 100.983 Thread 0x00000272185a5800 Exception <a 'java/lang/NoSuchMethodError'{0x0000000086f10fb0}: 'java.lang.Object java.lang.invoke.DirectMethodHandle$Holder.invokeStatic(java.lang.Object, long)'> (0x0000000086f10fb0) thrown at [./src/hotspot/share/interpreter/linkResolver.cpp, line 773]
Event: 100.987 Thread 0x00000272185a5800 Exception <a 'java/lang/NoSuchMethodError'{0x0000000086f20120}: 'java.lang.Object java.lang.invoke.DirectMethodHandle$Holder.invokeStaticInit(java.lang.Object, java.lang.Object, long, java.lang.Object)'> (0x0000000086f20120) thrown at [./src/hotspot/share/interpreter/linkResolver.cpp, line 773]
Event: 100.988 Thread 0x00000272185a5800 Exception <a 'java/lang/NoSuchMethodError'{0x0000000086f269c8}: 'java.lang.Object java.lang.invoke.DirectMethodHandle$Holder.invokeStatic(java.lang.Object, java.lang.Object, long)'> (0x0000000086f269c8) thrown at [./src/hotspot/share/interpreter/linkResolver.cpp, line 773]
Event: 100.989 Thread 0x00000272185a5800 Exception <a 'java/lang/NoSuchMethodError'{0x0000000086f2d658}: 'java.lang.Object java.lang.invoke.Invokers$Holder.linkToTargetMethod(java.lang.Object, long, java.lang.Object)'> (0x0000000086f2d658) thrown at [./src/hotspot/share/interpreter/linkResolver.cpp, line 773]
Event: 106.193 Thread 0x00000272185a1000 Exception <a 'java/lang/NoSuchMethodError'{0x0000000087bc6e50}: 'java.lang.Object java.lang.invoke.DirectMethodHandle$Holder.invokeStaticInit(java.lang.Object, java.lang.Object, java.lang.Object, java.lang.Object, java.lang.Object, java.lang.Object, java.lang.Object, java.lang.Object, java.lang.Object, java.lang.Object, java.lang.Object, java.lang.Object, java.lang.Object, java.lang.Object, java.lang.Object, java.lang.Object, java.lang.Object, java.lang.Object, int, java.lang.Object, java.lang.Object)'> (0
Event: 107.302 Thread 0x00000272185ac800 Exception <a 'java/lang/IncompatibleClassChangeError'{0x00000000875aea78}: Found class java.lang.Object, but interface was expected> (0x00000000875aea78) thrown at [./src/hotspot/share/interpreter/linkResolver.cpp, line 839]
Event: 108.303 Thread 0x00000272185aa000 Exception <a 'java/lang/NoSuchMethodError'{0x0000000087a4cbe8}: 'java.lang.Object java.lang.invoke.DirectMethodHandle$Holder.newInvokeSpecial(java.lang.Object, int)'> (0x0000000087a4cbe8) thrown at [./src/hotspot/share/interpreter/linkResolver.cpp, line 773]
Event: 108.596 Thread 0x00000272185a5800 Exception <a 'java/lang/NoSuchMethodError'{0x000000008791b330}: 'int java.lang.invoke.DirectMethodHandle$Holder.invokeSpecialIFC(java.lang.Object, java.lang.Object, java.lang.Object)'> (0x000000008791b330) thrown at [./src/hotspot/share/interpreter/linkResolver.cpp, line 773]
Event: 108.913 Thread 0x00000272185ab800 Exception <a 'java/lang/IncompatibleClassChangeError'{0x0000000087b17788}: Found class java.lang.Object, but interface was expected> (0x0000000087b17788) thrown at [./src/hotspot/share/interpreter/linkResolver.cpp, line 839]
Event: 108.915 Thread 0x00000272185ab800 Exception <a 'java/lang/IncompatibleClassChangeError'{0x0000000087b1efa0}: Found class java.lang.Object, but interface was expected> (0x0000000087b1efa0) thrown at [./src/hotspot/share/interpreter/linkResolver.cpp, line 839]
Event: 111.986 Thread 0x00000272185a1000 Exception <a 'java/lang/NoSuchMethodError'{0x0000000089d15f00}: 'int java.lang.invoke.DirectMethodHandle$Holder.invokeVirtual(java.lang.Object, java.lang.Object, java.lang.Object, java.lang.Object)'> (0x0000000089d15f00) thrown at [./src/hotspot/share/interpreter/linkResolver.cpp, line 773]
Event: 112.738 Thread 0x00000272185a1000 Exception <a 'java/lang/IncompatibleClassChangeError'{0x0000000089c380f0}: Found class java.lang.Object, but interface was expected> (0x0000000089c380f0) thrown at [./src/hotspot/share/interpreter/linkResolver.cpp, line 839]
Event: 112.798 Thread 0x00000272185ac800 Exception <a 'java/lang/NoSuchMethodError'{0x0000000089c54700}: 'int java.lang.invoke.DirectMethodHandle$Holder.invokeVirtual(java.lang.Object, java.lang.Object, java.lang.Object)'> (0x0000000089c54700) thrown at [./src/hotspot/share/interpreter/linkResolver.cpp, line 773]
Event: 112.798 Thread 0x00000272185a8000 Exception <a 'java/lang/NoSuchMethodError'{0x0000000089c5b048}: 'int java.lang.invoke.DirectMethodHandle$Holder.invokeVirtual(java.lang.Object, java.lang.Object, java.lang.Object)'> (0x0000000089c5b048) thrown at [./src/hotspot/share/interpreter/linkResolver.cpp, line 773]
Event: 112.798 Thread 0x00000272185aa000 Exception <a 'java/lang/NoSuchMethodError'{0x0000000089f77910}: 'int java.lang.invoke.DirectMethodHandle$Holder.invokeVirtual(java.lang.Object, java.lang.Object, java.lang.Object)'> (0x0000000089f77910) thrown at [./src/hotspot/share/interpreter/linkResolver.cpp, line 773]
Event: 112.798 Thread 0x00000272185ab800 Exception <a 'java/lang/NoSuchMethodError'{0x0000000089c6a1d8}: 'int java.lang.invoke.DirectMethodHandle$Holder.invokeVirtual(java.lang.Object, java.lang.Object, java.lang.Object)'> (0x0000000089c6a1d8) thrown at [./src/hotspot/share/interpreter/linkResolver.cpp, line 773]
Event: 114.673 Thread 0x00000272185a8000 Implicit null exception at 0x0000027208218547 to 0x000002720821911c
Event: 114.915 Thread 0x00000272185a1000 Exception <a 'java/lang/NoSuchMethodError'{0x0000000089fdf370}: 'java.lang.Object java.lang.invoke.Invokers$Holder.linkToTargetMethod(java.lang.Object, int, java.lang.Object, java.lang.Object, java.lang.Object, java.lang.Object)'> (0x0000000089fdf370) thrown at [./src/hotspot/share/interpreter/linkResolver.cpp, line 773]
Event: 114.917 Thread 0x00000272185a1000 Exception <a 'java/lang/NoSuchMethodError'{0x0000000089ff2e28}: 'java.lang.Object java.lang.invoke.Invokers$Holder.linkToTargetMethod(java.lang.Object, java.lang.Object, java.lang.Object, int, java.lang.Object, java.lang.Object, java.lang.Object)'> (0x0000000089ff2e28) thrown at [./src/hotspot/share/interpreter/linkResolver.cpp, line 773]
Event: 114.919 Thread 0x00000272185a1000 Exception <a 'java/lang/NoSuchMethodError'{0x0000000089e06260}: 'void java.lang.invoke.DirectMethodHandle$Holder.invokeStatic(java.lang.Object, java.lang.Object, java.lang.Object, java.lang.Object, java.lang.Object, java.lang.Object, java.lang.Object, java.lang.Object)'> (0x0000000089e06260) thrown at [./src/hotspot/share/interpreter/linkResolver.cpp, line 773]

Events (20 events):
Event: 115.156 loading class com/android/tools/r8/graph/W0 done
Event: 115.156 loading class com/android/tools/r8/graph/W0
Event: 115.156 loading class com/android/tools/r8/graph/W0 done
Event: 115.156 loading class com/android/tools/r8/dex/S
Event: 115.156 loading class com/android/tools/r8/dex/S done
Event: 115.157 loading class com/android/tools/r8/graph/G
Event: 115.157 loading class com/android/tools/r8/graph/G done
Event: 115.157 loading class com/android/tools/r8/graph/G
Event: 115.157 loading class com/android/tools/r8/graph/G done
Event: 115.157 loading class com/android/tools/r8/dex/S
Event: 115.157 loading class com/android/tools/r8/dex/S done
Event: 115.157 loading class com/android/tools/r8/graph/N0
Event: 115.157 loading class com/android/tools/r8/graph/N0 done
Event: 115.157 loading class com/android/tools/r8/graph/N0
Event: 115.157 loading class com/android/tools/r8/graph/N0 done
Event: 115.157 loading class com/android/tools/r8/dex/S
Event: 115.157 loading class com/android/tools/r8/dex/S done
Event: 115.159 loading class com/android/tools/r8/internal/Am1
Event: 115.159 loading class com/android/tools/r8/internal/Am1 done
Event: 115.163 Executing VM operation: G1CollectForAllocation


Dynamic libraries:
0x00007ff72bcc0000 - 0x00007ff72bcca000 	C:\Program Files\Android\Android Studio\jre\bin\java.exe
0x00007ff9d0450000 - 0x00007ff9d0645000 	C:\WINDOWS\SYSTEM32\ntdll.dll
0x00007ff9d0120000 - 0x00007ff9d01de000 	C:\WINDOWS\System32\KERNEL32.DLL
0x00007ff9cdf30000 - 0x00007ff9ce1f8000 	C:\WINDOWS\System32\KERNELBASE.dll
0x00007ff9ce200000 - 0x00007ff9ce300000 	C:\WINDOWS\System32\ucrtbase.dll
0x00007ff9a8e80000 - 0x00007ff9a8e97000 	C:\Program Files\Android\Android Studio\jre\bin\VCRUNTIME140.dll
0x00007ff9a8e60000 - 0x00007ff9a8e79000 	C:\Program Files\Android\Android Studio\jre\bin\jli.dll
0x00007ff9cf6b0000 - 0x00007ff9cf850000 	C:\WINDOWS\System32\USER32.dll
0x00007ff9cdf00000 - 0x00007ff9cdf22000 	C:\WINDOWS\System32\win32u.dll
0x00007ff9b43d0000 - 0x00007ff9b466a000 	C:\WINDOWS\WinSxS\amd64_microsoft.windows.common-controls_6595b64144ccf1df_6.0.19041.1110_none_60b5254171f9507e\COMCTL32.dll
0x00007ff9cf680000 - 0x00007ff9cf6ab000 	C:\WINDOWS\System32\GDI32.dll
0x00007ff9ce3a0000 - 0x00007ff9ce4ab000 	C:\WINDOWS\System32\gdi32full.dll
0x00007ff9cff60000 - 0x00007ff9cfffe000 	C:\WINDOWS\System32\msvcrt.dll
0x00007ff9ce300000 - 0x00007ff9ce39d000 	C:\WINDOWS\System32\msvcp_win.dll
0x00007ff9cf5c0000 - 0x00007ff9cf5f0000 	C:\WINDOWS\System32\IMM32.DLL
0x00007ff9a8190000 - 0x00007ff9a822d000 	C:\Program Files\Android\Android Studio\jre\bin\msvcp140.dll
0x00007ff9702c0000 - 0x00007ff970d95000 	C:\Program Files\Android\Android Studio\jre\bin\server\jvm.dll
0x00007ff9d0240000 - 0x00007ff9d02ee000 	C:\WINDOWS\System32\ADVAPI32.dll
0x00007ff9cf070000 - 0x00007ff9cf10c000 	C:\WINDOWS\System32\sechost.dll
0x00007ff9cf120000 - 0x00007ff9cf245000 	C:\WINDOWS\System32\RPCRT4.dll
0x00007ff9cf250000 - 0x00007ff9cf258000 	C:\WINDOWS\System32\PSAPI.DLL
0x00007ff9aaaa0000 - 0x00007ff9aaaa9000 	C:\WINDOWS\SYSTEM32\WSOCK32.dll
0x00007ff9aca40000 - 0x00007ff9aca67000 	C:\WINDOWS\SYSTEM32\WINMM.dll
0x00007ff9d03a0000 - 0x00007ff9d040b000 	C:\WINDOWS\System32\WS2_32.dll
0x00007ff9c5280000 - 0x00007ff9c528a000 	C:\WINDOWS\SYSTEM32\VERSION.dll
0x00007ff9cbab0000 - 0x00007ff9cbac2000 	C:\WINDOWS\SYSTEM32\kernel.appcore.dll
0x00007ff9c34c0000 - 0x00007ff9c34d1000 	C:\Program Files\Android\Android Studio\jre\bin\verify.dll
0x00007ff9b0ef0000 - 0x00007ff9b10d4000 	C:\WINDOWS\SYSTEM32\DBGHELP.DLL
0x00007ff9b0ec0000 - 0x00007ff9b0eec000 	C:\WINDOWS\SYSTEM32\dbgcore.DLL
0x00007ff9cdd80000 - 0x00007ff9cde02000 	C:\WINDOWS\System32\bcryptPrimitives.dll
0x00007ff9b2ff0000 - 0x00007ff9b3019000 	C:\Program Files\Android\Android Studio\jre\bin\java.dll
0x00007ff9c68c0000 - 0x00007ff9c68cb000 	C:\Program Files\Android\Android Studio\jre\bin\jimage.dll
0x00007ff9bf6a0000 - 0x00007ff9bf6b8000 	C:\Program Files\Android\Android Studio\jre\bin\zip.dll
0x00007ff9ce870000 - 0x00007ff9cefb4000 	C:\WINDOWS\System32\SHELL32.dll
0x00007ff9cbc60000 - 0x00007ff9cc3f4000 	C:\WINDOWS\SYSTEM32\windows.storage.dll
0x00007ff9cf260000 - 0x00007ff9cf5b4000 	C:\WINDOWS\System32\combase.dll
0x00007ff9cd5d0000 - 0x00007ff9cd5fc000 	C:\WINDOWS\SYSTEM32\Wldp.dll
0x00007ff9d02f0000 - 0x00007ff9d039d000 	C:\WINDOWS\System32\SHCORE.dll
0x00007ff9ce6d0000 - 0x00007ff9ce725000 	C:\WINDOWS\System32\shlwapi.dll
0x00007ff9cdab0000 - 0x00007ff9cdacf000 	C:\WINDOWS\SYSTEM32\profapi.dll
0x00007ff9bf530000 - 0x00007ff9bf54a000 	C:\Program Files\Android\Android Studio\jre\bin\net.dll
0x00007ff9bfdf0000 - 0x00007ff9bfef9000 	C:\WINDOWS\SYSTEM32\WINHTTP.dll
0x00007ff9cd330000 - 0x00007ff9cd39a000 	C:\WINDOWS\system32\mswsock.dll
0x00007ff9b2ef0000 - 0x00007ff9b2f04000 	C:\Program Files\Android\Android Studio\jre\bin\nio.dll
0x00007ff9b2ce0000 - 0x00007ff9b2d07000 	C:\Users\DELL\.gradle\native\e1d6ef7f7dcc3fd88c89a11ec53ec762bb8ba0a96d01ffa2cd45eb1d1d8dd5c5\windows-amd64\native-platform.dll
0x00007ff98ee10000 - 0x00007ff98ef54000 	C:\Users\DELL\.gradle\native\5664cfc778a61ccfe75a443a1ab52a65af34e5dc3c78e0209fed803814484fcb\windows-amd64\native-platform-file-events.dll
0x00007ff9c4780000 - 0x00007ff9c478a000 	C:\Program Files\Android\Android Studio\jre\bin\management.dll
0x00007ff9c46e0000 - 0x00007ff9c46ed000 	C:\Program Files\Android\Android Studio\jre\bin\management_ext.dll
0x00007ff9cd520000 - 0x00007ff9cd538000 	C:\WINDOWS\SYSTEM32\CRYPTSP.dll
0x00007ff9ccc40000 - 0x00007ff9ccc74000 	C:\WINDOWS\system32\rsaenh.dll
0x00007ff9cde10000 - 0x00007ff9cde37000 	C:\WINDOWS\System32\bcrypt.dll
0x00007ff9cda30000 - 0x00007ff9cda5e000 	C:\WINDOWS\SYSTEM32\USERENV.dll
0x00007ff9cd540000 - 0x00007ff9cd54c000 	C:\WINDOWS\SYSTEM32\CRYPTBASE.dll
0x00007ff9ccfd0000 - 0x00007ff9cd00b000 	C:\WINDOWS\SYSTEM32\IPHLPAPI.DLL
0x00007ff9cf110000 - 0x00007ff9cf118000 	C:\WINDOWS\System32\NSI.dll
0x00007ff9c6530000 - 0x00007ff9c6547000 	C:\WINDOWS\SYSTEM32\dhcpcsvc6.DLL
0x00007ff9c6900000 - 0x00007ff9c691d000 	C:\WINDOWS\SYSTEM32\dhcpcsvc.DLL
0x00007ff9cd070000 - 0x00007ff9cd13a000 	C:\WINDOWS\SYSTEM32\DNSAPI.dll

dbghelp: loaded successfully - version: 4.0.5 - missing functions: none
symbol engine: initialized successfully - sym options: 0x614 - pdb path: .;C:\Program Files\Android\Android Studio\jre\bin;C:\WINDOWS\SYSTEM32;C:\WINDOWS\WinSxS\amd64_microsoft.windows.common-controls_6595b64144ccf1df_6.0.19041.1110_none_60b5254171f9507e;C:\Program Files\Android\Android Studio\jre\bin\server;C:\Users\DELL\.gradle\native\e1d6ef7f7dcc3fd88c89a11ec53ec762bb8ba0a96d01ffa2cd45eb1d1d8dd5c5\windows-amd64;C:\Users\DELL\.gradle\native\5664cfc778a61ccfe75a443a1ab52a65af34e5dc3c78e0209fed803814484fcb\windows-amd64

VM Arguments:
jvm_args: --add-opens=java.base/java.util=ALL-UNNAMED --add-opens=java.base/java.lang=ALL-UNNAMED --add-opens=java.base/java.lang.invoke=ALL-UNNAMED --add-opens=java.base/java.util=ALL-UNNAMED --add-opens=java.prefs/java.util.prefs=ALL-UNNAMED --add-opens=java.prefs/java.util.prefs=ALL-UNNAMED --add-opens=java.base/java.nio.charset=ALL-UNNAMED --add-opens=java.base/java.net=ALL-UNNAMED --add-opens=java.base/java.util.concurrent.atomic=ALL-UNNAMED -Xmx2048m -Dfile.encoding=UTF-8 -Duser.country=CI -Duser.language=fr -Duser.variant 
java_command: org.gradle.launcher.daemon.bootstrap.GradleDaemon 7.2
java_class_path (initial): C:\Users\DELL\.gradle\wrapper\dists\gradle-7.2-bin\2dnblmf4td7x66yl1d74lt32g\gradle-7.2\lib\gradle-launcher-7.2.jar
Launcher Type: SUN_STANDARD

[Global flags]
     intx CICompilerCount                          = 3                                         {product} {ergonomic}
     uint ConcGCThreads                            = 1                                         {product} {ergonomic}
     uint G1ConcRefinementThreads                  = 4                                         {product} {ergonomic}
   size_t G1HeapRegionSize                         = 1048576                                   {product} {ergonomic}
    uintx GCDrainStackTargetSize                   = 64                                        {product} {ergonomic}
   size_t InitialHeapSize                          = 130023424                                 {product} {ergonomic}
   size_t MarkStackSize                            = 4194304                                   {product} {ergonomic}
   size_t MaxHeapSize                              = 2147483648                                {product} {command line}
   size_t MaxNewSize                               = 1287651328                                {product} {ergonomic}
   size_t MinHeapDeltaBytes                        = 1048576                                   {product} {ergonomic}
    uintx NonNMethodCodeHeapSize                   = 5830732                                {pd product} {ergonomic}
    uintx NonProfiledCodeHeapSize                  = 122913754                              {pd product} {ergonomic}
    uintx ProfiledCodeHeapSize                     = 122913754                              {pd product} {ergonomic}
    uintx ReservedCodeCacheSize                    = 251658240                              {pd product} {ergonomic}
     bool SegmentedCodeCache                       = true                                      {product} {ergonomic}
     bool UseCompressedClassPointers               = true                                 {lp64_product} {ergonomic}
     bool UseCompressedOops                        = true                                 {lp64_product} {ergonomic}
     bool UseG1GC                                  = true                                      {product} {ergonomic}
     bool UseLargePagesIndividualAllocation        = false                                  {pd product} {ergonomic}

Logging:
Log output configuration:
 #0: stdout all=warning uptime,level,tags
 #1: stderr all=off uptime,level,tags

Environment Variables:
CLASSPATH=C:\LINGO64_18\Lingo18.jar
PATH=C:\WINDOWS\system32;C:\WINDOWS;C:\WINDOWS\System32\Wbem;C:\WINDOWS\System32\WindowsPowerShell\v1.0\;C:\WINDOWS\System32\OpenSSH\;C:\Program Files (x86)\Intel\Intel(R) Management Engine Components\DAL;C:\Program Files\Intel\Intel(R) Management Engine Components\DAL;C:\LINGO64_18\;C:\Program Files\Git\cmd;C:\Users\DELL\AppData\Local\Microsoft\WindowsApps;C:\Users\DELL\AppData\Local\Programs\Microsoft VS Code\bin;C:\Program Files\PyCharm Community Edition 2020.2.3\bin;;C:\Users\DELL\AppData\Local\GitHubDesktop\bin
USERNAME=DELL
OS=Windows_NT
PROCESSOR_IDENTIFIER=Intel64 Family 6 Model 61 Stepping 4, GenuineIntel



---------------  S Y S T E M  ---------------

OS: Windows 10 , 64 bit Build 19041 (10.0.19041.1566)
OS uptime: 0 days 15:47 hours

CPU:total 4 (initial active 4) (2 cores per cpu, 2 threads per core) family 6 model 61 stepping 4 microcode 0x2d, cmov, cx8, fxsr, mmx, sse, sse2, sse3, ssse3, sse4.1, sse4.2, popcnt, avx, avx2, aes, clmul, erms, rtm, 3dnowpref, lzcnt, ht, tsc, tscinvbit, bmi1, bmi2, adx, fma

Memory: 4k page, system-wide physical 7887M (709M free)
TotalPageFile size 9256M (AvailPageFile size 14M)
current process WorkingSet (physical memory assigned to process): 434M, peak: 434M
current process commit charge ("private bytes"): 484M, peak: 520M

vm_info: OpenJDK 64-Bit Server VM (11.0.11+9-b60-7590822) for windows-amd64 JRE (11.0.11+9-b60-7590822), built on Jul 29 2021 21:43:44 by "builder" with MS VC++ 14.0 (VS2015)

END.
